#
# There is insufficient memory for the Java Runtime Environment to continue.
# Native memory allocation (mmap) failed to map 65536 bytes for Failed to commit metaspace.
# Possible reasons:
#   The system is out of physical RAM or swap space
#   The process is running with CompressedOops enabled, and the Java Heap may be blocking the growth of the native heap
# Possible solutions:
#   Reduce memory load on the system
#   Increase physical memory or swap space
#   Check if swap backing store is full
#   Decrease Java heap size (-Xmx/-Xms)
#   Decrease number of Java threads
#   Decrease Java thread stack sizes (-Xss)
#   Set larger code cache with -XX:ReservedCodeCacheSize=
#   JVM is running with Unscaled Compressed Oops mode in which the Java heap is
#     placed in the first 4GB address space. The Java Heap base address is the
#     maximum limit for the native heap growth. Please use -XX:HeapBaseMinAddress
#     to set the Java Heap base and to place the Java Heap above 4GB virtual address.
# This output file may be truncated or incomplete.
#
#  Out of Memory Error (virtualSpaceNode.cpp:110), pid=18116, tid=10004
#
# JRE version: Java(TM) SE Runtime Environment (17.0.2+8) (build 17.0.2+8-LTS-86)
# Java VM: Java HotSpot(TM) 64-Bit Server VM (17.0.2+8-LTS-86, mixed mode, emulated-client, sharing, tiered, compressed oops, compressed class ptrs, g1 gc, windows-amd64)
# No core dump will be written. Minidumps are not enabled by default on client versions of Windows
#

---------------  S U M M A R Y ------------

Command Line: -XX:TieredStopAtLevel=1 com.pruebatecnica.PruebaRestSpringApplication

Host: AMD FX(tm)-6300 Six-Core Processor             , 6 cores, 7G,  Windows 10 , 64 bit Build 19041 (10.0.19041.3031)
Time: Sat May 11 00:54:53 2024 Hora est. Pacífico, Sudamérica elapsed time: 0.186867 seconds (0d 0h 0m 0s)

---------------  T H R E A D  ---------------

Current thread (0x00000212c0934530):  JavaThread "main" [_thread_in_vm, id=10004, stack(0x00000061afb00000,0x00000061afc00000)]

Stack: [0x00000061afb00000,0x00000061afc00000]
Native frames: (J=compiled Java code, j=interpreted, Vv=VM code, C=native code)
V  [jvm.dll+0x670baa]
V  [jvm.dll+0x7cfcb4]
V  [jvm.dll+0x7d145e]
V  [jvm.dll+0x7d1ac3]
V  [jvm.dll+0x242bc5]
V  [jvm.dll+0x7cbc5b]
V  [jvm.dll+0x616966]
V  [jvm.dll+0x6169ca]
V  [jvm.dll+0x6191da]
V  [jvm.dll+0x617306]
V  [jvm.dll+0x628019]
V  [jvm.dll+0x621324]
V  [jvm.dll+0x37bb61]
C  0x00000212c816c27e

Java frames: (J=compiled Java code, j=interpreted, Vv=VM code)
j  java.lang.Throwable$WrappedPrintStream.lock()Ljava/lang/Object;+0 java.base@17.0.2
j  java.lang.Throwable.printStackTrace(Ljava/lang/Throwable$PrintStreamOrWriter;)V+20 java.base@17.0.2
j  java.lang.Throwable.printStackTrace(Ljava/io/PrintStream;)V+9 java.base@17.0.2
j  java.lang.ThreadGroup.uncaughtException(Ljava/lang/Thread;Ljava/lang/Throwable;)V+82 java.base@17.0.2
j  java.lang.ThreadGroup.uncaughtException(Ljava/lang/Thread;Ljava/lang/Throwable;)V+13 java.base@17.0.2
j  java.lang.Thread.dispatchUncaughtException(Ljava/lang/Throwable;)V+6 java.base@17.0.2
v  ~StubRoutines::call_stub

---------------  P R O C E S S  ---------------

Threads class SMR info:
_java_thread_list=0x00000212d384bf40, length=12, elements={
0x00000212c0934530, 0x00000212d2534010, 0x00000212d2534e80, 0x00000212d254e180,
0x00000212d254ed30, 0x00000212d2552700, 0x00000212d25530b0, 0x00000212d255af70,
0x00000212d2569da0, 0x00000212d38564a0, 0x00000212d3869480, 0x00000212d386a310
}

Java Threads: ( => current thread )
=>0x00000212c0934530 JavaThread "main" [_thread_in_vm, id=10004, stack(0x00000061afb00000,0x00000061afc00000)]
  0x00000212d2534010 JavaThread "Reference Handler" daemon [_thread_blocked, id=14320, stack(0x00000061b0100000,0x00000061b0200000)]
  0x00000212d2534e80 JavaThread "Finalizer" daemon [_thread_blocked, id=9756, stack(0x00000061b0200000,0x00000061b0300000)]
  0x00000212d254e180 JavaThread "Signal Dispatcher" daemon [_thread_blocked, id=208, stack(0x00000061b0300000,0x00000061b0400000)]
  0x00000212d254ed30 JavaThread "Attach Listener" daemon [_thread_blocked, id=4276, stack(0x00000061b0400000,0x00000061b0500000)]
  0x00000212d2552700 JavaThread "Service Thread" daemon [_thread_blocked, id=18076, stack(0x00000061b0500000,0x00000061b0600000)]
  0x00000212d25530b0 JavaThread "Monitor Deflation Thread" daemon [_thread_blocked, id=18388, stack(0x00000061b0600000,0x00000061b0700000)]
  0x00000212d255af70 JavaThread "C1 CompilerThread0" daemon [_thread_blocked, id=13660, stack(0x00000061b0700000,0x00000061b0800000)]
  0x00000212d2569da0 JavaThread "Sweeper thread" daemon [_thread_blocked, id=8756, stack(0x00000061b0800000,0x00000061b0900000)]
  0x00000212d38564a0 JavaThread "C1 CompilerThread1" daemon [_thread_blocked, id=6276, stack(0x00000061b0900000,0x00000061b0a00000)]
  0x00000212d3869480 JavaThread "Notification Thread" daemon [_thread_blocked, id=19112, stack(0x00000061b0a00000,0x00000061b0b00000)]
  0x00000212d386a310 JavaThread "Common-Cleaner" daemon [_thread_blocked, id=16724, stack(0x00000061b0c00000,0x00000061b0d00000)]

Other Threads:
  0x00000212d2530010 VMThread "VM Thread" [stack: 0x00000061b0000000,0x00000061b0100000] [id=19128]
  0x00000212be610a60 WatcherThread [stack: 0x00000061b0b00000,0x00000061b0c00000] [id=17704]
  0x00000212c096bd10 GCTaskThread "GC Thread#0" [stack: 0x00000061afa00000,0x00000061afb00000] [id=1944]
  0x00000212c097caa0 ConcurrentGCThread "G1 Main Marker" [stack: 0x00000061afc00000,0x00000061afd00000] [id=7056]
  0x00000212c097e020 ConcurrentGCThread "G1 Conc#0" [stack: 0x00000061afd00000,0x00000061afe00000] [id=17352]
  0x00000212c09dd8e0 ConcurrentGCThread "G1 Refine#0" [stack: 0x00000061afe00000,0x00000061aff00000] [id=18332]
  0x00000212c09de300 ConcurrentGCThread "G1 Service" [stack: 0x00000061aff00000,0x00000061b0000000] [id=9728]

Threads with active compile tasks:

VM state: not at safepoint (normal execution)

VM Mutex/Monitor currently owned by a thread:  ([mutex/lock_event])
[0x00000212c092f6f0] Metaspace_lock - owner thread: 0x00000212c0934530

OutOfMemory and StackOverflow Exception counts:
OutOfMemoryError java_heap_errors=1

Heap address: 0x0000000080a00000, size: 2038 MB, Compressed Oops mode: 32-bit

CDS archive(s) mapped at: [0x0000000800000000-0x0000000800bc0000-0x0000000800bc0000), size 12320768, SharedBaseAddress: 0x0000000800000000, ArchiveRelocationMode: 0.
Compressed class space mapped at: 0x0000000800c00000-0x0000000840c00000, reserved size: 1073741824
Narrow klass base: 0x0000000800000000, Narrow klass shift: 0, Narrow klass range: 0x100000000

GC Precious Log:
 CPUs: 6 total, 6 available
 Memory: 8149M
 Large Page Support: Disabled
 NUMA Support: Disabled
 Compressed Oops: Enabled (32-bit)
 Heap Region Size: 1M
 Heap Min Capacity: 8M
 Heap Initial Capacity: 128M
 Heap Max Capacity: 2038M
 Pre-touch: Disabled
 Parallel Workers: 6
 Concurrent Workers: 2
 Concurrent Refinement Workers: 6
 Periodic GC: Disabled

Heap:
 garbage-first heap   total 131072K, used 4096K [0x0000000080a00000, 0x0000000100000000)
  region size 1024K, 4 young (4096K), 0 survivors (0K)
 Metaspace       used 207K, committed 384K, reserved 1056768K
  class space    used 14K, committed 128K, reserved 1048576K

Heap Regions: E=young(eden), S=young(survivor), O=old, HS=humongous(starts), HC=humongous(continues), CS=collection set, F=free, OA=open archive, CA=closed archive, TAMS=top-at-mark-start (previous, next)
|   0|0x0000000080a00000, 0x0000000080b00000, 0x0000000080b00000|100%|HS|  |TAMS 0x0000000080a00000, 0x0000000080a00000| Complete 
|   1|0x0000000080b00000, 0x0000000080b00000, 0x0000000080c00000|  0%| F|  |TAMS 0x0000000080b00000, 0x0000000080b00000| Untracked 
|   2|0x0000000080c00000, 0x0000000080c00000, 0x0000000080d00000|  0%| F|  |TAMS 0x0000000080c00000, 0x0000000080c00000| Untracked 
|   3|0x0000000080d00000, 0x0000000080d00000, 0x0000000080e00000|  0%| F|  |TAMS 0x0000000080d00000, 0x0000000080d00000| Untracked 
|   4|0x0000000080e00000, 0x0000000080e00000, 0x0000000080f00000|  0%| F|  |TAMS 0x0000000080e00000, 0x0000000080e00000| Untracked 
|   5|0x0000000080f00000, 0x0000000080f00000, 0x0000000081000000|  0%| F|  |TAMS 0x0000000080f00000, 0x0000000080f00000| Untracked 
|   6|0x0000000081000000, 0x0000000081000000, 0x0000000081100000|  0%| F|  |TAMS 0x0000000081000000, 0x0000000081000000| Untracked 
|   7|0x0000000081100000, 0x0000000081100000, 0x0000000081200000|  0%| F|  |TAMS 0x0000000081100000, 0x0000000081100000| Untracked 
|   8|0x0000000081200000, 0x0000000081200000, 0x0000000081300000|  0%| F|  |TAMS 0x0000000081200000, 0x0000000081200000| Untracked 
|   9|0x0000000081300000, 0x0000000081300000, 0x0000000081400000|  0%| F|  |TAMS 0x0000000081300000, 0x0000000081300000| Untracked 
|  10|0x0000000081400000, 0x0000000081400000, 0x0000000081500000|  0%| F|  |TAMS 0x0000000081400000, 0x0000000081400000| Untracked 
|  11|0x0000000081500000, 0x0000000081500000, 0x0000000081600000|  0%| F|  |TAMS 0x0000000081500000, 0x0000000081500000| Untracked 
|  12|0x0000000081600000, 0x0000000081600000, 0x0000000081700000|  0%| F|  |TAMS 0x0000000081600000, 0x0000000081600000| Untracked 
|  13|0x0000000081700000, 0x0000000081700000, 0x0000000081800000|  0%| F|  |TAMS 0x0000000081700000, 0x0000000081700000| Untracked 
|  14|0x0000000081800000, 0x0000000081800000, 0x0000000081900000|  0%| F|  |TAMS 0x0000000081800000, 0x0000000081800000| Untracked 
|  15|0x0000000081900000, 0x0000000081900000, 0x0000000081a00000|  0%| F|  |TAMS 0x0000000081900000, 0x0000000081900000| Untracked 
|  16|0x0000000081a00000, 0x0000000081a00000, 0x0000000081b00000|  0%| F|  |TAMS 0x0000000081a00000, 0x0000000081a00000| Untracked 
|  17|0x0000000081b00000, 0x0000000081b00000, 0x0000000081c00000|  0%| F|  |TAMS 0x0000000081b00000, 0x0000000081b00000| Untracked 
|  18|0x0000000081c00000, 0x0000000081c00000, 0x0000000081d00000|  0%| F|  |TAMS 0x0000000081c00000, 0x0000000081c00000| Untracked 
|  19|0x0000000081d00000, 0x0000000081d00000, 0x0000000081e00000|  0%| F|  |TAMS 0x0000000081d00000, 0x0000000081d00000| Untracked 
|  20|0x0000000081e00000, 0x0000000081e00000, 0x0000000081f00000|  0%| F|  |TAMS 0x0000000081e00000, 0x0000000081e00000| Untracked 
|  21|0x0000000081f00000, 0x0000000081f00000, 0x0000000082000000|  0%| F|  |TAMS 0x0000000081f00000, 0x0000000081f00000| Untracked 
|  22|0x0000000082000000, 0x0000000082000000, 0x0000000082100000|  0%| F|  |TAMS 0x0000000082000000, 0x0000000082000000| Untracked 
|  23|0x0000000082100000, 0x0000000082100000, 0x0000000082200000|  0%| F|  |TAMS 0x0000000082100000, 0x0000000082100000| Untracked 
|  24|0x0000000082200000, 0x0000000082200000, 0x0000000082300000|  0%| F|  |TAMS 0x0000000082200000, 0x0000000082200000| Untracked 
|  25|0x0000000082300000, 0x0000000082300000, 0x0000000082400000|  0%| F|  |TAMS 0x0000000082300000, 0x0000000082300000| Untracked 
|  26|0x0000000082400000, 0x0000000082400000, 0x0000000082500000|  0%| F|  |TAMS 0x0000000082400000, 0x0000000082400000| Untracked 
|  27|0x0000000082500000, 0x0000000082500000, 0x0000000082600000|  0%| F|  |TAMS 0x0000000082500000, 0x0000000082500000| Untracked 
|  28|0x0000000082600000, 0x0000000082600000, 0x0000000082700000|  0%| F|  |TAMS 0x0000000082600000, 0x0000000082600000| Untracked 
|  29|0x0000000082700000, 0x0000000082700000, 0x0000000082800000|  0%| F|  |TAMS 0x0000000082700000, 0x0000000082700000| Untracked 
|  30|0x0000000082800000, 0x0000000082800000, 0x0000000082900000|  0%| F|  |TAMS 0x0000000082800000, 0x0000000082800000| Untracked 
|  31|0x0000000082900000, 0x0000000082900000, 0x0000000082a00000|  0%| F|  |TAMS 0x0000000082900000, 0x0000000082900000| Untracked 
|  32|0x0000000082a00000, 0x0000000082a00000, 0x0000000082b00000|  0%| F|  |TAMS 0x0000000082a00000, 0x0000000082a00000| Untracked 
|  33|0x0000000082b00000, 0x0000000082b00000, 0x0000000082c00000|  0%| F|  |TAMS 0x0000000082b00000, 0x0000000082b00000| Untracked 
|  34|0x0000000082c00000, 0x0000000082c00000, 0x0000000082d00000|  0%| F|  |TAMS 0x0000000082c00000, 0x0000000082c00000| Untracked 
|  35|0x0000000082d00000, 0x0000000082d00000, 0x0000000082e00000|  0%| F|  |TAMS 0x0000000082d00000, 0x0000000082d00000| Untracked 
|  36|0x0000000082e00000, 0x0000000082e00000, 0x0000000082f00000|  0%| F|  |TAMS 0x0000000082e00000, 0x0000000082e00000| Untracked 
|  37|0x0000000082f00000, 0x0000000082f00000, 0x0000000083000000|  0%| F|  |TAMS 0x0000000082f00000, 0x0000000082f00000| Untracked 
|  38|0x0000000083000000, 0x0000000083000000, 0x0000000083100000|  0%| F|  |TAMS 0x0000000083000000, 0x0000000083000000| Untracked 
|  39|0x0000000083100000, 0x0000000083100000, 0x0000000083200000|  0%| F|  |TAMS 0x0000000083100000, 0x0000000083100000| Untracked 
|  40|0x0000000083200000, 0x0000000083200000, 0x0000000083300000|  0%| F|  |TAMS 0x0000000083200000, 0x0000000083200000| Untracked 
|  41|0x0000000083300000, 0x0000000083300000, 0x0000000083400000|  0%| F|  |TAMS 0x0000000083300000, 0x0000000083300000| Untracked 
|  42|0x0000000083400000, 0x0000000083400000, 0x0000000083500000|  0%| F|  |TAMS 0x0000000083400000, 0x0000000083400000| Untracked 
|  43|0x0000000083500000, 0x0000000083500000, 0x0000000083600000|  0%| F|  |TAMS 0x0000000083500000, 0x0000000083500000| Untracked 
|  44|0x0000000083600000, 0x0000000083600000, 0x0000000083700000|  0%| F|  |TAMS 0x0000000083600000, 0x0000000083600000| Untracked 
|  45|0x0000000083700000, 0x0000000083700000, 0x0000000083800000|  0%| F|  |TAMS 0x0000000083700000, 0x0000000083700000| Untracked 
|  46|0x0000000083800000, 0x0000000083800000, 0x0000000083900000|  0%| F|  |TAMS 0x0000000083800000, 0x0000000083800000| Untracked 
|  47|0x0000000083900000, 0x0000000083900000, 0x0000000083a00000|  0%| F|  |TAMS 0x0000000083900000, 0x0000000083900000| Untracked 
|  48|0x0000000083a00000, 0x0000000083a00000, 0x0000000083b00000|  0%| F|  |TAMS 0x0000000083a00000, 0x0000000083a00000| Untracked 
|  49|0x0000000083b00000, 0x0000000083b00000, 0x0000000083c00000|  0%| F|  |TAMS 0x0000000083b00000, 0x0000000083b00000| Untracked 
|  50|0x0000000083c00000, 0x0000000083c00000, 0x0000000083d00000|  0%| F|  |TAMS 0x0000000083c00000, 0x0000000083c00000| Untracked 
|  51|0x0000000083d00000, 0x0000000083d00000, 0x0000000083e00000|  0%| F|  |TAMS 0x0000000083d00000, 0x0000000083d00000| Untracked 
|  52|0x0000000083e00000, 0x0000000083e00000, 0x0000000083f00000|  0%| F|  |TAMS 0x0000000083e00000, 0x0000000083e00000| Untracked 
|  53|0x0000000083f00000, 0x0000000083f00000, 0x0000000084000000|  0%| F|  |TAMS 0x0000000083f00000, 0x0000000083f00000| Untracked 
|  54|0x0000000084000000, 0x0000000084000000, 0x0000000084100000|  0%| F|  |TAMS 0x0000000084000000, 0x0000000084000000| Untracked 
|  55|0x0000000084100000, 0x0000000084100000, 0x0000000084200000|  0%| F|  |TAMS 0x0000000084100000, 0x0000000084100000| Untracked 
|  56|0x0000000084200000, 0x0000000084200000, 0x0000000084300000|  0%| F|  |TAMS 0x0000000084200000, 0x0000000084200000| Untracked 
|  57|0x0000000084300000, 0x0000000084300000, 0x0000000084400000|  0%| F|  |TAMS 0x0000000084300000, 0x0000000084300000| Untracked 
|  58|0x0000000084400000, 0x0000000084400000, 0x0000000084500000|  0%| F|  |TAMS 0x0000000084400000, 0x0000000084400000| Untracked 
|  59|0x0000000084500000, 0x0000000084500000, 0x0000000084600000|  0%| F|  |TAMS 0x0000000084500000, 0x0000000084500000| Untracked 
|  60|0x0000000084600000, 0x0000000084600000, 0x0000000084700000|  0%| F|  |TAMS 0x0000000084600000, 0x0000000084600000| Untracked 
|  61|0x0000000084700000, 0x0000000084700000, 0x0000000084800000|  0%| F|  |TAMS 0x0000000084700000, 0x0000000084700000| Untracked 
|  62|0x0000000084800000, 0x0000000084800000, 0x0000000084900000|  0%| F|  |TAMS 0x0000000084800000, 0x0000000084800000| Untracked 
|  63|0x0000000084900000, 0x0000000084900000, 0x0000000084a00000|  0%| F|  |TAMS 0x0000000084900000, 0x0000000084900000| Untracked 
|  64|0x0000000084a00000, 0x0000000084a00000, 0x0000000084b00000|  0%| F|  |TAMS 0x0000000084a00000, 0x0000000084a00000| Untracked 
|  65|0x0000000084b00000, 0x0000000084b00000, 0x0000000084c00000|  0%| F|  |TAMS 0x0000000084b00000, 0x0000000084b00000| Untracked 
|  66|0x0000000084c00000, 0x0000000084c00000, 0x0000000084d00000|  0%| F|  |TAMS 0x0000000084c00000, 0x0000000084c00000| Untracked 
|  67|0x0000000084d00000, 0x0000000084d00000, 0x0000000084e00000|  0%| F|  |TAMS 0x0000000084d00000, 0x0000000084d00000| Untracked 
|  68|0x0000000084e00000, 0x0000000084e00000, 0x0000000084f00000|  0%| F|  |TAMS 0x0000000084e00000, 0x0000000084e00000| Untracked 
|  69|0x0000000084f00000, 0x0000000084f00000, 0x0000000085000000|  0%| F|  |TAMS 0x0000000084f00000, 0x0000000084f00000| Untracked 
|  70|0x0000000085000000, 0x0000000085000000, 0x0000000085100000|  0%| F|  |TAMS 0x0000000085000000, 0x0000000085000000| Untracked 
|  71|0x0000000085100000, 0x0000000085100000, 0x0000000085200000|  0%| F|  |TAMS 0x0000000085100000, 0x0000000085100000| Untracked 
|  72|0x0000000085200000, 0x0000000085200000, 0x0000000085300000|  0%| F|  |TAMS 0x0000000085200000, 0x0000000085200000| Untracked 
|  73|0x0000000085300000, 0x0000000085300000, 0x0000000085400000|  0%| F|  |TAMS 0x0000000085300000, 0x0000000085300000| Untracked 
|  74|0x0000000085400000, 0x0000000085400000, 0x0000000085500000|  0%| F|  |TAMS 0x0000000085400000, 0x0000000085400000| Untracked 
|  75|0x0000000085500000, 0x0000000085500000, 0x0000000085600000|  0%| F|  |TAMS 0x0000000085500000, 0x0000000085500000| Untracked 
|  76|0x0000000085600000, 0x0000000085600000, 0x0000000085700000|  0%| F|  |TAMS 0x0000000085600000, 0x0000000085600000| Untracked 
|  77|0x0000000085700000, 0x0000000085700000, 0x0000000085800000|  0%| F|  |TAMS 0x0000000085700000, 0x0000000085700000| Untracked 
|  78|0x0000000085800000, 0x0000000085800000, 0x0000000085900000|  0%| F|  |TAMS 0x0000000085800000, 0x0000000085800000| Untracked 
|  79|0x0000000085900000, 0x0000000085900000, 0x0000000085a00000|  0%| F|  |TAMS 0x0000000085900000, 0x0000000085900000| Untracked 
|  80|0x0000000085a00000, 0x0000000085a00000, 0x0000000085b00000|  0%| F|  |TAMS 0x0000000085a00000, 0x0000000085a00000| Untracked 
|  81|0x0000000085b00000, 0x0000000085b00000, 0x0000000085c00000|  0%| F|  |TAMS 0x0000000085b00000, 0x0000000085b00000| Untracked 
|  82|0x0000000085c00000, 0x0000000085c00000, 0x0000000085d00000|  0%| F|  |TAMS 0x0000000085c00000, 0x0000000085c00000| Untracked 
|  83|0x0000000085d00000, 0x0000000085d00000, 0x0000000085e00000|  0%| F|  |TAMS 0x0000000085d00000, 0x0000000085d00000| Untracked 
|  84|0x0000000085e00000, 0x0000000085e00000, 0x0000000085f00000|  0%| F|  |TAMS 0x0000000085e00000, 0x0000000085e00000| Untracked 
|  85|0x0000000085f00000, 0x0000000085f00000, 0x0000000086000000|  0%| F|  |TAMS 0x0000000085f00000, 0x0000000085f00000| Untracked 
|  86|0x0000000086000000, 0x0000000086000000, 0x0000000086100000|  0%| F|  |TAMS 0x0000000086000000, 0x0000000086000000| Untracked 
|  87|0x0000000086100000, 0x0000000086100000, 0x0000000086200000|  0%| F|  |TAMS 0x0000000086100000, 0x0000000086100000| Untracked 
|  88|0x0000000086200000, 0x0000000086200000, 0x0000000086300000|  0%| F|  |TAMS 0x0000000086200000, 0x0000000086200000| Untracked 
|  89|0x0000000086300000, 0x0000000086300000, 0x0000000086400000|  0%| F|  |TAMS 0x0000000086300000, 0x0000000086300000| Untracked 
|  90|0x0000000086400000, 0x0000000086400000, 0x0000000086500000|  0%| F|  |TAMS 0x0000000086400000, 0x0000000086400000| Untracked 
|  91|0x0000000086500000, 0x0000000086500000, 0x0000000086600000|  0%| F|  |TAMS 0x0000000086500000, 0x0000000086500000| Untracked 
|  92|0x0000000086600000, 0x0000000086600000, 0x0000000086700000|  0%| F|  |TAMS 0x0000000086600000, 0x0000000086600000| Untracked 
|  93|0x0000000086700000, 0x0000000086700000, 0x0000000086800000|  0%| F|  |TAMS 0x0000000086700000, 0x0000000086700000| Untracked 
|  94|0x0000000086800000, 0x0000000086800000, 0x0000000086900000|  0%| F|  |TAMS 0x0000000086800000, 0x0000000086800000| Untracked 
|  95|0x0000000086900000, 0x0000000086900000, 0x0000000086a00000|  0%| F|  |TAMS 0x0000000086900000, 0x0000000086900000| Untracked 
|  96|0x0000000086a00000, 0x0000000086a00000, 0x0000000086b00000|  0%| F|  |TAMS 0x0000000086a00000, 0x0000000086a00000| Untracked 
|  97|0x0000000086b00000, 0x0000000086b00000, 0x0000000086c00000|  0%| F|  |TAMS 0x0000000086b00000, 0x0000000086b00000| Untracked 
|  98|0x0000000086c00000, 0x0000000086c00000, 0x0000000086d00000|  0%| F|  |TAMS 0x0000000086c00000, 0x0000000086c00000| Untracked 
|  99|0x0000000086d00000, 0x0000000086d00000, 0x0000000086e00000|  0%| F|  |TAMS 0x0000000086d00000, 0x0000000086d00000| Untracked 
| 100|0x0000000086e00000, 0x0000000086e00000, 0x0000000086f00000|  0%| F|  |TAMS 0x0000000086e00000, 0x0000000086e00000| Untracked 
| 101|0x0000000086f00000, 0x0000000086f00000, 0x0000000087000000|  0%| F|  |TAMS 0x0000000086f00000, 0x0000000086f00000| Untracked 
| 102|0x0000000087000000, 0x0000000087000000, 0x0000000087100000|  0%| F|  |TAMS 0x0000000087000000, 0x0000000087000000| Untracked 
| 103|0x0000000087100000, 0x0000000087100000, 0x0000000087200000|  0%| F|  |TAMS 0x0000000087100000, 0x0000000087100000| Untracked 
| 104|0x0000000087200000, 0x0000000087200000, 0x0000000087300000|  0%| F|  |TAMS 0x0000000087200000, 0x0000000087200000| Untracked 
| 105|0x0000000087300000, 0x0000000087300000, 0x0000000087400000|  0%| F|  |TAMS 0x0000000087300000, 0x0000000087300000| Untracked 
| 106|0x0000000087400000, 0x0000000087400000, 0x0000000087500000|  0%| F|  |TAMS 0x0000000087400000, 0x0000000087400000| Untracked 
| 107|0x0000000087500000, 0x0000000087500000, 0x0000000087600000|  0%| F|  |TAMS 0x0000000087500000, 0x0000000087500000| Untracked 
| 108|0x0000000087600000, 0x0000000087600000, 0x0000000087700000|  0%| F|  |TAMS 0x0000000087600000, 0x0000000087600000| Untracked 
| 109|0x0000000087700000, 0x0000000087700000, 0x0000000087800000|  0%| F|  |TAMS 0x0000000087700000, 0x0000000087700000| Untracked 
| 110|0x0000000087800000, 0x0000000087800000, 0x0000000087900000|  0%| F|  |TAMS 0x0000000087800000, 0x0000000087800000| Untracked 
| 111|0x0000000087900000, 0x0000000087900000, 0x0000000087a00000|  0%| F|  |TAMS 0x0000000087900000, 0x0000000087900000| Untracked 
| 112|0x0000000087a00000, 0x0000000087a00000, 0x0000000087b00000|  0%| F|  |TAMS 0x0000000087a00000, 0x0000000087a00000| Untracked 
| 113|0x0000000087b00000, 0x0000000087b00000, 0x0000000087c00000|  0%| F|  |TAMS 0x0000000087b00000, 0x0000000087b00000| Untracked 
| 114|0x0000000087c00000, 0x0000000087c00000, 0x0000000087d00000|  0%| F|  |TAMS 0x0000000087c00000, 0x0000000087c00000| Untracked 
| 115|0x0000000087d00000, 0x0000000087d00000, 0x0000000087e00000|  0%| F|  |TAMS 0x0000000087d00000, 0x0000000087d00000| Untracked 
| 116|0x0000000087e00000, 0x0000000087e00000, 0x0000000087f00000|  0%| F|  |TAMS 0x0000000087e00000, 0x0000000087e00000| Untracked 
| 117|0x0000000087f00000, 0x0000000087f00000, 0x0000000088000000|  0%| F|  |TAMS 0x0000000087f00000, 0x0000000087f00000| Untracked 
| 118|0x0000000088000000, 0x0000000088000000, 0x0000000088100000|  0%| F|  |TAMS 0x0000000088000000, 0x0000000088000000| Untracked 
| 119|0x0000000088100000, 0x0000000088100000, 0x0000000088200000|  0%| F|  |TAMS 0x0000000088100000, 0x0000000088100000| Untracked 
| 120|0x0000000088200000, 0x0000000088200000, 0x0000000088300000|  0%| F|  |TAMS 0x0000000088200000, 0x0000000088200000| Untracked 
| 121|0x0000000088300000, 0x0000000088300000, 0x0000000088400000|  0%| F|  |TAMS 0x0000000088300000, 0x0000000088300000| Untracked 
| 122|0x0000000088400000, 0x0000000088400000, 0x0000000088500000|  0%| F|  |TAMS 0x0000000088400000, 0x0000000088400000| Untracked 
| 123|0x0000000088500000, 0x0000000088500000, 0x0000000088600000|  0%| F|  |TAMS 0x0000000088500000, 0x0000000088500000| Untracked 
| 124|0x0000000088600000, 0x0000000088700000, 0x0000000088700000|100%| E|  |TAMS 0x0000000088600000, 0x0000000088600000| Complete 
| 125|0x0000000088700000, 0x0000000088800000, 0x0000000088800000|100%| E|CS|TAMS 0x0000000088700000, 0x0000000088700000| Complete 
| 126|0x0000000088800000, 0x0000000088900000, 0x0000000088900000|100%| E|CS|TAMS 0x0000000088800000, 0x0000000088800000| Complete 
| 127|0x0000000088900000, 0x0000000088a00000, 0x0000000088a00000|100%| E|CS|TAMS 0x0000000088900000, 0x0000000088900000| Complete 

Card table byte_map: [0x00000212cb560000,0x00000212cb960000] _byte_map_base: 0x00000212cb15b000

Marking Bits (Prev, Next): (CMBitMap*) 0x00000212c096c330, (CMBitMap*) 0x00000212c096c370
 Prev Bits: [0x00000212cbd60000, 0x00000212cdd38000)
 Next Bits: [0x00000212cdd40000, 0x00000212cfd18000)

Polling page: 0x00000212be7d0000

Metaspace:

Usage:
  Non-class:    192.88 KB used.
      Class:     14.82 KB used.
       Both:    207.70 KB used.

Virtual space:
  Non-class space:        8.00 MB reserved,     256.00 KB (  3%) committed,  1 nodes.
      Class space:        1.00 GB reserved,     128.00 KB ( <1%) committed,  1 nodes.
             Both:        1.01 GB reserved,     384.00 KB ( <1%) committed. 

Chunk freelists:
   Non-Class:  4.00 MB
       Class:  3.75 MB
        Both:  7.74 MB

MaxMetaspaceSize: unlimited
CompressedClassSpaceSize: 1.00 GB
Initial GC threshold: 21.00 MB
Current GC threshold: 21.00 MB
CDS: on
MetaspaceReclaimPolicy: balanced
 - commit_granule_bytes: 65536.
 - commit_granule_words: 8192.
 - virtual_space_node_default_size: 1048576.
 - enlarge_chunks_in_place: 1.
 - new_chunks_are_fully_committed: 0.
 - uncommit_free_chunks: 1.
 - use_allocation_guard: 0.
 - handle_deallocations: 1.


Internal statistics:

num_allocs_failed_limit: 0.
num_arena_births: 4.
num_arena_deaths: 0.
num_vsnodes_births: 2.
num_vsnodes_deaths: 0.
num_space_committed: 6.
num_space_uncommitted: 0.
num_chunks_returned_to_freelist: 0.
num_chunks_taken_from_freelist: 5.
num_chunk_merges: 0.
num_chunk_splits: 2.
num_chunks_enlarged: 0.
num_purges: 0.
num_inconsistent_stats: 0.

CodeCache: size=49152Kb used=1763Kb max_used=1763Kb free=47388Kb
 bounds [0x00000212c8160000, 0x00000212c83d0000, 0x00000212cb160000]
 total_blobs=447 nmethods=144 adapters=231
 compilation: enabled
              stopped_count=0, restarted_count=0
 full_count=0

Compilation events (20 events):
Event: 0.176 Thread 0x00000212d38564a0  135       1       sun.nio.fs.WindowsPathParser::nextNonSlash (24 bytes)
Event: 0.176 Thread 0x00000212d255af70  136       1       java.lang.StringBuilder::append (10 bytes)
Event: 0.177 Thread 0x00000212d255af70 nmethod 136 0x00000212c8314690 code [0x00000212c8314820, 0x00000212c8314908]
Event: 0.177 Thread 0x00000212d255af70  140       1       java.util.HashMap::get (19 bytes)
Event: 0.177 Thread 0x00000212d255af70 nmethod 140 0x00000212c8314990 code [0x00000212c8314b40, 0x00000212c8314c68]
Event: 0.177 Thread 0x00000212d255af70  137       1       java.lang.AbstractStringBuilder::append (63 bytes)
Event: 0.177 Thread 0x00000212d38564a0 nmethod 135 0x00000212c8314d10 code [0x00000212c8314ec0, 0x00000212c8315138]
Event: 0.177 Thread 0x00000212d38564a0  138       1       java.lang.AbstractStringBuilder::checkRange (63 bytes)
Event: 0.177 Thread 0x00000212d255af70 nmethod 137 0x00000212c8315390 code [0x00000212c8315560, 0x00000212c83157a8]
Event: 0.177 Thread 0x00000212d255af70  139       1       java.lang.AbstractStringBuilder::appendChars (207 bytes)
Event: 0.177 Thread 0x00000212d38564a0 nmethod 138 0x00000212c8315910 code [0x00000212c8315b20, 0x00000212c8315f58]
Event: 0.177 Thread 0x00000212d38564a0  141       1       java.util.jar.Manifest$FastInputStream::readLine (296 bytes)
Event: 0.178 Thread 0x00000212d255af70 nmethod 139 0x00000212c8316190 code [0x00000212c83163a0, 0x00000212c8316a88]
Event: 0.178 Thread 0x00000212d255af70  142       1       java.lang.String::checkBoundsOffCount (64 bytes)
Event: 0.178 Thread 0x00000212d38564a0 nmethod 141 0x00000212c8316e90 code [0x00000212c8317060, 0x00000212c8317508]
Event: 0.178 Thread 0x00000212d38564a0  143       1       java.net.URL::getProtocol (5 bytes)
Event: 0.179 Thread 0x00000212d38564a0 nmethod 143 0x00000212c8317810 code [0x00000212c83179a0, 0x00000212c8317a78]
Event: 0.179 Thread 0x00000212d255af70 nmethod 142 0x00000212c8317b10 code [0x00000212c8317d20, 0x00000212c8318158]
Event: 0.183 Thread 0x00000212d255af70  144       1       java.lang.StringLatin1::inflate (34 bytes)
Event: 0.183 Thread 0x00000212d255af70 nmethod 144 0x00000212c8318990 code [0x00000212c8318b20, 0x00000212c8318c58]

GC Heap History (0 events):
No events

Deoptimization events (0 events):
No events

Classes unloaded (0 events):
No events

Classes redefined (0 events):
No events

Internal exceptions (1 events):
Event: 0.182 Thread 0x00000212c0934530 Exception <a 'java/lang/OutOfMemoryError'{0x00000000886d08c0}> (0x00000000886d08c0) 
thrown [t:\workspace\open\src\hotspot\share\prims\jni.cpp, line 535]

VM Operations (2 events):
Event: 0.139 Executing VM operation: HandshakeAllThreads
Event: 0.139 Executing VM operation: HandshakeAllThreads done

Events (20 events):
Event: 0.119 Thread 0x00000212d386a310 Thread added: 0x00000212d386a310
Event: 0.127 Loaded shared library C:\Program Files\Java\jdk-17.0.2\bin\net.dll
Event: 0.129 Loaded shared library C:\Program Files\Java\jdk-17.0.2\bin\nio.dll
Event: 0.135 Loaded shared library C:\Program Files\Java\jdk-17.0.2\bin\zip.dll
Event: 0.153 loading class java/io/BufferedReader
Event: 0.153 loading class java/io/Reader
Event: 0.153 loading class java/io/Reader done
Event: 0.153 loading class java/io/BufferedReader done
Event: 0.154 loading class java/io/InputStreamReader
Event: 0.154 loading class java/io/InputStreamReader done
Event: 0.154 loading class sun/nio/cs/StreamDecoder
Event: 0.154 loading class sun/nio/cs/StreamDecoder done
Event: 0.154 loading class java/util/Vector
Event: 0.154 loading class java/util/Vector done
Event: 0.183 loading class java/io/IOException
Event: 0.183 loading class java/io/IOException done
Event: 0.183 loading class java/lang/Throwable$WrappedPrintStream
Event: 0.183 loading class java/lang/Throwable$PrintStreamOrWriter
Event: 0.183 loading class java/lang/Throwable$PrintStreamOrWriter done
Event: 0.183 loading class java/lang/Throwable$WrappedPrintStream done


Dynamic libraries:
0x00007ff6adb70000 - 0x00007ff6adb80000 	C:\Program Files\Java\jdk-17.0.2\bin\java.exe
0x00007ffa5eef0000 - 0x00007ffa5f0e8000 	C:\Windows\SYSTEM32\ntdll.dll
0x00007ffa5ea00000 - 0x00007ffa5eabf000 	C:\Windows\System32\KERNEL32.DLL
0x00007ffa5ca20000 - 0x00007ffa5cd16000 	C:\Windows\System32\KERNELBASE.dll
0x00007ffa5cd20000 - 0x00007ffa5ce20000 	C:\Windows\System32\ucrtbase.dll
0x00007ffa2d340000 - 0x00007ffa2d358000 	C:\Program Files\Java\jdk-17.0.2\bin\jli.dll
0x00007ffa5d990000 - 0x00007ffa5da3f000 	C:\Windows\System32\ADVAPI32.dll
0x00007ffa5ede0000 - 0x00007ffa5ee7e000 	C:\Windows\System32\msvcrt.dll
0x00007ffa5d0d0000 - 0x00007ffa5d16c000 	C:\Windows\System32\sechost.dll
0x00007ffa5e8d0000 - 0x00007ffa5e9f6000 	C:\Windows\System32\RPCRT4.dll
0x00007ffa5cf30000 - 0x00007ffa5d0cd000 	C:\Windows\System32\USER32.dll
0x00007ffa5c970000 - 0x00007ffa5c992000 	C:\Windows\System32\win32u.dll
0x00007ffa5e080000 - 0x00007ffa5e0ac000 	C:\Windows\System32\GDI32.dll
0x00007ffa5c7a0000 - 0x00007ffa5c8b5000 	C:\Windows\System32\gdi32full.dll
0x00007ffa5c700000 - 0x00007ffa5c79d000 	C:\Windows\System32\msvcp_win.dll
0x00007ffa58c50000 - 0x00007ffa58c6a000 	C:\Program Files\Java\jdk-17.0.2\bin\VCRUNTIME140.dll
0x00007ffa4e120000 - 0x00007ffa4e3ba000 	C:\Windows\WinSxS\amd64_microsoft.windows.common-controls_6595b64144ccf1df_6.0.19041.1110_none_60b5254171f9507e\COMCTL32.dll
0x00007ffa57330000 - 0x00007ffa5733a000 	C:\Windows\SYSTEM32\VERSION.dll
0x00007ffa5e050000 - 0x00007ffa5e080000 	C:\Windows\System32\IMM32.DLL
0x00007ffa40760000 - 0x00007ffa40878000 	C:\Program Files (x86)\Citrix\ICA Client\epclient64.dll
0x00007ffa5b6b0000 - 0x00007ffa5b6e3000 	C:\Windows\SYSTEM32\ntmarta.dll
0x00007ffa57320000 - 0x00007ffa5732c000 	C:\Program Files\Java\jdk-17.0.2\bin\vcruntime140_1.dll
0x00007ffa500d0000 - 0x00007ffa5015d000 	C:\Program Files\Java\jdk-17.0.2\bin\msvcp140.dll
0x00007ffa062b0000 - 0x00007ffa06e71000 	C:\Program Files\Java\jdk-17.0.2\bin\server\jvm.dll
0x00007ffa5e830000 - 0x00007ffa5e838000 	C:\Windows\System32\PSAPI.DLL
0x00007ffa3fbf0000 - 0x00007ffa3fbf9000 	C:\Windows\SYSTEM32\WSOCK32.dll
0x00007ffa5e840000 - 0x00007ffa5e8ab000 	C:\Windows\System32\WS2_32.dll
0x00007ffa50970000 - 0x00007ffa50997000 	C:\Windows\SYSTEM32\WINMM.dll
0x00007ffa5ae30000 - 0x00007ffa5ae42000 	C:\Windows\SYSTEM32\kernel.appcore.dll
0x00007ffa57210000 - 0x00007ffa5721a000 	C:\Program Files\Java\jdk-17.0.2\bin\jimage.dll
0x00007ffa5a960000 - 0x00007ffa5ab44000 	C:\Windows\SYSTEM32\DBGHELP.DLL
0x00007ffa3f820000 - 0x00007ffa3f854000 	C:\Windows\SYSTEM32\dbgcore.DLL
0x00000212be740000 - 0x00000212be7c2000 	C:\Windows\System32\bcryptPrimitives.dll
0x00007ffa53030000 - 0x00007ffa53055000 	C:\Program Files\Java\jdk-17.0.2\bin\java.dll
0x00007ffa4f590000 - 0x00007ffa4f666000 	C:\Program Files\Java\jdk-17.0.2\bin\jsvml.dll
0x00000212d3000000 - 0x00000212d3744000 	C:\Windows\System32\SHELL32.dll
0x00007ffa5a0f0000 - 0x00007ffa5a883000 	C:\Windows\SYSTEM32\windows.storage.dll
0x00007ffa5dcf0000 - 0x00007ffa5e044000 	C:\Windows\System32\combase.dll
0x00007ffa5bf10000 - 0x00007ffa5bf3e000 	C:\Windows\SYSTEM32\Wldp.dll
0x00007ffa5e5e0000 - 0x00007ffa5e68d000 	C:\Windows\System32\SHCORE.dll
0x00007ffa5dc90000 - 0x00007ffa5dce5000 	C:\Windows\System32\shlwapi.dll
0x00007ffa5c4e0000 - 0x00007ffa5c4ff000 	C:\Windows\SYSTEM32\profapi.dll
0x00007ffa56990000 - 0x00007ffa569a9000 	C:\Program Files\Java\jdk-17.0.2\bin\net.dll
0x00007ffa54ad0000 - 0x00007ffa54bda000 	C:\Windows\SYSTEM32\WINHTTP.dll
0x00007ffa5bc70000 - 0x00007ffa5bcda000 	C:\Windows\system32\mswsock.dll
0x00007ffa51470000 - 0x00007ffa51486000 	C:\Program Files\Java\jdk-17.0.2\bin\nio.dll
0x00007ffa570b0000 - 0x00007ffa570c8000 	C:\Program Files\Java\jdk-17.0.2\bin\zip.dll

dbghelp: loaded successfully - version: 4.0.5 - missing functions: none
symbol engine: initialized successfully - sym options: 0x614 - pdb path: .;C:\Program Files\Java\jdk-17.0.2\bin;C:\Windows\SYSTEM32;C:\Windows\WinSxS\amd64_microsoft.windows.common-controls_6595b64144ccf1df_6.0.19041.1110_none_60b5254171f9507e;C:\Program Files (x86)\Citrix\ICA Client;C:\Program Files\Java\jdk-17.0.2\bin\server

VM Arguments:
jvm_args: -XX:TieredStopAtLevel=1 
java_command: com.pruebatecnica.PruebaRestSpringApplication
java_class_path (initial): D:\java\SPRING BOOT\entrevista prueba tecnica TCS dev java\prueba-rest-spring\target\classes;C:\Users\Miguel\.m2\repository\org\springframework\spring-aop\6.1.6\spring-aop-6.1.6.jar;C:\Users\Miguel\.m2\repository\org\aspectj\aspectjweaver\1.9.22\aspectjweaver-1.9.22.jar;C:\Users\Miguel\.m2\repository\com\zaxxer\HikariCP\5.0.1\HikariCP-5.0.1.jar;C:\Users\Miguel\.m2\repository\org\springframework\spring-jdbc\6.1.6\spring-jdbc-6.1.6.jar;C:\Users\Miguel\.m2\repository\org\hibernate\orm\hibernate-core\6.4.4.Final\hibernate-core-6.4.4.Final.jar;C:\Users\Miguel\.m2\repository\jakarta\persistence\jakarta.persistence-api\3.1.0\jakarta.persistence-api-3.1.0.jar;C:\Users\Miguel\.m2\repository\jakarta\transaction\jakarta.transaction-api\2.0.1\jakarta.transaction-api-2.0.1.jar;C:\Users\Miguel\.m2\repository\org\jboss\logging\jboss-logging\3.5.3.Final\jboss-logging-3.5.3.Final.jar;C:\Users\Miguel\.m2\repository\org\hibernate\common\hibernate-commons-annotations\6.0.6.Final\hibernate-commons-annotations-6.0.6.Final.jar;C:\Users\Miguel\.m2\repository\io\smallrye\jandex\3.1.2\jandex-3.1.2.jar;C:\Users\Miguel\.m2\repository\com\fasterxml\classmate\1.6.0\classmate-1.6.0.jar;C:\Users\Miguel\.m2\repository\net\bytebuddy\byte-buddy\1.14.13\byte-buddy-1.14.13.jar;C:\Users\Miguel\.m2\repository\org\glassfish\jaxb\jaxb-runtime\4.0.5\jaxb-runtime-4.0.5.jar;C:\Users\Miguel\.m2\repository\org\glassfish\jaxb\jaxb-core\4.0.5\jaxb-core-4.0.5.jar;C:\Users\Miguel\.m2\repository\org\eclipse\angus\angus-activation\2.0.2\angus-activation-2.0.2.jar;C:\Users\Miguel\.m2\repository\org\glassfish\jaxb\txw2\4.0.5\txw2-4.0.5.jar;C:\Users\Miguel\.m2\repository\com\sun\istack\istack-commons-runtime\4.1.2\istack-commons-runtime-4.1.2.jar;C:\Users\Miguel\.m2\repository\jakarta\inject\jakarta.inject-api\2.0.1\jakarta.inject-api-2.0.1.jar;C:\Users\Miguel\.m2\repository\org\antlr\antlr4-runtime\4.13.0\antlr4-runtime-4.13.0.jar;C:\Users\Miguel\.m2\repository\org\springframework\data\spri
Launcher Type: SUN_STANDARD

[Global flags]
     intx CICompilerCount                          = 3                                         {product} {ergonomic}
     uint ConcGCThreads                            = 2                                         {product} {ergonomic}
     uint G1ConcRefinementThreads                  = 6                                         {product} {ergonomic}
   size_t G1HeapRegionSize                         = 1048576                                   {product} {ergonomic}
    uintx GCDrainStackTargetSize                   = 64                                        {product} {ergonomic}
   size_t InitialHeapSize                          = 134217728                                 {product} {ergonomic}
   size_t MarkStackSize                            = 4194304                                   {product} {ergonomic}
   size_t MaxHeapSize                              = 2136997888                                {product} {ergonomic}
   size_t MaxNewSize                               = 1281359872                                {product} {ergonomic}
   size_t MinHeapDeltaBytes                        = 1048576                                   {product} {ergonomic}
   size_t MinHeapSize                              = 8388608                                   {product} {ergonomic}
    uintx NonProfiledCodeHeapSize                  = 0                                      {pd product} {ergonomic}
     bool ProfileInterpreter                       = false                                  {pd product} {command line}
    uintx ProfiledCodeHeapSize                     = 0                                      {pd product} {ergonomic}
   size_t SoftMaxHeapSize                          = 2136997888                             {manageable} {ergonomic}
     intx TieredStopAtLevel                        = 1                                         {product} {command line}
     bool UseCompressedClassPointers               = true                           {product lp64_product} {ergonomic}
     bool UseCompressedOops                        = true                           {product lp64_product} {ergonomic}
     bool UseG1GC                                  = true                                      {product} {ergonomic}
     bool UseLargePagesIndividualAllocation        = false                                  {pd product} {ergonomic}

Logging:
Log output configuration:
 #0: stdout all=warning uptime,level,tags
 #1: stderr all=off uptime,level,tags

Environment Variables:
JAVA_HOME=C:\Program Files\Java\jdk-17.0.2
PATH=C:\app\Miguel\product\21c\dbhomeXE\bin;C:\Program Files (x86)\Razer Chroma SDK\bin;C:\Program Files\Razer Chroma SDK\bin;C:\Program Files (x86)\Razer\ChromaBroadcast\bin;C:\Program Files\Razer\ChromaBroadcast\bin;C:\Program Files\Common Files\Oracle\Java\javapath;C:\ProgramData\Oracle\Java\javapath;C:\Windows\system32;C:\Windows;C:\Windows\System32\Wbem;C:\Windows\System32\WindowsPowerShell\v1.0\;C:\Windows\System32\OpenSSH\;C:\Program Files\nodejs\;C:\Program Files\Git\cmd;C:\Program Files\Java\jdk-17.0.2\bin;C:\Maven\apache-maven-3.8.4\bin;C:\Users\Miguel\AppData\Local\Microsoft\WindowsApps;C:\Users\Miguel\AppData\Local\Programs\Microsoft VS Code\bin;C:\Users\Miguel\AppData\Roaming\npm;C:\Program Files (x86)\VERIFONE\FST;C:\Windows\system32\config\systemprofile\AppData\Local\Microsoft\WindowsApps;C:\Program Files (x86)\Windows Kits\10\Windows Performance Toolkit\;C:\Program Files (x86)\Microsoft SQL Server\160\Tools\Binn\;C:\Program Files\Microsoft SQL Server\160\Tools\Binn\;C:\Program Files\Microsoft SQL Server\Client SDK\ODBC\170\Tools\Binn\;C:\Program Files\Microsoft SQL Server\160\DTS\Binn\;C:\Program Files\MySQL\MySQL Shell 8.0\bin\;C:\Users\Miguel\AppData\Local\Microsoft\WindowsApps;;C:\Users\Miguel\AppData\Local\Programs\Microsoft VS Code\bin;C:\Users\Miguel\AppData\Roaming\npm
USERNAME=Miguel
OS=Windows_NT
PROCESSOR_IDENTIFIER=AMD64 Family 21 Model 2 Stepping 0, AuthenticAMD



---------------  S Y S T E M  ---------------

OS:
 Windows 10 , 64 bit Build 19041 (10.0.19041.3031)
OS uptime: 0 days 15:07 hours

CPU: total 6 (initial active 6) (6 cores per cpu, 1 threads per core) family 21 model 2 stepping 0 microcode 0x0, cx8, cmov, fxsr, mmx, 3dnowpref, sse, sse2, sse3, ssse3, sse4a, sse4.1, sse4.2, popcnt, lzcnt, tsc, tscinvbit, avx, aes, clmul, bmi1, fma, vzeroupper, clflush

Memory: 4k page, system-wide physical 8149M (323M free)
TotalPageFile size 15317M (AvailPageFile size 1M)
current process WorkingSet (physical memory assigned to process): 32M, peak: 32M
current process commit charge ("private bytes"): 203M, peak: 203M

vm_info: Java HotSpot(TM) 64-Bit Server VM (17.0.2+8-LTS-86) for windows-amd64 JRE (17.0.2+8-LTS-86), built on Dec  7 2021 21:51:03 by "mach5one" with MS VC++ 16.8 / 16.9 (VS2019)

END.
