#
# There is insufficient memory for the Java Runtime Environment to continue.
# Native memory allocation (malloc) failed to allocate 153216 bytes for Chunk::new
# Possible reasons:
#   The system is out of physical RAM or swap space
#   The process is running with CompressedOops enabled, and the Java Heap may be blocking the growth of the native heap
# Possible solutions:
#   Reduce memory load on the system
#   Increase physical memory or swap space
#   Check if swap backing store is full
#   Decrease Java heap size (-Xmx/-Xms)
#   Decrease number of Java threads
#   Decrease Java thread stack sizes (-Xss)
#   Set larger code cache with -XX:ReservedCodeCacheSize=
#   JVM is running with Unscaled Compressed Oops mode in which the Java heap is
#     placed in the first 4GB address space. The Java Heap base address is the
#     maximum limit for the native heap growth. Please use -XX:HeapBaseMinAddress
#     to set the Java Heap base and to place the Java Heap above 4GB virtual address.
# This output file may be truncated or incomplete.
#
#  Out of Memory Error (arena.cpp:189), pid=11612, tid=9024
#
# JRE version: Java(TM) SE Runtime Environment (17.0.2+8) (build 17.0.2+8-LTS-86)
# Java VM: Java HotSpot(TM) 64-Bit Server VM (17.0.2+8-LTS-86, mixed mode, sharing, tiered, compressed oops, compressed class ptrs, g1 gc, windows-amd64)
# No core dump will be written. Minidumps are not enabled by default on client versions of Windows
#

---------------  S U M M A R Y ------------

Command Line: -Dmaven.multiModuleProjectDirectory=D:\java\SPRING BOOT\entrevista prueba tecnica TCS dev java\prueba-rest-spring -Djansi.passthrough=true -Dmaven.home=C:\Users\Miguel\.m2\wrapper\dists\apache-maven-3.9.6-bin\439sdfsg2nbdob9ciift5h5nse\apache-maven-3.9.6 -Dclassworlds.conf=C:\Users\Miguel\.m2\wrapper\dists\apache-maven-3.9.6-bin\439sdfsg2nbdob9ciift5h5nse\apache-maven-3.9.6\bin\m2.conf -Dmaven.ext.class.path=C:\Program Files\JetBrains\IntelliJ IDEA Community Edition 2023.3.3\plugins\maven\lib\maven-event-listener.jar -javaagent:C:\Program Files\JetBrains\IntelliJ IDEA Community Edition 2023.3.3\lib\idea_rt.jar=58002:C:\Program Files\JetBrains\IntelliJ IDEA Community Edition 2023.3.3\bin -Dfile.encoding=UTF-8 org.codehaus.classworlds.Launcher -Didea.version=2023.3.3 org.springframework.boot:spring-boot-maven-plugin:3.2.5:run

Host: AMD FX(tm)-6300 Six-Core Processor             , 6 cores, 7G,  Windows 10 , 64 bit Build 19041 (10.0.19041.3031)
Time: Fri May 10 00:53:47 2024 Hora est. Pacífico, Sudamérica elapsed time: 0.801178 seconds (0d 0h 0m 0s)

---------------  T H R E A D  ---------------

Current thread (0x0000029faad544b0):  JavaThread "C2 CompilerThread0" daemon [_thread_in_native, id=9024, stack(0x000000f701500000,0x000000f701600000)]


Current CompileTask:
C2:    801  844  s!   4       jdk.internal.loader.URLClassPath::getLoader (194 bytes)

Stack: [0x000000f701500000,0x000000f701600000]
Native frames: (J=compiled Java code, j=interpreted, Vv=VM code, C=native code)
V  [jvm.dll+0x670baa]
V  [jvm.dll+0x7cfcb4]
V  [jvm.dll+0x7d145e]
V  [jvm.dll+0x7d1ac3]
V  [jvm.dll+0x242bc5]
V  [jvm.dll+0xaa57b]
V  [jvm.dll+0xaab0c]
V  [jvm.dll+0x2a991f]
V  [jvm.dll+0x5792d9]
V  [jvm.dll+0x21de3d]
V  [jvm.dll+0x21734f]
V  [jvm.dll+0x214fab]
V  [jvm.dll+0x1a1bbd]
V  [jvm.dll+0x224908]
V  [jvm.dll+0x222a6c]
V  [jvm.dll+0x7859bb]
V  [jvm.dll+0x77ff7a]
V  [jvm.dll+0x66fa35]
C  [ucrtbase.dll+0x21bb2]
C  [KERNEL32.DLL+0x17614]
C  [ntdll.dll+0x526f1]


---------------  P R O C E S S  ---------------

Threads class SMR info:
_java_thread_list=0x0000029fcc398f80, length=14, elements={
0x0000029fac92c7e0, 0x0000029fcae051c0, 0x0000029fcae06c90, 0x0000029fcae13380,
0x0000029fcae13e40, 0x0000029fcae18930, 0x0000029fcae1b420, 0x0000029faad544b0,
0x0000029faad56d30, 0x0000029fcae257a0, 0x0000029fcbbf7330, 0x0000029fcbce5320,
0x0000029fcbc842b0, 0x0000029faad549c0
}

Java Threads: ( => current thread )
  0x0000029fac92c7e0 JavaThread "main" [_thread_in_vm, id=15916, stack(0x000000f700900000,0x000000f700a00000)]
  0x0000029fcae051c0 JavaThread "Reference Handler" daemon [_thread_blocked, id=18580, stack(0x000000f700f00000,0x000000f701000000)]
  0x0000029fcae06c90 JavaThread "Finalizer" daemon [_thread_blocked, id=10824, stack(0x000000f701000000,0x000000f701100000)]
  0x0000029fcae13380 JavaThread "Signal Dispatcher" daemon [_thread_blocked, id=13936, stack(0x000000f701100000,0x000000f701200000)]
  0x0000029fcae13e40 JavaThread "Attach Listener" daemon [_thread_blocked, id=10472, stack(0x000000f701200000,0x000000f701300000)]
  0x0000029fcae18930 JavaThread "Service Thread" daemon [_thread_blocked, id=17640, stack(0x000000f701300000,0x000000f701400000)]
  0x0000029fcae1b420 JavaThread "Monitor Deflation Thread" daemon [_thread_blocked, id=2096, stack(0x000000f701400000,0x000000f701500000)]
=>0x0000029faad544b0 JavaThread "C2 CompilerThread0" daemon [_thread_in_native, id=9024, stack(0x000000f701500000,0x000000f701600000)]
  0x0000029faad56d30 JavaThread "C1 CompilerThread0" daemon [_thread_blocked, id=14648, stack(0x000000f701600000,0x000000f701700000)]
  0x0000029fcae257a0 JavaThread "Sweeper thread" daemon [_thread_blocked, id=7216, stack(0x000000f701700000,0x000000f701800000)]
  0x0000029fcbbf7330 JavaThread "Common-Cleaner" daemon [_thread_blocked, id=11860, stack(0x000000f701800000,0x000000f701900000)]
  0x0000029fcbce5320 JavaThread "Monitor Ctrl-Break" daemon [_thread_in_native, id=6996, stack(0x000000f701900000,0x000000f701a00000)]
  0x0000029fcbc842b0 JavaThread "Notification Thread" daemon [_thread_blocked, id=1084, stack(0x000000f701a00000,0x000000f701b00000)]
  0x0000029faad549c0 JavaThread "C2 CompilerThread1" daemon [_thread_in_native, id=17820, stack(0x000000f701c00000,0x000000f701d00000)]

Other Threads:
  0x0000029fcae01a00 VMThread "VM Thread" [stack: 0x000000f700e00000,0x000000f700f00000] [id=10548]
  0x0000029faad536a0 WatcherThread [stack: 0x000000f701b00000,0x000000f701c00000] [id=15024]
  0x0000029fac968c30 GCTaskThread "GC Thread#0" [stack: 0x000000f700800000,0x000000f700900000] [id=2496]
  0x0000029fac979bf0 ConcurrentGCThread "G1 Main Marker" [stack: 0x000000f700a00000,0x000000f700b00000] [id=18640]
  0x0000029fac97b170 ConcurrentGCThread "G1 Conc#0" [stack: 0x000000f700b00000,0x000000f700c00000] [id=8780]
  0x0000029fcacb00a0 ConcurrentGCThread "G1 Refine#0" [stack: 0x000000f700c00000,0x000000f700d00000] [id=12796]
  0x0000029fcacb19e0 ConcurrentGCThread "G1 Service" [stack: 0x000000f700d00000,0x000000f700e00000] [id=2040]

Threads with active compile tasks:
C2 CompilerThread0      858  844  s!   4       jdk.internal.loader.URLClassPath::getLoader (194 bytes)
C2 CompilerThread1      859  869   !   4       java.util.concurrent.ConcurrentHashMap::putVal (432 bytes)

VM state: not at safepoint (normal execution)

VM Mutex/Monitor currently owned by a thread: None

Heap address: 0x0000000080a00000, size: 2038 MB, Compressed Oops mode: 32-bit

CDS archive(s) mapped at: [0x0000000800000000-0x0000000800bc0000-0x0000000800bc0000), size 12320768, SharedBaseAddress: 0x0000000800000000, ArchiveRelocationMode: 0.
Compressed class space mapped at: 0x0000000800c00000-0x0000000840c00000, reserved size: 1073741824
Narrow klass base: 0x0000000800000000, Narrow klass shift: 0, Narrow klass range: 0x100000000

GC Precious Log:
 CPUs: 6 total, 6 available
 Memory: 8149M
 Large Page Support: Disabled
 NUMA Support: Disabled
 Compressed Oops: Enabled (32-bit)
 Heap Region Size: 1M
 Heap Min Capacity: 8M
 Heap Initial Capacity: 128M
 Heap Max Capacity: 2038M
 Pre-touch: Disabled
 Parallel Workers: 6
 Concurrent Workers: 2
 Concurrent Refinement Workers: 6
 Periodic GC: Disabled

Heap:
 garbage-first heap   total 131072K, used 15360K [0x0000000080a00000, 0x0000000100000000)
  region size 1024K, 17 young (17408K), 0 survivors (0K)
 Metaspace       used 4572K, committed 4736K, reserved 1056768K
  class space    used 502K, committed 576K, reserved 1048576K

Heap Regions: E=young(eden), S=young(survivor), O=old, HS=humongous(starts), HC=humongous(continues), CS=collection set, F=free, OA=open archive, CA=closed archive, TAMS=top-at-mark-start (previous, next)
|   0|0x0000000080a00000, 0x0000000080a00000, 0x0000000080b00000|  0%| F|  |TAMS 0x0000000080a00000, 0x0000000080a00000| Untracked 
|   1|0x0000000080b00000, 0x0000000080b00000, 0x0000000080c00000|  0%| F|  |TAMS 0x0000000080b00000, 0x0000000080b00000| Untracked 
|   2|0x0000000080c00000, 0x0000000080c00000, 0x0000000080d00000|  0%| F|  |TAMS 0x0000000080c00000, 0x0000000080c00000| Untracked 
|   3|0x0000000080d00000, 0x0000000080d00000, 0x0000000080e00000|  0%| F|  |TAMS 0x0000000080d00000, 0x0000000080d00000| Untracked 
|   4|0x0000000080e00000, 0x0000000080e00000, 0x0000000080f00000|  0%| F|  |TAMS 0x0000000080e00000, 0x0000000080e00000| Untracked 
|   5|0x0000000080f00000, 0x0000000080f00000, 0x0000000081000000|  0%| F|  |TAMS 0x0000000080f00000, 0x0000000080f00000| Untracked 
|   6|0x0000000081000000, 0x0000000081000000, 0x0000000081100000|  0%| F|  |TAMS 0x0000000081000000, 0x0000000081000000| Untracked 
|   7|0x0000000081100000, 0x0000000081100000, 0x0000000081200000|  0%| F|  |TAMS 0x0000000081100000, 0x0000000081100000| Untracked 
|   8|0x0000000081200000, 0x0000000081200000, 0x0000000081300000|  0%| F|  |TAMS 0x0000000081200000, 0x0000000081200000| Untracked 
|   9|0x0000000081300000, 0x0000000081300000, 0x0000000081400000|  0%| F|  |TAMS 0x0000000081300000, 0x0000000081300000| Untracked 
|  10|0x0000000081400000, 0x0000000081400000, 0x0000000081500000|  0%| F|  |TAMS 0x0000000081400000, 0x0000000081400000| Untracked 
|  11|0x0000000081500000, 0x0000000081500000, 0x0000000081600000|  0%| F|  |TAMS 0x0000000081500000, 0x0000000081500000| Untracked 
|  12|0x0000000081600000, 0x0000000081600000, 0x0000000081700000|  0%| F|  |TAMS 0x0000000081600000, 0x0000000081600000| Untracked 
|  13|0x0000000081700000, 0x0000000081700000, 0x0000000081800000|  0%| F|  |TAMS 0x0000000081700000, 0x0000000081700000| Untracked 
|  14|0x0000000081800000, 0x0000000081800000, 0x0000000081900000|  0%| F|  |TAMS 0x0000000081800000, 0x0000000081800000| Untracked 
|  15|0x0000000081900000, 0x0000000081900000, 0x0000000081a00000|  0%| F|  |TAMS 0x0000000081900000, 0x0000000081900000| Untracked 
|  16|0x0000000081a00000, 0x0000000081a00000, 0x0000000081b00000|  0%| F|  |TAMS 0x0000000081a00000, 0x0000000081a00000| Untracked 
|  17|0x0000000081b00000, 0x0000000081b00000, 0x0000000081c00000|  0%| F|  |TAMS 0x0000000081b00000, 0x0000000081b00000| Untracked 
|  18|0x0000000081c00000, 0x0000000081c00000, 0x0000000081d00000|  0%| F|  |TAMS 0x0000000081c00000, 0x0000000081c00000| Untracked 
|  19|0x0000000081d00000, 0x0000000081d00000, 0x0000000081e00000|  0%| F|  |TAMS 0x0000000081d00000, 0x0000000081d00000| Untracked 
|  20|0x0000000081e00000, 0x0000000081e00000, 0x0000000081f00000|  0%| F|  |TAMS 0x0000000081e00000, 0x0000000081e00000| Untracked 
|  21|0x0000000081f00000, 0x0000000081f00000, 0x0000000082000000|  0%| F|  |TAMS 0x0000000081f00000, 0x0000000081f00000| Untracked 
|  22|0x0000000082000000, 0x0000000082000000, 0x0000000082100000|  0%| F|  |TAMS 0x0000000082000000, 0x0000000082000000| Untracked 
|  23|0x0000000082100000, 0x0000000082100000, 0x0000000082200000|  0%| F|  |TAMS 0x0000000082100000, 0x0000000082100000| Untracked 
|  24|0x0000000082200000, 0x0000000082200000, 0x0000000082300000|  0%| F|  |TAMS 0x0000000082200000, 0x0000000082200000| Untracked 
|  25|0x0000000082300000, 0x0000000082300000, 0x0000000082400000|  0%| F|  |TAMS 0x0000000082300000, 0x0000000082300000| Untracked 
|  26|0x0000000082400000, 0x0000000082400000, 0x0000000082500000|  0%| F|  |TAMS 0x0000000082400000, 0x0000000082400000| Untracked 
|  27|0x0000000082500000, 0x0000000082500000, 0x0000000082600000|  0%| F|  |TAMS 0x0000000082500000, 0x0000000082500000| Untracked 
|  28|0x0000000082600000, 0x0000000082600000, 0x0000000082700000|  0%| F|  |TAMS 0x0000000082600000, 0x0000000082600000| Untracked 
|  29|0x0000000082700000, 0x0000000082700000, 0x0000000082800000|  0%| F|  |TAMS 0x0000000082700000, 0x0000000082700000| Untracked 
|  30|0x0000000082800000, 0x0000000082800000, 0x0000000082900000|  0%| F|  |TAMS 0x0000000082800000, 0x0000000082800000| Untracked 
|  31|0x0000000082900000, 0x0000000082900000, 0x0000000082a00000|  0%| F|  |TAMS 0x0000000082900000, 0x0000000082900000| Untracked 
|  32|0x0000000082a00000, 0x0000000082a00000, 0x0000000082b00000|  0%| F|  |TAMS 0x0000000082a00000, 0x0000000082a00000| Untracked 
|  33|0x0000000082b00000, 0x0000000082b00000, 0x0000000082c00000|  0%| F|  |TAMS 0x0000000082b00000, 0x0000000082b00000| Untracked 
|  34|0x0000000082c00000, 0x0000000082c00000, 0x0000000082d00000|  0%| F|  |TAMS 0x0000000082c00000, 0x0000000082c00000| Untracked 
|  35|0x0000000082d00000, 0x0000000082d00000, 0x0000000082e00000|  0%| F|  |TAMS 0x0000000082d00000, 0x0000000082d00000| Untracked 
|  36|0x0000000082e00000, 0x0000000082e00000, 0x0000000082f00000|  0%| F|  |TAMS 0x0000000082e00000, 0x0000000082e00000| Untracked 
|  37|0x0000000082f00000, 0x0000000082f00000, 0x0000000083000000|  0%| F|  |TAMS 0x0000000082f00000, 0x0000000082f00000| Untracked 
|  38|0x0000000083000000, 0x0000000083000000, 0x0000000083100000|  0%| F|  |TAMS 0x0000000083000000, 0x0000000083000000| Untracked 
|  39|0x0000000083100000, 0x0000000083100000, 0x0000000083200000|  0%| F|  |TAMS 0x0000000083100000, 0x0000000083100000| Untracked 
|  40|0x0000000083200000, 0x0000000083200000, 0x0000000083300000|  0%| F|  |TAMS 0x0000000083200000, 0x0000000083200000| Untracked 
|  41|0x0000000083300000, 0x0000000083300000, 0x0000000083400000|  0%| F|  |TAMS 0x0000000083300000, 0x0000000083300000| Untracked 
|  42|0x0000000083400000, 0x0000000083400000, 0x0000000083500000|  0%| F|  |TAMS 0x0000000083400000, 0x0000000083400000| Untracked 
|  43|0x0000000083500000, 0x0000000083500000, 0x0000000083600000|  0%| F|  |TAMS 0x0000000083500000, 0x0000000083500000| Untracked 
|  44|0x0000000083600000, 0x0000000083600000, 0x0000000083700000|  0%| F|  |TAMS 0x0000000083600000, 0x0000000083600000| Untracked 
|  45|0x0000000083700000, 0x0000000083700000, 0x0000000083800000|  0%| F|  |TAMS 0x0000000083700000, 0x0000000083700000| Untracked 
|  46|0x0000000083800000, 0x0000000083800000, 0x0000000083900000|  0%| F|  |TAMS 0x0000000083800000, 0x0000000083800000| Untracked 
|  47|0x0000000083900000, 0x0000000083900000, 0x0000000083a00000|  0%| F|  |TAMS 0x0000000083900000, 0x0000000083900000| Untracked 
|  48|0x0000000083a00000, 0x0000000083a00000, 0x0000000083b00000|  0%| F|  |TAMS 0x0000000083a00000, 0x0000000083a00000| Untracked 
|  49|0x0000000083b00000, 0x0000000083b00000, 0x0000000083c00000|  0%| F|  |TAMS 0x0000000083b00000, 0x0000000083b00000| Untracked 
|  50|0x0000000083c00000, 0x0000000083c00000, 0x0000000083d00000|  0%| F|  |TAMS 0x0000000083c00000, 0x0000000083c00000| Untracked 
|  51|0x0000000083d00000, 0x0000000083d00000, 0x0000000083e00000|  0%| F|  |TAMS 0x0000000083d00000, 0x0000000083d00000| Untracked 
|  52|0x0000000083e00000, 0x0000000083e00000, 0x0000000083f00000|  0%| F|  |TAMS 0x0000000083e00000, 0x0000000083e00000| Untracked 
|  53|0x0000000083f00000, 0x0000000083f00000, 0x0000000084000000|  0%| F|  |TAMS 0x0000000083f00000, 0x0000000083f00000| Untracked 
|  54|0x0000000084000000, 0x0000000084000000, 0x0000000084100000|  0%| F|  |TAMS 0x0000000084000000, 0x0000000084000000| Untracked 
|  55|0x0000000084100000, 0x0000000084100000, 0x0000000084200000|  0%| F|  |TAMS 0x0000000084100000, 0x0000000084100000| Untracked 
|  56|0x0000000084200000, 0x0000000084200000, 0x0000000084300000|  0%| F|  |TAMS 0x0000000084200000, 0x0000000084200000| Untracked 
|  57|0x0000000084300000, 0x0000000084300000, 0x0000000084400000|  0%| F|  |TAMS 0x0000000084300000, 0x0000000084300000| Untracked 
|  58|0x0000000084400000, 0x0000000084400000, 0x0000000084500000|  0%| F|  |TAMS 0x0000000084400000, 0x0000000084400000| Untracked 
|  59|0x0000000084500000, 0x0000000084500000, 0x0000000084600000|  0%| F|  |TAMS 0x0000000084500000, 0x0000000084500000| Untracked 
|  60|0x0000000084600000, 0x0000000084600000, 0x0000000084700000|  0%| F|  |TAMS 0x0000000084600000, 0x0000000084600000| Untracked 
|  61|0x0000000084700000, 0x0000000084700000, 0x0000000084800000|  0%| F|  |TAMS 0x0000000084700000, 0x0000000084700000| Untracked 
|  62|0x0000000084800000, 0x0000000084800000, 0x0000000084900000|  0%| F|  |TAMS 0x0000000084800000, 0x0000000084800000| Untracked 
|  63|0x0000000084900000, 0x0000000084900000, 0x0000000084a00000|  0%| F|  |TAMS 0x0000000084900000, 0x0000000084900000| Untracked 
|  64|0x0000000084a00000, 0x0000000084a00000, 0x0000000084b00000|  0%| F|  |TAMS 0x0000000084a00000, 0x0000000084a00000| Untracked 
|  65|0x0000000084b00000, 0x0000000084b00000, 0x0000000084c00000|  0%| F|  |TAMS 0x0000000084b00000, 0x0000000084b00000| Untracked 
|  66|0x0000000084c00000, 0x0000000084c00000, 0x0000000084d00000|  0%| F|  |TAMS 0x0000000084c00000, 0x0000000084c00000| Untracked 
|  67|0x0000000084d00000, 0x0000000084d00000, 0x0000000084e00000|  0%| F|  |TAMS 0x0000000084d00000, 0x0000000084d00000| Untracked 
|  68|0x0000000084e00000, 0x0000000084e00000, 0x0000000084f00000|  0%| F|  |TAMS 0x0000000084e00000, 0x0000000084e00000| Untracked 
|  69|0x0000000084f00000, 0x0000000084f00000, 0x0000000085000000|  0%| F|  |TAMS 0x0000000084f00000, 0x0000000084f00000| Untracked 
|  70|0x0000000085000000, 0x0000000085000000, 0x0000000085100000|  0%| F|  |TAMS 0x0000000085000000, 0x0000000085000000| Untracked 
|  71|0x0000000085100000, 0x0000000085100000, 0x0000000085200000|  0%| F|  |TAMS 0x0000000085100000, 0x0000000085100000| Untracked 
|  72|0x0000000085200000, 0x0000000085200000, 0x0000000085300000|  0%| F|  |TAMS 0x0000000085200000, 0x0000000085200000| Untracked 
|  73|0x0000000085300000, 0x0000000085300000, 0x0000000085400000|  0%| F|  |TAMS 0x0000000085300000, 0x0000000085300000| Untracked 
|  74|0x0000000085400000, 0x0000000085400000, 0x0000000085500000|  0%| F|  |TAMS 0x0000000085400000, 0x0000000085400000| Untracked 
|  75|0x0000000085500000, 0x0000000085500000, 0x0000000085600000|  0%| F|  |TAMS 0x0000000085500000, 0x0000000085500000| Untracked 
|  76|0x0000000085600000, 0x0000000085600000, 0x0000000085700000|  0%| F|  |TAMS 0x0000000085600000, 0x0000000085600000| Untracked 
|  77|0x0000000085700000, 0x0000000085700000, 0x0000000085800000|  0%| F|  |TAMS 0x0000000085700000, 0x0000000085700000| Untracked 
|  78|0x0000000085800000, 0x0000000085800000, 0x0000000085900000|  0%| F|  |TAMS 0x0000000085800000, 0x0000000085800000| Untracked 
|  79|0x0000000085900000, 0x0000000085900000, 0x0000000085a00000|  0%| F|  |TAMS 0x0000000085900000, 0x0000000085900000| Untracked 
|  80|0x0000000085a00000, 0x0000000085a00000, 0x0000000085b00000|  0%| F|  |TAMS 0x0000000085a00000, 0x0000000085a00000| Untracked 
|  81|0x0000000085b00000, 0x0000000085b00000, 0x0000000085c00000|  0%| F|  |TAMS 0x0000000085b00000, 0x0000000085b00000| Untracked 
|  82|0x0000000085c00000, 0x0000000085c00000, 0x0000000085d00000|  0%| F|  |TAMS 0x0000000085c00000, 0x0000000085c00000| Untracked 
|  83|0x0000000085d00000, 0x0000000085d00000, 0x0000000085e00000|  0%| F|  |TAMS 0x0000000085d00000, 0x0000000085d00000| Untracked 
|  84|0x0000000085e00000, 0x0000000085e00000, 0x0000000085f00000|  0%| F|  |TAMS 0x0000000085e00000, 0x0000000085e00000| Untracked 
|  85|0x0000000085f00000, 0x0000000085f00000, 0x0000000086000000|  0%| F|  |TAMS 0x0000000085f00000, 0x0000000085f00000| Untracked 
|  86|0x0000000086000000, 0x0000000086000000, 0x0000000086100000|  0%| F|  |TAMS 0x0000000086000000, 0x0000000086000000| Untracked 
|  87|0x0000000086100000, 0x0000000086100000, 0x0000000086200000|  0%| F|  |TAMS 0x0000000086100000, 0x0000000086100000| Untracked 
|  88|0x0000000086200000, 0x0000000086200000, 0x0000000086300000|  0%| F|  |TAMS 0x0000000086200000, 0x0000000086200000| Untracked 
|  89|0x0000000086300000, 0x0000000086300000, 0x0000000086400000|  0%| F|  |TAMS 0x0000000086300000, 0x0000000086300000| Untracked 
|  90|0x0000000086400000, 0x0000000086400000, 0x0000000086500000|  0%| F|  |TAMS 0x0000000086400000, 0x0000000086400000| Untracked 
|  91|0x0000000086500000, 0x0000000086500000, 0x0000000086600000|  0%| F|  |TAMS 0x0000000086500000, 0x0000000086500000| Untracked 
|  92|0x0000000086600000, 0x0000000086600000, 0x0000000086700000|  0%| F|  |TAMS 0x0000000086600000, 0x0000000086600000| Untracked 
|  93|0x0000000086700000, 0x0000000086700000, 0x0000000086800000|  0%| F|  |TAMS 0x0000000086700000, 0x0000000086700000| Untracked 
|  94|0x0000000086800000, 0x0000000086800000, 0x0000000086900000|  0%| F|  |TAMS 0x0000000086800000, 0x0000000086800000| Untracked 
|  95|0x0000000086900000, 0x0000000086900000, 0x0000000086a00000|  0%| F|  |TAMS 0x0000000086900000, 0x0000000086900000| Untracked 
|  96|0x0000000086a00000, 0x0000000086a00000, 0x0000000086b00000|  0%| F|  |TAMS 0x0000000086a00000, 0x0000000086a00000| Untracked 
|  97|0x0000000086b00000, 0x0000000086b00000, 0x0000000086c00000|  0%| F|  |TAMS 0x0000000086b00000, 0x0000000086b00000| Untracked 
|  98|0x0000000086c00000, 0x0000000086c00000, 0x0000000086d00000|  0%| F|  |TAMS 0x0000000086c00000, 0x0000000086c00000| Untracked 
|  99|0x0000000086d00000, 0x0000000086d00000, 0x0000000086e00000|  0%| F|  |TAMS 0x0000000086d00000, 0x0000000086d00000| Untracked 
| 100|0x0000000086e00000, 0x0000000086e00000, 0x0000000086f00000|  0%| F|  |TAMS 0x0000000086e00000, 0x0000000086e00000| Untracked 
| 101|0x0000000086f00000, 0x0000000086f00000, 0x0000000087000000|  0%| F|  |TAMS 0x0000000086f00000, 0x0000000086f00000| Untracked 
| 102|0x0000000087000000, 0x0000000087000000, 0x0000000087100000|  0%| F|  |TAMS 0x0000000087000000, 0x0000000087000000| Untracked 
| 103|0x0000000087100000, 0x0000000087100000, 0x0000000087200000|  0%| F|  |TAMS 0x0000000087100000, 0x0000000087100000| Untracked 
| 104|0x0000000087200000, 0x0000000087200000, 0x0000000087300000|  0%| F|  |TAMS 0x0000000087200000, 0x0000000087200000| Untracked 
| 105|0x0000000087300000, 0x0000000087300000, 0x0000000087400000|  0%| F|  |TAMS 0x0000000087300000, 0x0000000087300000| Untracked 
| 106|0x0000000087400000, 0x0000000087400000, 0x0000000087500000|  0%| F|  |TAMS 0x0000000087400000, 0x0000000087400000| Untracked 
| 107|0x0000000087500000, 0x0000000087500000, 0x0000000087600000|  0%| F|  |TAMS 0x0000000087500000, 0x0000000087500000| Untracked 
| 108|0x0000000087600000, 0x0000000087600000, 0x0000000087700000|  0%| F|  |TAMS 0x0000000087600000, 0x0000000087600000| Untracked 
| 109|0x0000000087700000, 0x0000000087700000, 0x0000000087800000|  0%| F|  |TAMS 0x0000000087700000, 0x0000000087700000| Untracked 
| 110|0x0000000087800000, 0x0000000087800000, 0x0000000087900000|  0%| F|  |TAMS 0x0000000087800000, 0x0000000087800000| Untracked 
| 111|0x0000000087900000, 0x000000008796c260, 0x0000000087a00000| 42%| E|  |TAMS 0x0000000087900000, 0x0000000087900000| Complete 
| 112|0x0000000087a00000, 0x0000000087b00000, 0x0000000087b00000|100%| E|CS|TAMS 0x0000000087a00000, 0x0000000087a00000| Complete 
| 113|0x0000000087b00000, 0x0000000087c00000, 0x0000000087c00000|100%| E|CS|TAMS 0x0000000087b00000, 0x0000000087b00000| Complete 
| 114|0x0000000087c00000, 0x0000000087d00000, 0x0000000087d00000|100%| E|CS|TAMS 0x0000000087c00000, 0x0000000087c00000| Complete 
| 115|0x0000000087d00000, 0x0000000087e00000, 0x0000000087e00000|100%| E|CS|TAMS 0x0000000087d00000, 0x0000000087d00000| Complete 
| 116|0x0000000087e00000, 0x0000000087f00000, 0x0000000087f00000|100%| E|CS|TAMS 0x0000000087e00000, 0x0000000087e00000| Complete 
| 117|0x0000000087f00000, 0x0000000088000000, 0x0000000088000000|100%| E|CS|TAMS 0x0000000087f00000, 0x0000000087f00000| Complete 
| 118|0x0000000088000000, 0x0000000088100000, 0x0000000088100000|100%| E|CS|TAMS 0x0000000088000000, 0x0000000088000000| Complete 
| 119|0x0000000088100000, 0x0000000088200000, 0x0000000088200000|100%| E|CS|TAMS 0x0000000088100000, 0x0000000088100000| Complete 
| 120|0x0000000088200000, 0x0000000088300000, 0x0000000088300000|100%| E|CS|TAMS 0x0000000088200000, 0x0000000088200000| Complete 
| 121|0x0000000088300000, 0x0000000088400000, 0x0000000088400000|100%| E|CS|TAMS 0x0000000088300000, 0x0000000088300000| Complete 
| 122|0x0000000088400000, 0x0000000088500000, 0x0000000088500000|100%| E|CS|TAMS 0x0000000088400000, 0x0000000088400000| Complete 
| 123|0x0000000088500000, 0x0000000088600000, 0x0000000088600000|100%| E|CS|TAMS 0x0000000088500000, 0x0000000088500000| Complete 
| 124|0x0000000088600000, 0x0000000088700000, 0x0000000088700000|100%| E|CS|TAMS 0x0000000088600000, 0x0000000088600000| Complete 
| 125|0x0000000088700000, 0x0000000088800000, 0x0000000088800000|100%| E|  |TAMS 0x0000000088700000, 0x0000000088700000| Complete 
| 126|0x0000000088800000, 0x0000000088900000, 0x0000000088900000|100%| E|CS|TAMS 0x0000000088800000, 0x0000000088800000| Complete 
| 127|0x0000000088900000, 0x0000000088a00000, 0x0000000088a00000|100%| E|CS|TAMS 0x0000000088900000, 0x0000000088900000| Complete 

Card table byte_map: [0x0000029fc3de0000,0x0000029fc41e0000] _byte_map_base: 0x0000029fc39db000

Marking Bits (Prev, Next): (CMBitMap*) 0x0000029fac969240, (CMBitMap*) 0x0000029fac969280
 Prev Bits: [0x0000029fc45e0000, 0x0000029fc65b8000)
 Next Bits: [0x0000029fc65c0000, 0x0000029fc8598000)

Polling page: 0x0000029fac9e0000

Metaspace:

Usage:
  Non-class:      4.03 MB used.
      Class:    516.41 KB used.
       Both:      4.53 MB used.

Virtual space:
  Non-class space:        8.00 MB reserved,       4.12 MB ( 52%) committed,  1 nodes.
      Class space:        1.00 GB reserved,     576.00 KB ( <1%) committed,  1 nodes.
             Both:        1.01 GB reserved,       4.69 MB ( <1%) committed. 

Chunk freelists:
   Non-Class:  1.76 MB
       Class:  3.41 MB
        Both:  5.17 MB

MaxMetaspaceSize: unlimited
CompressedClassSpaceSize: 1.00 GB
Initial GC threshold: 21.00 MB
Current GC threshold: 21.00 MB
CDS: on
MetaspaceReclaimPolicy: balanced
 - commit_granule_bytes: 65536.
 - commit_granule_words: 8192.
 - virtual_space_node_default_size: 1048576.
 - enlarge_chunks_in_place: 1.
 - new_chunks_are_fully_committed: 0.
 - uncommit_free_chunks: 1.
 - use_allocation_guard: 0.
 - handle_deallocations: 1.


Internal statistics:

num_allocs_failed_limit: 0.
num_arena_births: 36.
num_arena_deaths: 0.
num_vsnodes_births: 2.
num_vsnodes_deaths: 0.
num_space_committed: 75.
num_space_uncommitted: 0.
num_chunks_returned_to_freelist: 0.
num_chunks_taken_from_freelist: 167.
num_chunk_merges: 0.
num_chunk_splits: 107.
num_chunks_enlarged: 86.
num_purges: 0.
num_inconsistent_stats: 0.

CodeHeap 'non-profiled nmethods': size=120000Kb used=258Kb max_used=258Kb free=119741Kb
 bounds [0x0000029fbbc70000, 0x0000029fbbee0000, 0x0000029fc31a0000]
CodeHeap 'profiled nmethods': size=120000Kb used=1689Kb max_used=1689Kb free=118310Kb
 bounds [0x0000029fb4740000, 0x0000029fb49b0000, 0x0000029fbbc70000]
CodeHeap 'non-nmethods': size=5760Kb used=1153Kb max_used=1168Kb free=4606Kb
 bounds [0x0000029fb41a0000, 0x0000029fb4410000, 0x0000029fb4740000]
 total_blobs=1321 nmethods=875 adapters=360
 compilation: enabled
              stopped_count=0, restarted_count=0
 full_count=0

Compilation events (20 events):
Event: 0.781 Thread 0x0000029faad56d30 nmethod 840 0x0000029fb48d3d10 code [0x0000029fb48d3ea0, 0x0000029fb48d3fe8]
Event: 0.781 Thread 0x0000029faad56d30  841   !   3       jdk.internal.loader.URLClassPath$FileLoader::getResource (164 bytes)
Event: 0.783 Thread 0x0000029faad56d30 nmethod 841 0x0000029fb48d4090 code [0x0000029fb48d43e0, 0x0000029fb48d5788]
Event: 0.783 Thread 0x0000029faad549c0  842       4       java.lang.StringLatin1::toLowerCase (186 bytes)
Event: 0.787 Thread 0x0000029faad544b0  843       4       sun.net.www.ParseUtil::firstEncodeIndex (86 bytes)
Event: 0.789 Thread 0x0000029faad56d30  845       3       org.codehaus.plexus.classworlds.strategy.SelfFirstStrategy::loadClass (50 bytes)
Event: 0.790 Thread 0x0000029faad56d30 nmethod 845 0x0000029fb48d6090 code [0x0000029fb48d62c0, 0x0000029fb48d6cd8]
Event: 0.791 Thread 0x0000029faad544b0 nmethod 843 0x0000029fbbcac210 code [0x0000029fbbcac3a0, 0x0000029fbbcac5c8]
Event: 0.791 Thread 0x0000029faad544b0  844  s!   4       jdk.internal.loader.URLClassPath::getLoader (194 bytes)
Event: 0.791 Thread 0x0000029faad56d30  846       3       java.util.TreeMap$KeySet::iterator (32 bytes)
Event: 0.792 Thread 0x0000029faad56d30 nmethod 846 0x0000029fb48d7010 code [0x0000029fb48d7220, 0x0000029fb48d79f8]
Event: 0.792 Thread 0x0000029faad56d30  847       3       java.util.TreeMap$PrivateEntryIterator::<init> (28 bytes)
Event: 0.792 Thread 0x0000029faad56d30 nmethod 847 0x0000029fb48d7c10 code [0x0000029fb48d7dc0, 0x0000029fb48d8018]
Event: 0.794 Thread 0x0000029faad56d30  848       3       java.lang.Enum::<init> (15 bytes)
Event: 0.794 Thread 0x0000029faad56d30 nmethod 848 0x0000029fb48d8110 code [0x0000029fb48d82a0, 0x0000029fb48d8458]
Event: 0.794 Thread 0x0000029faad56d30  849       3       java.net.URLClassLoader$1::<init> (15 bytes)
Event: 0.795 Thread 0x0000029faad56d30 nmethod 849 0x0000029fb48d8510 code [0x0000029fb48d86c0, 0x0000029fb48d88d8]
Event: 0.795 Thread 0x0000029faad56d30  850       3       java.net.URLClassLoader$1::run (5 bytes)
Event: 0.795 Thread 0x0000029faad56d30 nmethod 850 0x0000029fb48d8990 code [0x0000029fb48d8b40, 0x0000029fb48d8c88]
Event: 0.795 Thread 0x0000029faad56d30  851   !   3       java.net.URLClassLoader$1::run (81 bytes)

GC Heap History (0 events):
No events

Deoptimization events (20 events):
Event: 0.616 Thread 0x0000029fac92c7e0 Uncommon trap: trap_request=0xffffff45 fr.pc=0x0000029fbbc87578 relative=0x00000000000003d8
Event: 0.616 Thread 0x0000029fac92c7e0 Uncommon trap: reason=unstable_if action=reinterpret pc=0x0000029fbbc87578 method=java.lang.StringLatin1.canEncode(I)Z @ 4 c2
Event: 0.616 Thread 0x0000029fac92c7e0 DEOPT PACKING pc=0x0000029fbbc87578 sp=0x000000f7009fdd60
Event: 0.616 Thread 0x0000029fac92c7e0 DEOPT UNPACKING pc=0x0000029fb41f23a3 sp=0x000000f7009fdc78 mode 2
Event: 0.616 Thread 0x0000029fac92c7e0 Uncommon trap: trap_request=0xffffff45 fr.pc=0x0000029fbbc881e0 relative=0x00000000000003c0
Event: 0.616 Thread 0x0000029fac92c7e0 Uncommon trap: reason=unstable_if action=reinterpret pc=0x0000029fbbc881e0 method=java.lang.AbstractStringBuilder.isLatin1()Z @ 10 c2
Event: 0.616 Thread 0x0000029fac92c7e0 DEOPT PACKING pc=0x0000029fbbc881e0 sp=0x000000f7009fdd60
Event: 0.616 Thread 0x0000029fac92c7e0 DEOPT UNPACKING pc=0x0000029fb41f23a3 sp=0x000000f7009fdce0 mode 2
Event: 0.620 Thread 0x0000029fac92c7e0 Uncommon trap: trap_request=0xffffff45 fr.pc=0x0000029fbbc836b8 relative=0x0000000000000038
Event: 0.620 Thread 0x0000029fac92c7e0 Uncommon trap: reason=unstable_if action=reinterpret pc=0x0000029fbbc836b8 method=java.lang.StringLatin1.canEncode(I)Z @ 4 c2
Event: 0.620 Thread 0x0000029fac92c7e0 DEOPT PACKING pc=0x0000029fbbc836b8 sp=0x000000f7009fdce0
Event: 0.620 Thread 0x0000029fac92c7e0 DEOPT UNPACKING pc=0x0000029fb41f23a3 sp=0x000000f7009fdc70 mode 2
Event: 0.635 Thread 0x0000029fac92c7e0 DEOPT PACKING pc=0x0000029fb48053a7 sp=0x000000f7009faab0
Event: 0.635 Thread 0x0000029fac92c7e0 DEOPT UNPACKING pc=0x0000029fb41f2b43 sp=0x000000f7009f9f10 mode 0
Event: 0.648 Thread 0x0000029fac92c7e0 DEOPT PACKING pc=0x0000029fb477c4be sp=0x000000f7009fd640
Event: 0.648 Thread 0x0000029fac92c7e0 DEOPT UNPACKING pc=0x0000029fb41f2b43 sp=0x000000f7009fcab8 mode 0
Event: 0.694 Thread 0x0000029fac92c7e0 DEOPT PACKING pc=0x0000029fb477c4be sp=0x000000f7009f9ed0
Event: 0.694 Thread 0x0000029fac92c7e0 DEOPT UNPACKING pc=0x0000029fb41f2b43 sp=0x000000f7009f9348 mode 0
Event: 0.710 Thread 0x0000029fac92c7e0 DEOPT PACKING pc=0x0000029fb47955d6 sp=0x000000f7009f9000
Event: 0.710 Thread 0x0000029fac92c7e0 DEOPT UNPACKING pc=0x0000029fb41f2b43 sp=0x000000f7009f8488 mode 0

Classes unloaded (0 events):
No events

Classes redefined (0 events):
No events

Internal exceptions (8 events):
Event: 0.175 Thread 0x0000029fcbce5320 Exception <a 'java/lang/NoSuchMethodError'{0x00000000888dc018}: 'java.lang.Object java.lang.invoke.DirectMethodHandle$Holder.invokeStaticInit(java.lang.Object)'> (0x00000000888dc018) 
thrown [t:\workspace\open\src\hotspot\share\interpreter\linkResolver.cpp, line 766]
Event: 0.191 Thread 0x0000029fcbce5320 Exception <a 'java/lang/NoSuchMethodError'{0x00000000888e9898}: 'void java.lang.invoke.DirectMethodHandle$Holder.invokeStatic(java.lang.Object, java.lang.Object)'> (0x00000000888e9898) 
thrown [t:\workspace\open\src\hotspot\share\interpreter\linkResolver.cpp, line 766]
Event: 0.221 Thread 0x0000029fac92c7e0 Exception <a 'java/lang/NoSuchMethodError'{0x00000000887450c8}: 'int java.lang.invoke.DirectMethodHandle$Holder.invokeSpecial(java.lang.Object, java.lang.Object, java.lang.Object)'> (0x00000000887450c8) 
thrown [t:\workspace\open\src\hotspot\share\interpreter\linkResolver.cpp, line 766]
Event: 0.342 Thread 0x0000029fac92c7e0 Exception <a 'java/lang/NullPointerException'{0x00000000885b1c30}> (0x00000000885b1c30) 
thrown [t:\workspace\open\src\hotspot\share\interpreter\linkResolver.cpp, line 1357]
Event: 0.435 Thread 0x0000029fac92c7e0 Exception <a 'java/lang/NoSuchMethodError'{0x0000000088361b80}: 'void java.lang.invoke.DirectMethodHandle$Holder.invokeStatic(java.lang.Object, java.lang.Object, java.lang.Object)'> (0x0000000088361b80) 
thrown [t:\workspace\open\src\hotspot\share\interpreter\linkResolver.cpp, line 766]
Event: 0.446 Thread 0x0000029fac92c7e0 Exception <a 'java/lang/NoSuchMethodError'{0x00000000883beaa0}: 'int java.lang.invoke.DirectMethodHandle$Holder.invokeStatic(java.lang.Object, java.lang.Object, int)'> (0x00000000883beaa0) 
thrown [t:\workspace\open\src\hotspot\share\interpreter\linkResolver.cpp, line 766]
Event: 0.532 Thread 0x0000029fac92c7e0 Exception <a 'java/lang/NoSuchMethodError'{0x000000008813e300}: 'java.lang.Object java.lang.invoke.DirectMethodHandle$Holder.invokeSpecialIFC(java.lang.Object, java.lang.Object, java.lang.Object, java.lang.Object)'> (0x000000008813e300) 
thrown [t:\workspace\open\src\hotspot\share\interpreter\linkResolver.cpp, line 766]
Event: 0.778 Thread 0x0000029fac92c7e0 Exception <a 'java/lang/NoSuchMethodError'{0x0000000087b1f3c0}: 'void java.lang.invoke.DirectMethodHandle$Holder.invokeSpecial(java.lang.Object, java.lang.Object, java.lang.Object)'> (0x0000000087b1f3c0) 
thrown [t:\workspace\open\src\hotspot\share\interpreter\linkResolver.cpp, line 766]

VM Operations (8 events):
Event: 0.095 Executing VM operation: HandshakeAllThreads
Event: 0.096 Executing VM operation: HandshakeAllThreads done
Event: 0.172 Executing VM operation: HandshakeAllThreads
Event: 0.172 Executing VM operation: HandshakeAllThreads done
Event: 0.341 Executing VM operation: HandshakeAllThreads
Event: 0.341 Executing VM operation: HandshakeAllThreads done
Event: 0.350 Executing VM operation: HandshakeAllThreads
Event: 0.350 Executing VM operation: HandshakeAllThreads done

Events (20 events):
Event: 0.688 loading class java/util/concurrent/TimeUnit$1 done
Event: 0.698 Thread 0x0000029faad549c0 Thread added: 0x0000029faad549c0
Event: 0.704 loading class java/io/InvalidObjectException
Event: 0.704 loading class java/io/ObjectStreamException
Event: 0.704 loading class java/io/ObjectStreamException done
Event: 0.704 loading class java/io/InvalidObjectException done
Event: 0.722 loading class java/util/NoSuchElementException
Event: 0.722 loading class java/util/NoSuchElementException done
Event: 0.750 loading class java/lang/StrictMath
Event: 0.750 loading class java/lang/StrictMath done
Event: 0.778 loading class java/lang/invoke/DirectMethodHandle$Special
Event: 0.778 loading class java/lang/invoke/DirectMethodHandle$Special done
Event: 0.786 loading class java/lang/InterruptedException
Event: 0.786 loading class java/lang/InterruptedException done
Event: 0.786 loading class java/util/concurrent/ExecutionException
Event: 0.786 loading class java/util/concurrent/ExecutionException done
Event: 0.795 loading class java/util/concurrent/ConcurrentLinkedQueue
Event: 0.795 loading class java/util/concurrent/ConcurrentLinkedQueue done
Event: 0.795 loading class java/util/concurrent/ConcurrentLinkedQueue$Node
Event: 0.795 loading class java/util/concurrent/ConcurrentLinkedQueue$Node done


Dynamic libraries:
0x00007ff7d15f0000 - 0x00007ff7d1600000 	C:\Program Files\Java\jdk-17.0.2\bin\java.exe
0x00007ffd8e1d0000 - 0x00007ffd8e3c8000 	C:\Windows\SYSTEM32\ntdll.dll
0x00007ffd8dee0000 - 0x00007ffd8df9f000 	C:\Windows\System32\KERNEL32.DLL
0x00007ffd8be00000 - 0x00007ffd8c0f6000 	C:\Windows\System32\KERNELBASE.dll
0x00007ffd8c100000 - 0x00007ffd8c200000 	C:\Windows\System32\ucrtbase.dll
0x00007ffd6a490000 - 0x00007ffd6a4a8000 	C:\Program Files\Java\jdk-17.0.2\bin\jli.dll
0x00007ffd8d6a0000 - 0x00007ffd8d74f000 	C:\Windows\System32\ADVAPI32.dll
0x00007ffd8d9d0000 - 0x00007ffd8da6e000 	C:\Windows\System32\msvcrt.dll
0x00007ffd8d3c0000 - 0x00007ffd8d45c000 	C:\Windows\System32\sechost.dll
0x00007ffd8e030000 - 0x00007ffd8e156000 	C:\Windows\System32\RPCRT4.dll
0x00007ffd8d0e0000 - 0x00007ffd8d27d000 	C:\Windows\System32\USER32.dll
0x00007ffd8bdd0000 - 0x00007ffd8bdf2000 	C:\Windows\System32\win32u.dll
0x00007ffd8e000000 - 0x00007ffd8e02c000 	C:\Windows\System32\GDI32.dll
0x00007ffd8bcb0000 - 0x00007ffd8bdc5000 	C:\Windows\System32\gdi32full.dll
0x00007ffd8b880000 - 0x00007ffd8b91d000 	C:\Windows\System32\msvcp_win.dll
0x00007ffd7b8d0000 - 0x00007ffd7b8ea000 	C:\Program Files\Java\jdk-17.0.2\bin\VCRUNTIME140.dll
0x00007ffd7c650000 - 0x00007ffd7c8ea000 	C:\Windows\WinSxS\amd64_microsoft.windows.common-controls_6595b64144ccf1df_6.0.19041.1110_none_60b5254171f9507e\COMCTL32.dll
0x00007ffd86780000 - 0x00007ffd8678a000 	C:\Windows\SYSTEM32\VERSION.dll
0x00007ffd8d5a0000 - 0x00007ffd8d5d0000 	C:\Windows\System32\IMM32.DLL
0x00007ffd6fe00000 - 0x00007ffd6ff18000 	C:\Program Files (x86)\Citrix\ICA Client\epclient64.dll
0x00007ffd8a9b0000 - 0x00007ffd8a9e3000 	C:\Windows\SYSTEM32\ntmarta.dll
0x00007ffd7d610000 - 0x00007ffd7d61c000 	C:\Program Files\Java\jdk-17.0.2\bin\vcruntime140_1.dll
0x00007ffd5f830000 - 0x00007ffd5f8bd000 	C:\Program Files\Java\jdk-17.0.2\bin\msvcp140.dll
0x00007ffd41280000 - 0x00007ffd41e41000 	C:\Program Files\Java\jdk-17.0.2\bin\server\jvm.dll
0x0000029faca10000 - 0x0000029faca18000 	C:\Windows\System32\PSAPI.DLL
0x00007ffd6db50000 - 0x00007ffd6db59000 	C:\Windows\SYSTEM32\WSOCK32.dll
0x0000029fac870000 - 0x0000029fac8db000 	C:\Windows\System32\WS2_32.dll
0x00007ffd7fc80000 - 0x00007ffd7fca7000 	C:\Windows\SYSTEM32\WINMM.dll
0x00007ffd8a110000 - 0x00007ffd8a122000 	C:\Windows\SYSTEM32\kernel.appcore.dll
0x00007ffd7cb10000 - 0x00007ffd7cb1a000 	C:\Program Files\Java\jdk-17.0.2\bin\jimage.dll
0x00007ffd89490000 - 0x00007ffd89674000 	C:\Windows\SYSTEM32\DBGHELP.DLL
0x00007ffd6f8e0000 - 0x00007ffd6f914000 	C:\Windows\SYSTEM32\dbgcore.DLL
0x00007ffd8bc20000 - 0x00007ffd8bca2000 	C:\Windows\System32\bcryptPrimitives.dll
0x00007ffd86690000 - 0x00007ffd8669e000 	C:\Program Files\Java\jdk-17.0.2\bin\instrument.dll
0x00007ffd7a620000 - 0x00007ffd7a645000 	C:\Program Files\Java\jdk-17.0.2\bin\java.dll
0x00007ffd59e50000 - 0x00007ffd59f26000 	C:\Program Files\Java\jdk-17.0.2\bin\jsvml.dll
0x00007ffd8c580000 - 0x00007ffd8ccc4000 	C:\Windows\System32\SHELL32.dll
0x00007ffd89680000 - 0x00007ffd89e13000 	C:\Windows\SYSTEM32\windows.storage.dll
0x0000029fcb800000 - 0x0000029fcbb54000 	C:\Windows\System32\combase.dll
0x00007ffd8b1f0000 - 0x00007ffd8b21e000 	C:\Windows\SYSTEM32\Wldp.dll
0x00007ffd8d4f0000 - 0x00007ffd8d59d000 	C:\Windows\System32\SHCORE.dll
0x00007ffd8dfa0000 - 0x00007ffd8dff5000 	C:\Windows\System32\shlwapi.dll
0x00007ffd8b7c0000 - 0x00007ffd8b7df000 	C:\Windows\SYSTEM32\profapi.dll
0x00007ffd7b660000 - 0x00007ffd7b678000 	C:\Program Files\Java\jdk-17.0.2\bin\zip.dll
0x00007ffd79f70000 - 0x00007ffd79f89000 	C:\Program Files\Java\jdk-17.0.2\bin\net.dll
0x00007ffd86100000 - 0x00007ffd8620a000 	C:\Windows\SYSTEM32\WINHTTP.dll
0x00007ffd8af50000 - 0x00007ffd8afba000 	C:\Windows\system32\mswsock.dll
0x00007ffd72650000 - 0x00007ffd72666000 	C:\Program Files\Java\jdk-17.0.2\bin\nio.dll
0x00007ffd814a0000 - 0x00007ffd814ba000 	C:\Program Files\JetBrains\IntelliJ IDEA Community Edition 2023.3.3\bin\breakgen64.dll
0x0000000069ac0000 - 0x0000000069ae4000 	C:\Users\Miguel\AppData\Local\Temp\jansi-2.4.0-f0f86ef402ca13e3-jansi.dll
0x00007ffd7f400000 - 0x00007ffd7f410000 	C:\Program Files\Java\jdk-17.0.2\bin\verify.dll

dbghelp: loaded successfully - version: 4.0.5 - missing functions: none
symbol engine: initialized successfully - sym options: 0x614 - pdb path: .;C:\Program Files\Java\jdk-17.0.2\bin;C:\Windows\SYSTEM32;C:\Windows\WinSxS\amd64_microsoft.windows.common-controls_6595b64144ccf1df_6.0.19041.1110_none_60b5254171f9507e;C:\Program Files (x86)\Citrix\ICA Client;C:\Program Files\Java\jdk-17.0.2\bin\server;C:\Program Files\JetBrains\IntelliJ IDEA Community Edition 2023.3.3\bin;C:\Users\Miguel\AppData\Local\Temp

VM Arguments:
jvm_args: -Dmaven.multiModuleProjectDirectory=D:\java\SPRING BOOT\entrevista prueba tecnica TCS dev java\prueba-rest-spring -Djansi.passthrough=true -Dmaven.home=C:\Users\Miguel\.m2\wrapper\dists\apache-maven-3.9.6-bin\439sdfsg2nbdob9ciift5h5nse\apache-maven-3.9.6 -Dclassworlds.conf=C:\Users\Miguel\.m2\wrapper\dists\apache-maven-3.9.6-bin\439sdfsg2nbdob9ciift5h5nse\apache-maven-3.9.6\bin\m2.conf -Dmaven.ext.class.path=C:\Program Files\JetBrains\IntelliJ IDEA Community Edition 2023.3.3\plugins\maven\lib\maven-event-listener.jar -javaagent:C:\Program Files\JetBrains\IntelliJ IDEA Community Edition 2023.3.3\lib\idea_rt.jar=58002:C:\Program Files\JetBrains\IntelliJ IDEA Community Edition 2023.3.3\bin -Dfile.encoding=UTF-8 
java_command: org.codehaus.classworlds.Launcher -Didea.version=2023.3.3 org.springframework.boot:spring-boot-maven-plugin:3.2.5:run
java_class_path (initial): C:\Users\Miguel\.m2\wrapper\dists\apache-maven-3.9.6-bin\439sdfsg2nbdob9ciift5h5nse\apache-maven-3.9.6\boot\plexus-classworlds-2.7.0.jar;C:\Users\Miguel\.m2\wrapper\dists\apache-maven-3.9.6-bin\439sdfsg2nbdob9ciift5h5nse\apache-maven-3.9.6\boot\plexus-classworlds.license
Launcher Type: SUN_STANDARD

[Global flags]
     intx CICompilerCount                          = 3                                         {product} {ergonomic}
     uint ConcGCThreads                            = 2                                         {product} {ergonomic}
     uint G1ConcRefinementThreads                  = 6                                         {product} {ergonomic}
   size_t G1HeapRegionSize                         = 1048576                                   {product} {ergonomic}
    uintx GCDrainStackTargetSize                   = 64                                        {product} {ergonomic}
   size_t InitialHeapSize                          = 134217728                                 {product} {ergonomic}
   size_t MarkStackSize                            = 4194304                                   {product} {ergonomic}
   size_t MaxHeapSize                              = 2136997888                                {product} {ergonomic}
   size_t MaxNewSize                               = 1281359872                                {product} {ergonomic}
   size_t MinHeapDeltaBytes                        = 1048576                                   {product} {ergonomic}
   size_t MinHeapSize                              = 8388608                                   {product} {ergonomic}
    uintx NonNMethodCodeHeapSize                   = 5832780                                {pd product} {ergonomic}
    uintx NonProfiledCodeHeapSize                  = 122912730                              {pd product} {ergonomic}
    uintx ProfiledCodeHeapSize                     = 122912730                              {pd product} {ergonomic}
    uintx ReservedCodeCacheSize                    = 251658240                              {pd product} {ergonomic}
     bool SegmentedCodeCache                       = true                                      {product} {ergonomic}
   size_t SoftMaxHeapSize                          = 2136997888                             {manageable} {ergonomic}
     bool UseCompressedClassPointers               = true                           {product lp64_product} {ergonomic}
     bool UseCompressedOops                        = true                           {product lp64_product} {ergonomic}
     bool UseG1GC                                  = true                                      {product} {ergonomic}
     bool UseLargePagesIndividualAllocation        = false                                  {pd product} {ergonomic}

Logging:
Log output configuration:
 #0: stdout all=warning uptime,level,tags
 #1: stderr all=off uptime,level,tags

Environment Variables:
JAVA_HOME=C:\Program Files\Java\jdk-17.0.2
PATH=C:\app\Miguel\product\21c\dbhomeXE\bin;C:\Program Files (x86)\Razer Chroma SDK\bin;C:\Program Files\Razer Chroma SDK\bin;C:\Program Files (x86)\Razer\ChromaBroadcast\bin;C:\Program Files\Razer\ChromaBroadcast\bin;C:\Program Files\Common Files\Oracle\Java\javapath;C:\ProgramData\Oracle\Java\javapath;C:\Windows\system32;C:\Windows;C:\Windows\System32\Wbem;C:\Windows\System32\WindowsPowerShell\v1.0\;C:\Windows\System32\OpenSSH\;C:\Program Files\nodejs\;C:\Program Files\Git\cmd;C:\Program Files\Java\jdk-17.0.2\bin;C:\Maven\apache-maven-3.8.4\bin;C:\Users\Miguel\AppData\Local\Microsoft\WindowsApps;C:\Users\Miguel\AppData\Local\Programs\Microsoft VS Code\bin;C:\Users\Miguel\AppData\Roaming\npm;C:\Program Files (x86)\VERIFONE\FST;C:\Windows\system32\config\systemprofile\AppData\Local\Microsoft\WindowsApps;C:\Program Files (x86)\Windows Kits\10\Windows Performance Toolkit\;C:\Program Files (x86)\Microsoft SQL Server\160\Tools\Binn\;C:\Program Files\Microsoft SQL Server\160\Tools\Binn\;C:\Program Files\Microsoft SQL Server\Client SDK\ODBC\170\Tools\Binn\;C:\Program Files\Microsoft SQL Server\160\DTS\Binn\;C:\Program Files\MySQL\MySQL Shell 8.0\bin\;C:\Users\Miguel\AppData\Local\Microsoft\WindowsApps;;C:\Users\Miguel\AppData\Local\Programs\Microsoft VS Code\bin;C:\Users\Miguel\AppData\Roaming\npm
USERNAME=Miguel
OS=Windows_NT
PROCESSOR_IDENTIFIER=AMD64 Family 21 Model 2 Stepping 0, AuthenticAMD



---------------  S Y S T E M  ---------------

OS:
 Windows 10 , 64 bit Build 19041 (10.0.19041.3031)
OS uptime: 1 days 3:02 hours

CPU: total 6 (initial active 6) (6 cores per cpu, 1 threads per core) family 21 model 2 stepping 0 microcode 0x0, cx8, cmov, fxsr, mmx, 3dnowpref, sse, sse2, sse3, ssse3, sse4a, sse4.1, sse4.2, popcnt, lzcnt, tsc, tscinvbit, avx, aes, clmul, bmi1, fma, vzeroupper, clflush

Memory: 4k page, system-wide physical 8149M (741M free)
TotalPageFile size 15317M (AvailPageFile size 5M)
current process WorkingSet (physical memory assigned to process): 67M, peak: 67M
current process commit charge ("private bytes"): 222M, peak: 222M

vm_info: Java HotSpot(TM) 64-Bit Server VM (17.0.2+8-LTS-86) for windows-amd64 JRE (17.0.2+8-LTS-86), built on Dec  7 2021 21:51:03 by "mach5one" with MS VC++ 16.8 / 16.9 (VS2019)

END.
