#
# There is insufficient memory for the Java Runtime Environment to continue.
# Native memory allocation (malloc) failed to allocate 1992864 bytes for Chunk::new
# Possible reasons:
#   The system is out of physical RAM or swap space
#   The process is running with CompressedOops enabled, and the Java Heap may be blocking the growth of the native heap
# Possible solutions:
#   Reduce memory load on the system
#   Increase physical memory or swap space
#   Check if swap backing store is full
#   Decrease Java heap size (-Xmx/-Xms)
#   Decrease number of Java threads
#   Decrease Java thread stack sizes (-Xss)
#   Set larger code cache with -XX:ReservedCodeCacheSize=
#   JVM is running with Unscaled Compressed Oops mode in which the Java heap is
#     placed in the first 4GB address space. The Java Heap base address is the
#     maximum limit for the native heap growth. Please use -XX:HeapBaseMinAddress
#     to set the Java Heap base and to place the Java Heap above 4GB virtual address.
# This output file may be truncated or incomplete.
#
#  Out of Memory Error (arena.cpp:189), pid=16620, tid=12716
#
# JRE version: Java(TM) SE Runtime Environment (17.0.2+8) (build 17.0.2+8-LTS-86)
# Java VM: Java HotSpot(TM) 64-Bit Server VM (17.0.2+8-LTS-86, mixed mode, sharing, tiered, compressed oops, compressed class ptrs, g1 gc, windows-amd64)
# No core dump will be written. Minidumps are not enabled by default on client versions of Windows
#

---------------  S U M M A R Y ------------

Command Line: -Dmaven.multiModuleProjectDirectory=D:\java\SPRING BOOT\entrevista prueba tecnica TCS dev java\prueba-rest-spring -Djansi.passthrough=true -Dmaven.home=C:\Users\Miguel\.m2\wrapper\dists\apache-maven-3.9.6-bin\439sdfsg2nbdob9ciift5h5nse\apache-maven-3.9.6 -Dclassworlds.conf=C:\Users\Miguel\.m2\wrapper\dists\apache-maven-3.9.6-bin\439sdfsg2nbdob9ciift5h5nse\apache-maven-3.9.6\bin\m2.conf -Dmaven.ext.class.path=C:\Program Files\JetBrains\IntelliJ IDEA Community Edition 2023.3.3\plugins\maven\lib\maven-event-listener.jar -javaagent:C:\Program Files\JetBrains\IntelliJ IDEA Community Edition 2023.3.3\lib\idea_rt.jar=51843:C:\Program Files\JetBrains\IntelliJ IDEA Community Edition 2023.3.3\bin -Dfile.encoding=UTF-8 org.codehaus.classworlds.Launcher -Didea.version=2023.3.3 org.springframework.boot:spring-boot-maven-plugin:3.2.5:run

Host: AMD FX(tm)-6300 Six-Core Processor             , 6 cores, 7G,  Windows 10 , 64 bit Build 19041 (10.0.19041.3031)
Time: Sat May 11 01:05:04 2024 Hora est. Pacífico, Sudamérica elapsed time: 6.806920 seconds (0d 0h 0m 6s)

---------------  T H R E A D  ---------------

Current thread (0x000001dfff2c8730):  JavaThread "C2 CompilerThread1" daemon [_thread_in_native, id=12716, stack(0x0000007fff800000,0x0000007fff900000)]


Current CompileTask:
C2:   6807 5822       4       com.sun.tools.javac.jvm.PoolReader::resolve (344 bytes)

Stack: [0x0000007fff800000,0x0000007fff900000]
Native frames: (J=compiled Java code, j=interpreted, Vv=VM code, C=native code)
V  [jvm.dll+0x670baa]
V  [jvm.dll+0x7cfcb4]
V  [jvm.dll+0x7d145e]
V  [jvm.dll+0x7d1ac3]
V  [jvm.dll+0x242bc5]
V  [jvm.dll+0xaa57b]
V  [jvm.dll+0xaab0c]
V  [jvm.dll+0x35fd07]
V  [jvm.dll+0x32a331]
V  [jvm.dll+0x3297da]
V  [jvm.dll+0x215c91]
V  [jvm.dll+0x2150b1]
V  [jvm.dll+0x1a1bbd]
V  [jvm.dll+0x224908]
V  [jvm.dll+0x222a6c]
V  [jvm.dll+0x7859bb]
V  [jvm.dll+0x77ff7a]
V  [jvm.dll+0x66fa35]
C  [ucrtbase.dll+0x21bb2]
C  [KERNEL32.DLL+0x17614]
C  [ntdll.dll+0x526f1]


---------------  P R O C E S S  ---------------

Threads class SMR info:
_java_thread_list=0x000001df86124b10, length=14, elements={
0x000001dfe55c3f60, 0x000001dfff2b9820, 0x000001dfff2ba3d0, 0x000001dfff2cf940,
0x000001dfff2d04f0, 0x000001dfff2d2eb0, 0x000001dfff2d3860, 0x000001dfff2c8c40,
0x000001dfff2c8220, 0x000001dfff3025e0, 0x000001dfff2a6250, 0x000001df84891ec0,
0x000001df84892390, 0x000001dfff2c8730
}

Java Threads: ( => current thread )
  0x000001dfe55c3f60 JavaThread "main" [_thread_in_Java, id=8572, stack(0x0000007ffe500000,0x0000007ffe600000)]
  0x000001dfff2b9820 JavaThread "Reference Handler" daemon [_thread_blocked, id=5456, stack(0x0000007ffeb00000,0x0000007ffec00000)]
  0x000001dfff2ba3d0 JavaThread "Finalizer" daemon [_thread_blocked, id=8500, stack(0x0000007ffec00000,0x0000007ffed00000)]
  0x000001dfff2cf940 JavaThread "Signal Dispatcher" daemon [_thread_blocked, id=13404, stack(0x0000007ffed00000,0x0000007ffee00000)]
  0x000001dfff2d04f0 JavaThread "Attach Listener" daemon [_thread_blocked, id=12064, stack(0x0000007ffee00000,0x0000007ffef00000)]
  0x000001dfff2d2eb0 JavaThread "Service Thread" daemon [_thread_blocked, id=7520, stack(0x0000007ffef00000,0x0000007fff000000)]
  0x000001dfff2d3860 JavaThread "Monitor Deflation Thread" daemon [_thread_blocked, id=684, stack(0x0000007fff000000,0x0000007fff100000)]
  0x000001dfff2c8c40 JavaThread "C2 CompilerThread0" daemon [_thread_in_native, id=10980, stack(0x0000007fff100000,0x0000007fff200000)]
  0x000001dfff2c8220 JavaThread "C1 CompilerThread0" daemon [_thread_blocked, id=1076, stack(0x0000007fff200000,0x0000007fff300000)]
  0x000001dfff3025e0 JavaThread "Sweeper thread" daemon [_thread_blocked, id=16364, stack(0x0000007fff300000,0x0000007fff400000)]
  0x000001dfff2a6250 JavaThread "Common-Cleaner" daemon [_thread_blocked, id=11044, stack(0x0000007fff400000,0x0000007fff500000)]
  0x000001df84891ec0 JavaThread "Monitor Ctrl-Break" daemon [_thread_in_native, id=208, stack(0x0000007fff500000,0x0000007fff600000)]
  0x000001df84892390 JavaThread "Notification Thread" daemon [_thread_blocked, id=2908, stack(0x0000007fff600000,0x0000007fff700000)]
=>0x000001dfff2c8730 JavaThread "C2 CompilerThread1" daemon [_thread_in_native, id=12716, stack(0x0000007fff800000,0x0000007fff900000)]

Other Threads:
  0x000001dfff2b5990 VMThread "VM Thread" [stack: 0x0000007ffea00000,0x0000007ffeb00000] [id=14824]
  0x000001dfe5619540 WatcherThread [stack: 0x0000007fff700000,0x0000007fff800000] [id=15356]
  0x000001dfe55fec00 GCTaskThread "GC Thread#0" [stack: 0x0000007ffe400000,0x0000007ffe500000] [id=13752]
  0x000001df852dae80 GCTaskThread "GC Thread#1" [stack: 0x0000007fff900000,0x0000007fffa00000] [id=6804]
  0x000001df853e5ff0 GCTaskThread "GC Thread#2" [stack: 0x0000007fffa00000,0x0000007fffb00000] [id=19060]
  0x000001df85362ce0 GCTaskThread "GC Thread#3" [stack: 0x0000007fffb00000,0x0000007fffc00000] [id=18956]
  0x000001df8506dad0 GCTaskThread "GC Thread#4" [stack: 0x0000007fffc00000,0x0000007fffd00000] [id=2584]
  0x000001df84f6d650 GCTaskThread "GC Thread#5" [stack: 0x0000007fffd00000,0x0000007fffe00000] [id=18328]
  0x000001dfe560f8a0 ConcurrentGCThread "G1 Main Marker" [stack: 0x0000007ffe600000,0x0000007ffe700000] [id=5748]
  0x000001dfe5610cc0 ConcurrentGCThread "G1 Conc#0" [stack: 0x0000007ffe700000,0x0000007ffe800000] [id=8540]
  0x000001df861d5850 ConcurrentGCThread "G1 Conc#1" [stack: 0x0000007fffe00000,0x0000007ffff00000] [id=15308]
  0x000001dfe5673fc0 ConcurrentGCThread "G1 Refine#0" [stack: 0x0000007ffe800000,0x0000007ffe900000] [id=19012]
  0x000001dfe5674880 ConcurrentGCThread "G1 Service" [stack: 0x0000007ffe900000,0x0000007ffea00000] [id=8152]

Threads with active compile tasks:
C2 CompilerThread0     6855 5642   !   4       com.sun.tools.javac.jvm.ClassReader::classSigToType (497 bytes)
C2 CompilerThread1     6856 5822       4       com.sun.tools.javac.jvm.PoolReader::resolve (344 bytes)

VM state: not at safepoint (normal execution)

VM Mutex/Monitor currently owned by a thread: None

Heap address: 0x0000000080a00000, size: 2038 MB, Compressed Oops mode: 32-bit

CDS archive(s) mapped at: [0x0000000800000000-0x0000000800bc0000-0x0000000800bc0000), size 12320768, SharedBaseAddress: 0x0000000800000000, ArchiveRelocationMode: 0.
Compressed class space mapped at: 0x0000000800c00000-0x0000000840c00000, reserved size: 1073741824
Narrow klass base: 0x0000000800000000, Narrow klass shift: 0, Narrow klass range: 0x100000000

GC Precious Log:
 CPUs: 6 total, 6 available
 Memory: 8149M
 Large Page Support: Disabled
 NUMA Support: Disabled
 Compressed Oops: Enabled (32-bit)
 Heap Region Size: 1M
 Heap Min Capacity: 8M
 Heap Initial Capacity: 128M
 Heap Max Capacity: 2038M
 Pre-touch: Disabled
 Parallel Workers: 6
 Concurrent Workers: 2
 Concurrent Refinement Workers: 6
 Periodic GC: Disabled

Heap:
 garbage-first heap   total 219136K, used 47616K [0x0000000080a00000, 0x0000000100000000)
  region size 1024K, 9 young (9216K), 3 survivors (3072K)
 Metaspace       used 27575K, committed 27840K, reserved 1081344K
  class space    used 3177K, committed 3328K, reserved 1048576K

Heap Regions: E=young(eden), S=young(survivor), O=old, HS=humongous(starts), HC=humongous(continues), CS=collection set, F=free, OA=open archive, CA=closed archive, TAMS=top-at-mark-start (previous, next)
|   0|0x0000000080a00000, 0x0000000080b00000, 0x0000000080b00000|100%| O|  |TAMS 0x0000000080b00000, 0x0000000080b00000| Untracked 
|   1|0x0000000080b00000, 0x0000000080c00000, 0x0000000080c00000|100%| O|  |TAMS 0x0000000080c00000, 0x0000000080c00000| Untracked 
|   2|0x0000000080c00000, 0x0000000080d00000, 0x0000000080d00000|100%| O|  |TAMS 0x0000000080d00000, 0x0000000080d00000| Untracked 
|   3|0x0000000080d00000, 0x0000000080e00000, 0x0000000080e00000|100%| O|  |TAMS 0x0000000080e00000, 0x0000000080e00000| Untracked 
|   4|0x0000000080e00000, 0x0000000080f00000, 0x0000000080f00000|100%|HS|  |TAMS 0x0000000080f00000, 0x0000000080f00000| Complete 
|   5|0x0000000080f00000, 0x0000000081000000, 0x0000000081000000|100%|HC|  |TAMS 0x0000000081000000, 0x0000000081000000| Complete 
|   6|0x0000000081000000, 0x0000000081100000, 0x0000000081100000|100%| O|  |TAMS 0x0000000081000000, 0x0000000081100000| Untracked 
|   7|0x0000000081100000, 0x0000000081200000, 0x0000000081200000|100%| O|  |TAMS 0x0000000081100000, 0x0000000081200000| Untracked 
|   8|0x0000000081200000, 0x0000000081300000, 0x0000000081300000|100%| O|  |TAMS 0x0000000081200000, 0x0000000081300000| Untracked 
|   9|0x0000000081300000, 0x0000000081400000, 0x0000000081400000|100%|HS|  |TAMS 0x0000000081300000, 0x0000000081300000| Complete 
|  10|0x0000000081400000, 0x0000000081500000, 0x0000000081500000|100%|HS|  |TAMS 0x0000000081400000, 0x0000000081500000| Complete 
|  11|0x0000000081500000, 0x0000000081600000, 0x0000000081600000|100%|HS|  |TAMS 0x0000000081500000, 0x0000000081600000| Complete 
|  12|0x0000000081600000, 0x0000000081700000, 0x0000000081700000|100%| O|  |TAMS 0x0000000081600000, 0x0000000081700000| Untracked 
|  13|0x0000000081700000, 0x0000000081800000, 0x0000000081800000|100%| O|  |TAMS 0x0000000081700000, 0x0000000081800000| Untracked 
|  14|0x0000000081800000, 0x0000000081900000, 0x0000000081900000|100%| O|  |TAMS 0x0000000081800000, 0x0000000081900000| Untracked 
|  15|0x0000000081900000, 0x0000000081a00000, 0x0000000081a00000|100%| O|  |TAMS 0x0000000081900000, 0x0000000081a00000| Untracked 
|  16|0x0000000081a00000, 0x0000000081b00000, 0x0000000081b00000|100%| O|  |TAMS 0x0000000081a00000, 0x0000000081b00000| Untracked 
|  17|0x0000000081b00000, 0x0000000081c00000, 0x0000000081c00000|100%| O|  |TAMS 0x0000000081b00000, 0x0000000081c00000| Untracked 
|  18|0x0000000081c00000, 0x0000000081d00000, 0x0000000081d00000|100%| O|  |TAMS 0x0000000081c00000, 0x0000000081d00000| Untracked 
|  19|0x0000000081d00000, 0x0000000081e00000, 0x0000000081e00000|100%| O|  |TAMS 0x0000000081d00000, 0x0000000081e00000| Untracked 
|  20|0x0000000081e00000, 0x0000000081f00000, 0x0000000081f00000|100%| O|  |TAMS 0x0000000081e00000, 0x0000000081f00000| Untracked 
|  21|0x0000000081f00000, 0x0000000082000000, 0x0000000082000000|100%| O|  |TAMS 0x0000000081f00000, 0x0000000082000000| Untracked 
|  22|0x0000000082000000, 0x0000000082100000, 0x0000000082100000|100%| O|  |TAMS 0x0000000082000000, 0x0000000082100000| Untracked 
|  23|0x0000000082100000, 0x0000000082200000, 0x0000000082200000|100%| O|  |TAMS 0x0000000082100000, 0x0000000082200000| Untracked 
|  24|0x0000000082200000, 0x0000000082300000, 0x0000000082300000|100%| O|  |TAMS 0x0000000082200000, 0x0000000082300000| Untracked 
|  25|0x0000000082300000, 0x0000000082400000, 0x0000000082400000|100%| O|  |TAMS 0x0000000082300000, 0x0000000082400000| Untracked 
|  26|0x0000000082400000, 0x0000000082400000, 0x0000000082500000|  0%| F|  |TAMS 0x0000000082400000, 0x0000000082400000| Untracked 
|  27|0x0000000082500000, 0x0000000082500000, 0x0000000082600000|  0%| F|  |TAMS 0x0000000082500000, 0x0000000082500000| Untracked 
|  28|0x0000000082600000, 0x0000000082600000, 0x0000000082700000|  0%| F|  |TAMS 0x0000000082600000, 0x0000000082600000| Untracked 
|  29|0x0000000082700000, 0x0000000082700000, 0x0000000082800000|  0%| F|  |TAMS 0x0000000082700000, 0x0000000082700000| Untracked 
|  30|0x0000000082800000, 0x0000000082800000, 0x0000000082900000|  0%| F|  |TAMS 0x0000000082800000, 0x0000000082800000| Untracked 
|  31|0x0000000082900000, 0x0000000082900000, 0x0000000082a00000|  0%| F|  |TAMS 0x0000000082900000, 0x0000000082900000| Untracked 
|  32|0x0000000082a00000, 0x0000000082a00000, 0x0000000082b00000|  0%| F|  |TAMS 0x0000000082a00000, 0x0000000082a00000| Untracked 
|  33|0x0000000082b00000, 0x0000000082c00000, 0x0000000082c00000|100%| O|  |TAMS 0x0000000082b00000, 0x0000000082c00000| Untracked 
|  34|0x0000000082c00000, 0x0000000082d00000, 0x0000000082d00000|100%| O|  |TAMS 0x0000000082c00000, 0x0000000082d00000| Untracked 
|  35|0x0000000082d00000, 0x0000000082d80000, 0x0000000082e00000| 50%| O|  |TAMS 0x0000000082d00000, 0x0000000082d80000| Untracked 
|  36|0x0000000082e00000, 0x0000000082e00000, 0x0000000082f00000|  0%| F|  |TAMS 0x0000000082e00000, 0x0000000082e00000| Untracked 
|  37|0x0000000082f00000, 0x0000000083000000, 0x0000000083000000|100%|HS|  |TAMS 0x0000000083000000, 0x0000000083000000| Complete 
|  38|0x0000000083000000, 0x0000000083100000, 0x0000000083100000|100%|HC|  |TAMS 0x0000000083100000, 0x0000000083100000| Complete 
|  39|0x0000000083100000, 0x0000000083200000, 0x0000000083200000|100%| O|  |TAMS 0x0000000083200000, 0x0000000083200000| Untracked 
|  40|0x0000000083200000, 0x0000000083300000, 0x0000000083300000|100%| O|  |TAMS 0x0000000083300000, 0x0000000083300000| Untracked 
|  41|0x0000000083300000, 0x0000000083400000, 0x0000000083400000|100%| O|  |TAMS 0x0000000083400000, 0x0000000083400000| Untracked 
|  42|0x0000000083400000, 0x0000000083500000, 0x0000000083500000|100%| O|  |TAMS 0x0000000083500000, 0x0000000083500000| Untracked 
|  43|0x0000000083500000, 0x0000000083500000, 0x0000000083600000|  0%| F|  |TAMS 0x0000000083500000, 0x0000000083500000| Untracked 
|  44|0x0000000083600000, 0x0000000083600000, 0x0000000083700000|  0%| F|  |TAMS 0x0000000083600000, 0x0000000083600000| Untracked 
|  45|0x0000000083700000, 0x0000000083700000, 0x0000000083800000|  0%| F|  |TAMS 0x0000000083700000, 0x0000000083700000| Untracked 
|  46|0x0000000083800000, 0x0000000083800000, 0x0000000083900000|  0%| F|  |TAMS 0x0000000083800000, 0x0000000083800000| Untracked 
|  47|0x0000000083900000, 0x0000000083900000, 0x0000000083a00000|  0%| F|  |TAMS 0x0000000083900000, 0x0000000083900000| Untracked 
|  48|0x0000000083a00000, 0x0000000083a00000, 0x0000000083b00000|  0%| F|  |TAMS 0x0000000083a00000, 0x0000000083a00000| Untracked 
|  49|0x0000000083b00000, 0x0000000083b00000, 0x0000000083c00000|  0%| F|  |TAMS 0x0000000083b00000, 0x0000000083b00000| Untracked 
|  50|0x0000000083c00000, 0x0000000083c00000, 0x0000000083d00000|  0%| F|  |TAMS 0x0000000083c00000, 0x0000000083c00000| Untracked 
|  51|0x0000000083d00000, 0x0000000083d00000, 0x0000000083e00000|  0%| F|  |TAMS 0x0000000083d00000, 0x0000000083d00000| Untracked 
|  52|0x0000000083e00000, 0x0000000083f00000, 0x0000000083f00000|100%| O|  |TAMS 0x0000000083f00000, 0x0000000083f00000| Untracked 
|  53|0x0000000083f00000, 0x0000000084000000, 0x0000000084000000|100%| O|  |TAMS 0x0000000084000000, 0x0000000084000000| Untracked 
|  54|0x0000000084000000, 0x0000000084100000, 0x0000000084100000|100%| O|  |TAMS 0x0000000084100000, 0x0000000084100000| Untracked 
|  55|0x0000000084100000, 0x0000000084200000, 0x0000000084200000|100%| O|  |TAMS 0x00000000841f7c00, 0x0000000084200000| Untracked 
|  56|0x0000000084200000, 0x0000000084200000, 0x0000000084300000|  0%| F|  |TAMS 0x0000000084200000, 0x0000000084200000| Untracked 
|  57|0x0000000084300000, 0x0000000084300000, 0x0000000084400000|  0%| F|  |TAMS 0x0000000084300000, 0x0000000084300000| Untracked 
|  58|0x0000000084400000, 0x0000000084400000, 0x0000000084500000|  0%| F|  |TAMS 0x0000000084400000, 0x0000000084400000| Untracked 
|  59|0x0000000084500000, 0x0000000084500000, 0x0000000084600000|  0%| F|  |TAMS 0x0000000084500000, 0x0000000084500000| Untracked 
|  60|0x0000000084600000, 0x0000000084600000, 0x0000000084700000|  0%| F|  |TAMS 0x0000000084600000, 0x0000000084600000| Untracked 
|  61|0x0000000084700000, 0x0000000084700000, 0x0000000084800000|  0%| F|  |TAMS 0x0000000084700000, 0x0000000084700000| Untracked 
|  62|0x0000000084800000, 0x0000000084800000, 0x0000000084900000|  0%| F|  |TAMS 0x0000000084800000, 0x0000000084800000| Untracked 
|  63|0x0000000084900000, 0x0000000084900000, 0x0000000084a00000|  0%| F|  |TAMS 0x0000000084900000, 0x0000000084900000| Untracked 
|  64|0x0000000084a00000, 0x0000000084a00000, 0x0000000084b00000|  0%| F|  |TAMS 0x0000000084a00000, 0x0000000084a00000| Untracked 
|  65|0x0000000084b00000, 0x0000000084b00000, 0x0000000084c00000|  0%| F|  |TAMS 0x0000000084b00000, 0x0000000084b00000| Untracked 
|  66|0x0000000084c00000, 0x0000000084d00000, 0x0000000084d00000|100%| S|CS|TAMS 0x0000000084c00000, 0x0000000084c00000| Complete 
|  67|0x0000000084d00000, 0x0000000084e00000, 0x0000000084e00000|100%| S|CS|TAMS 0x0000000084d00000, 0x0000000084d00000| Complete 
|  68|0x0000000084e00000, 0x0000000084f00000, 0x0000000084f00000|100%| S|CS|TAMS 0x0000000084e00000, 0x0000000084e00000| Complete 
|  69|0x0000000084f00000, 0x0000000084f00000, 0x0000000085000000|  0%| F|  |TAMS 0x0000000084f00000, 0x0000000084f00000| Untracked 
|  70|0x0000000085000000, 0x0000000085000000, 0x0000000085100000|  0%| F|  |TAMS 0x0000000085000000, 0x0000000085000000| Untracked 
|  71|0x0000000085100000, 0x0000000085100000, 0x0000000085200000|  0%| F|  |TAMS 0x0000000085100000, 0x0000000085100000| Untracked 
|  72|0x0000000085200000, 0x0000000085200000, 0x0000000085300000|  0%| F|  |TAMS 0x0000000085200000, 0x0000000085200000| Untracked 
|  73|0x0000000085300000, 0x0000000085300000, 0x0000000085400000|  0%| F|  |TAMS 0x0000000085300000, 0x0000000085300000| Untracked 
|  74|0x0000000085400000, 0x0000000085400000, 0x0000000085500000|  0%| F|  |TAMS 0x0000000085400000, 0x0000000085400000| Untracked 
|  75|0x0000000085500000, 0x0000000085500000, 0x0000000085600000|  0%| F|  |TAMS 0x0000000085500000, 0x0000000085500000| Untracked 
|  76|0x0000000085600000, 0x0000000085600000, 0x0000000085700000|  0%| F|  |TAMS 0x0000000085600000, 0x0000000085600000| Untracked 
|  77|0x0000000085700000, 0x0000000085700000, 0x0000000085800000|  0%| F|  |TAMS 0x0000000085700000, 0x0000000085700000| Untracked 
|  78|0x0000000085800000, 0x0000000085800000, 0x0000000085900000|  0%| F|  |TAMS 0x0000000085800000, 0x0000000085800000| Untracked 
|  79|0x0000000085900000, 0x0000000085900000, 0x0000000085a00000|  0%| F|  |TAMS 0x0000000085900000, 0x0000000085900000| Untracked 
|  80|0x0000000085a00000, 0x0000000085a00000, 0x0000000085b00000|  0%| F|  |TAMS 0x0000000085a00000, 0x0000000085a00000| Untracked 
|  81|0x0000000085b00000, 0x0000000085b00000, 0x0000000085c00000|  0%| F|  |TAMS 0x0000000085b00000, 0x0000000085b00000| Untracked 
|  82|0x0000000085c00000, 0x0000000085c00000, 0x0000000085d00000|  0%| F|  |TAMS 0x0000000085c00000, 0x0000000085c00000| Untracked 
|  83|0x0000000085d00000, 0x0000000085d00000, 0x0000000085e00000|  0%| F|  |TAMS 0x0000000085d00000, 0x0000000085d00000| Untracked 
|  84|0x0000000085e00000, 0x0000000085e00000, 0x0000000085f00000|  0%| F|  |TAMS 0x0000000085e00000, 0x0000000085e00000| Untracked 
|  85|0x0000000085f00000, 0x0000000085f00000, 0x0000000086000000|  0%| F|  |TAMS 0x0000000085f00000, 0x0000000085f00000| Untracked 
|  86|0x0000000086000000, 0x0000000086000000, 0x0000000086100000|  0%| F|  |TAMS 0x0000000086000000, 0x0000000086000000| Untracked 
|  87|0x0000000086100000, 0x0000000086100000, 0x0000000086200000|  0%| F|  |TAMS 0x0000000086100000, 0x0000000086100000| Untracked 
|  88|0x0000000086200000, 0x0000000086200000, 0x0000000086300000|  0%| F|  |TAMS 0x0000000086200000, 0x0000000086200000| Untracked 
|  89|0x0000000086300000, 0x0000000086300000, 0x0000000086400000|  0%| F|  |TAMS 0x0000000086300000, 0x0000000086300000| Untracked 
|  90|0x0000000086400000, 0x0000000086400000, 0x0000000086500000|  0%| F|  |TAMS 0x0000000086400000, 0x0000000086400000| Untracked 
|  91|0x0000000086500000, 0x0000000086500000, 0x0000000086600000|  0%| F|  |TAMS 0x0000000086500000, 0x0000000086500000| Untracked 
|  92|0x0000000086600000, 0x0000000086600000, 0x0000000086700000|  0%| F|  |TAMS 0x0000000086600000, 0x0000000086600000| Untracked 
|  93|0x0000000086700000, 0x0000000086700000, 0x0000000086800000|  0%| F|  |TAMS 0x0000000086700000, 0x0000000086700000| Untracked 
|  94|0x0000000086800000, 0x0000000086800000, 0x0000000086900000|  0%| F|  |TAMS 0x0000000086800000, 0x0000000086800000| Untracked 
|  95|0x0000000086900000, 0x0000000086900000, 0x0000000086a00000|  0%| F|  |TAMS 0x0000000086900000, 0x0000000086900000| Untracked 
|  96|0x0000000086a00000, 0x0000000086a00000, 0x0000000086b00000|  0%| F|  |TAMS 0x0000000086a00000, 0x0000000086a00000| Untracked 
|  97|0x0000000086b00000, 0x0000000086b00000, 0x0000000086c00000|  0%| F|  |TAMS 0x0000000086b00000, 0x0000000086b00000| Untracked 
|  98|0x0000000086c00000, 0x0000000086c00000, 0x0000000086d00000|  0%| F|  |TAMS 0x0000000086c00000, 0x0000000086c00000| Untracked 
|  99|0x0000000086d00000, 0x0000000086d00000, 0x0000000086e00000|  0%| F|  |TAMS 0x0000000086d00000, 0x0000000086d00000| Untracked 
| 100|0x0000000086e00000, 0x0000000086e00000, 0x0000000086f00000|  0%| F|  |TAMS 0x0000000086e00000, 0x0000000086e00000| Untracked 
| 101|0x0000000086f00000, 0x0000000086f00000, 0x0000000087000000|  0%| F|  |TAMS 0x0000000086f00000, 0x0000000086f00000| Untracked 
| 102|0x0000000087000000, 0x0000000087000000, 0x0000000087100000|  0%| F|  |TAMS 0x0000000087000000, 0x0000000087000000| Untracked 
| 103|0x0000000087100000, 0x0000000087100000, 0x0000000087200000|  0%| F|  |TAMS 0x0000000087100000, 0x0000000087100000| Untracked 
| 104|0x0000000087200000, 0x0000000087200000, 0x0000000087300000|  0%| F|  |TAMS 0x0000000087200000, 0x0000000087200000| Untracked 
| 105|0x0000000087300000, 0x0000000087300000, 0x0000000087400000|  0%| F|  |TAMS 0x0000000087300000, 0x0000000087300000| Untracked 
| 106|0x0000000087400000, 0x0000000087400000, 0x0000000087500000|  0%| F|  |TAMS 0x0000000087400000, 0x0000000087400000| Untracked 
| 107|0x0000000087500000, 0x0000000087500000, 0x0000000087600000|  0%| F|  |TAMS 0x0000000087500000, 0x0000000087500000| Untracked 
| 108|0x0000000087600000, 0x0000000087600000, 0x0000000087700000|  0%| F|  |TAMS 0x0000000087600000, 0x0000000087600000| Untracked 
| 109|0x0000000087700000, 0x0000000087700000, 0x0000000087800000|  0%| F|  |TAMS 0x0000000087700000, 0x0000000087700000| Untracked 
| 110|0x0000000087800000, 0x0000000087800000, 0x0000000087900000|  0%| F|  |TAMS 0x0000000087800000, 0x0000000087800000| Untracked 
| 111|0x0000000087900000, 0x0000000087900000, 0x0000000087a00000|  0%| F|  |TAMS 0x0000000087900000, 0x0000000087900000| Untracked 
| 112|0x0000000087a00000, 0x0000000087a00000, 0x0000000087b00000|  0%| F|  |TAMS 0x0000000087a00000, 0x0000000087a00000| Untracked 
| 113|0x0000000087b00000, 0x0000000087b00000, 0x0000000087c00000|  0%| F|  |TAMS 0x0000000087b00000, 0x0000000087b00000| Untracked 
| 114|0x0000000087c00000, 0x0000000087c00000, 0x0000000087d00000|  0%| F|  |TAMS 0x0000000087c00000, 0x0000000087c00000| Untracked 
| 115|0x0000000087d00000, 0x0000000087d00000, 0x0000000087e00000|  0%| F|  |TAMS 0x0000000087d00000, 0x0000000087d00000| Untracked 
| 116|0x0000000087e00000, 0x0000000087e00000, 0x0000000087f00000|  0%| F|  |TAMS 0x0000000087e00000, 0x0000000087e00000| Untracked 
| 117|0x0000000087f00000, 0x0000000087f00000, 0x0000000088000000|  0%| F|  |TAMS 0x0000000087f00000, 0x0000000087f00000| Untracked 
| 118|0x0000000088000000, 0x0000000088000000, 0x0000000088100000|  0%| F|  |TAMS 0x0000000088000000, 0x0000000088000000| Untracked 
| 119|0x0000000088100000, 0x0000000088100000, 0x0000000088200000|  0%| F|  |TAMS 0x0000000088100000, 0x0000000088100000| Untracked 
| 120|0x0000000088200000, 0x0000000088200000, 0x0000000088300000|  0%| F|  |TAMS 0x0000000088200000, 0x0000000088200000| Untracked 
| 121|0x0000000088300000, 0x0000000088300000, 0x0000000088400000|  0%| F|  |TAMS 0x0000000088300000, 0x0000000088300000| Untracked 
| 122|0x0000000088400000, 0x0000000088400000, 0x0000000088500000|  0%| F|  |TAMS 0x0000000088400000, 0x0000000088400000| Untracked 
| 123|0x0000000088500000, 0x0000000088500000, 0x0000000088600000|  0%| F|  |TAMS 0x0000000088500000, 0x0000000088500000| Untracked 
| 124|0x0000000088600000, 0x0000000088600000, 0x0000000088700000|  0%| F|  |TAMS 0x0000000088600000, 0x0000000088600000| Untracked 
| 125|0x0000000088700000, 0x0000000088700000, 0x0000000088800000|  0%| F|  |TAMS 0x0000000088700000, 0x0000000088700000| Untracked 
| 126|0x0000000088800000, 0x0000000088800000, 0x0000000088900000|  0%| F|  |TAMS 0x0000000088800000, 0x0000000088800000| Untracked 
| 127|0x0000000088900000, 0x0000000088900000, 0x0000000088a00000|  0%| F|  |TAMS 0x0000000088900000, 0x0000000088900000| Untracked 
| 128|0x0000000088a00000, 0x0000000088a00000, 0x0000000088b00000|  0%| F|  |TAMS 0x0000000088a00000, 0x0000000088a00000| Untracked 
| 129|0x0000000088b00000, 0x0000000088b00000, 0x0000000088c00000|  0%| F|  |TAMS 0x0000000088b00000, 0x0000000088b00000| Untracked 
| 130|0x0000000088c00000, 0x0000000088c00000, 0x0000000088d00000|  0%| F|  |TAMS 0x0000000088c00000, 0x0000000088c00000| Untracked 
| 131|0x0000000088d00000, 0x0000000088d00000, 0x0000000088e00000|  0%| F|  |TAMS 0x0000000088d00000, 0x0000000088d00000| Untracked 
| 132|0x0000000088e00000, 0x0000000088e00000, 0x0000000088f00000|  0%| F|  |TAMS 0x0000000088e00000, 0x0000000088e00000| Untracked 
| 133|0x0000000088f00000, 0x0000000088f00000, 0x0000000089000000|  0%| F|  |TAMS 0x0000000088f00000, 0x0000000088f00000| Untracked 
| 134|0x0000000089000000, 0x0000000089000000, 0x0000000089100000|  0%| F|  |TAMS 0x0000000089000000, 0x0000000089000000| Untracked 
| 135|0x0000000089100000, 0x0000000089100000, 0x0000000089200000|  0%| F|  |TAMS 0x0000000089100000, 0x0000000089100000| Untracked 
| 136|0x0000000089200000, 0x0000000089200000, 0x0000000089300000|  0%| F|  |TAMS 0x0000000089200000, 0x0000000089200000| Untracked 
| 137|0x0000000089300000, 0x0000000089300000, 0x0000000089400000|  0%| F|  |TAMS 0x0000000089300000, 0x0000000089300000| Untracked 
| 138|0x0000000089400000, 0x0000000089400000, 0x0000000089500000|  0%| F|  |TAMS 0x0000000089400000, 0x0000000089400000| Untracked 
| 139|0x0000000089500000, 0x0000000089500000, 0x0000000089600000|  0%| F|  |TAMS 0x0000000089500000, 0x0000000089500000| Untracked 
| 140|0x0000000089600000, 0x0000000089600000, 0x0000000089700000|  0%| F|  |TAMS 0x0000000089600000, 0x0000000089600000| Untracked 
| 141|0x0000000089700000, 0x0000000089700000, 0x0000000089800000|  0%| F|  |TAMS 0x0000000089700000, 0x0000000089700000| Untracked 
| 142|0x0000000089800000, 0x0000000089800000, 0x0000000089900000|  0%| F|  |TAMS 0x0000000089800000, 0x0000000089800000| Untracked 
| 143|0x0000000089900000, 0x0000000089900000, 0x0000000089a00000|  0%| F|  |TAMS 0x0000000089900000, 0x0000000089900000| Untracked 
| 144|0x0000000089a00000, 0x0000000089a00000, 0x0000000089b00000|  0%| F|  |TAMS 0x0000000089a00000, 0x0000000089a00000| Untracked 
| 145|0x0000000089b00000, 0x0000000089b00000, 0x0000000089c00000|  0%| F|  |TAMS 0x0000000089b00000, 0x0000000089b00000| Untracked 
| 146|0x0000000089c00000, 0x0000000089c00000, 0x0000000089d00000|  0%| F|  |TAMS 0x0000000089c00000, 0x0000000089c00000| Untracked 
| 147|0x0000000089d00000, 0x0000000089d00000, 0x0000000089e00000|  0%| F|  |TAMS 0x0000000089d00000, 0x0000000089d00000| Untracked 
| 148|0x0000000089e00000, 0x0000000089e00000, 0x0000000089f00000|  0%| F|  |TAMS 0x0000000089e00000, 0x0000000089e00000| Untracked 
| 149|0x0000000089f00000, 0x0000000089f00000, 0x000000008a000000|  0%| F|  |TAMS 0x0000000089f00000, 0x0000000089f00000| Untracked 
| 150|0x000000008a000000, 0x000000008a000000, 0x000000008a100000|  0%| F|  |TAMS 0x000000008a000000, 0x000000008a000000| Untracked 
| 151|0x000000008a100000, 0x000000008a100000, 0x000000008a200000|  0%| F|  |TAMS 0x000000008a100000, 0x000000008a100000| Untracked 
| 152|0x000000008a200000, 0x000000008a200000, 0x000000008a300000|  0%| F|  |TAMS 0x000000008a200000, 0x000000008a200000| Untracked 
| 153|0x000000008a300000, 0x000000008a300000, 0x000000008a400000|  0%| F|  |TAMS 0x000000008a300000, 0x000000008a300000| Untracked 
| 154|0x000000008a400000, 0x000000008a400000, 0x000000008a500000|  0%| F|  |TAMS 0x000000008a400000, 0x000000008a400000| Untracked 
| 155|0x000000008a500000, 0x000000008a500000, 0x000000008a600000|  0%| F|  |TAMS 0x000000008a500000, 0x000000008a500000| Untracked 
| 156|0x000000008a600000, 0x000000008a600000, 0x000000008a700000|  0%| F|  |TAMS 0x000000008a600000, 0x000000008a600000| Untracked 
| 157|0x000000008a700000, 0x000000008a700000, 0x000000008a800000|  0%| F|  |TAMS 0x000000008a700000, 0x000000008a700000| Untracked 
| 158|0x000000008a800000, 0x000000008a800000, 0x000000008a900000|  0%| F|  |TAMS 0x000000008a800000, 0x000000008a800000| Untracked 
| 159|0x000000008a900000, 0x000000008a900000, 0x000000008aa00000|  0%| F|  |TAMS 0x000000008a900000, 0x000000008a900000| Untracked 
| 160|0x000000008aa00000, 0x000000008aa00000, 0x000000008ab00000|  0%| F|  |TAMS 0x000000008aa00000, 0x000000008aa00000| Untracked 
| 161|0x000000008ab00000, 0x000000008ab00000, 0x000000008ac00000|  0%| F|  |TAMS 0x000000008ab00000, 0x000000008ab00000| Untracked 
| 162|0x000000008ac00000, 0x000000008ac00000, 0x000000008ad00000|  0%| F|  |TAMS 0x000000008ac00000, 0x000000008ac00000| Untracked 
| 163|0x000000008ad00000, 0x000000008ad00000, 0x000000008ae00000|  0%| F|  |TAMS 0x000000008ad00000, 0x000000008ad00000| Untracked 
| 164|0x000000008ae00000, 0x000000008ae00000, 0x000000008af00000|  0%| F|  |TAMS 0x000000008ae00000, 0x000000008ae00000| Untracked 
| 165|0x000000008af00000, 0x000000008af00000, 0x000000008b000000|  0%| F|  |TAMS 0x000000008af00000, 0x000000008af00000| Untracked 
| 166|0x000000008b000000, 0x000000008b000000, 0x000000008b100000|  0%| F|  |TAMS 0x000000008b000000, 0x000000008b000000| Untracked 
| 167|0x000000008b100000, 0x000000008b100000, 0x000000008b200000|  0%| F|  |TAMS 0x000000008b100000, 0x000000008b100000| Untracked 
| 168|0x000000008b200000, 0x000000008b200000, 0x000000008b300000|  0%| F|  |TAMS 0x000000008b200000, 0x000000008b200000| Untracked 
| 169|0x000000008b300000, 0x000000008b300000, 0x000000008b400000|  0%| F|  |TAMS 0x000000008b300000, 0x000000008b300000| Untracked 
| 170|0x000000008b400000, 0x000000008b400000, 0x000000008b500000|  0%| F|  |TAMS 0x000000008b400000, 0x000000008b400000| Untracked 
| 171|0x000000008b500000, 0x000000008b500000, 0x000000008b600000|  0%| F|  |TAMS 0x000000008b500000, 0x000000008b500000| Untracked 
| 172|0x000000008b600000, 0x000000008b600000, 0x000000008b700000|  0%| F|  |TAMS 0x000000008b600000, 0x000000008b600000| Untracked 
| 173|0x000000008b700000, 0x000000008b700000, 0x000000008b800000|  0%| F|  |TAMS 0x000000008b700000, 0x000000008b700000| Untracked 
| 174|0x000000008b800000, 0x000000008b800000, 0x000000008b900000|  0%| F|  |TAMS 0x000000008b800000, 0x000000008b800000| Untracked 
| 175|0x000000008b900000, 0x000000008b900000, 0x000000008ba00000|  0%| F|  |TAMS 0x000000008b900000, 0x000000008b900000| Untracked 
| 176|0x000000008ba00000, 0x000000008ba00000, 0x000000008bb00000|  0%| F|  |TAMS 0x000000008ba00000, 0x000000008ba00000| Untracked 
| 177|0x000000008bb00000, 0x000000008bb00000, 0x000000008bc00000|  0%| F|  |TAMS 0x000000008bb00000, 0x000000008bb00000| Untracked 
| 178|0x000000008bc00000, 0x000000008bc00000, 0x000000008bd00000|  0%| F|  |TAMS 0x000000008bc00000, 0x000000008bc00000| Untracked 
| 179|0x000000008bd00000, 0x000000008bd00000, 0x000000008be00000|  0%| F|  |TAMS 0x000000008bd00000, 0x000000008bd00000| Untracked 
| 180|0x000000008be00000, 0x000000008be00000, 0x000000008bf00000|  0%| F|  |TAMS 0x000000008be00000, 0x000000008be00000| Untracked 
| 181|0x000000008bf00000, 0x000000008bf00000, 0x000000008c000000|  0%| F|  |TAMS 0x000000008bf00000, 0x000000008bf00000| Untracked 
| 182|0x000000008c000000, 0x000000008c000000, 0x000000008c100000|  0%| F|  |TAMS 0x000000008c000000, 0x000000008c000000| Untracked 
| 183|0x000000008c100000, 0x000000008c100000, 0x000000008c200000|  0%| F|  |TAMS 0x000000008c100000, 0x000000008c100000| Untracked 
| 184|0x000000008c200000, 0x000000008c200000, 0x000000008c300000|  0%| F|  |TAMS 0x000000008c200000, 0x000000008c200000| Untracked 
| 185|0x000000008c300000, 0x000000008c300000, 0x000000008c400000|  0%| F|  |TAMS 0x000000008c300000, 0x000000008c300000| Untracked 
| 186|0x000000008c400000, 0x000000008c400000, 0x000000008c500000|  0%| F|  |TAMS 0x000000008c400000, 0x000000008c400000| Untracked 
| 187|0x000000008c500000, 0x000000008c500000, 0x000000008c600000|  0%| F|  |TAMS 0x000000008c500000, 0x000000008c500000| Untracked 
| 188|0x000000008c600000, 0x000000008c600000, 0x000000008c700000|  0%| F|  |TAMS 0x000000008c600000, 0x000000008c600000| Untracked 
| 189|0x000000008c700000, 0x000000008c700000, 0x000000008c800000|  0%| F|  |TAMS 0x000000008c700000, 0x000000008c700000| Untracked 
| 190|0x000000008c800000, 0x000000008c800000, 0x000000008c900000|  0%| F|  |TAMS 0x000000008c800000, 0x000000008c800000| Untracked 
| 191|0x000000008c900000, 0x000000008c900000, 0x000000008ca00000|  0%| F|  |TAMS 0x000000008c900000, 0x000000008c900000| Untracked 
| 192|0x000000008ca00000, 0x000000008ca00000, 0x000000008cb00000|  0%| F|  |TAMS 0x000000008ca00000, 0x000000008ca00000| Untracked 
| 193|0x000000008cb00000, 0x000000008cb00000, 0x000000008cc00000|  0%| F|  |TAMS 0x000000008cb00000, 0x000000008cb00000| Untracked 
| 194|0x000000008cc00000, 0x000000008cc00000, 0x000000008cd00000|  0%| F|  |TAMS 0x000000008cc00000, 0x000000008cc00000| Untracked 
| 195|0x000000008cd00000, 0x000000008cd00000, 0x000000008ce00000|  0%| F|  |TAMS 0x000000008cd00000, 0x000000008cd00000| Untracked 
| 196|0x000000008ce00000, 0x000000008ce00000, 0x000000008cf00000|  0%| F|  |TAMS 0x000000008ce00000, 0x000000008ce00000| Untracked 
| 197|0x000000008cf00000, 0x000000008cf00000, 0x000000008d000000|  0%| F|  |TAMS 0x000000008cf00000, 0x000000008cf00000| Untracked 
| 198|0x000000008d000000, 0x000000008d000000, 0x000000008d100000|  0%| F|  |TAMS 0x000000008d000000, 0x000000008d000000| Untracked 
| 199|0x000000008d100000, 0x000000008d100000, 0x000000008d200000|  0%| F|  |TAMS 0x000000008d100000, 0x000000008d100000| Untracked 
| 200|0x000000008d200000, 0x000000008d200000, 0x000000008d300000|  0%| F|  |TAMS 0x000000008d200000, 0x000000008d200000| Untracked 
| 201|0x000000008d300000, 0x000000008d300000, 0x000000008d400000|  0%| F|  |TAMS 0x000000008d300000, 0x000000008d300000| Untracked 
| 202|0x000000008d400000, 0x000000008d400000, 0x000000008d500000|  0%| F|  |TAMS 0x000000008d400000, 0x000000008d400000| Untracked 
| 203|0x000000008d500000, 0x000000008d500000, 0x000000008d600000|  0%| F|  |TAMS 0x000000008d500000, 0x000000008d500000| Untracked 
| 204|0x000000008d600000, 0x000000008d600000, 0x000000008d700000|  0%| F|  |TAMS 0x000000008d600000, 0x000000008d600000| Untracked 
| 205|0x000000008d700000, 0x000000008d700000, 0x000000008d800000|  0%| F|  |TAMS 0x000000008d700000, 0x000000008d700000| Untracked 
| 206|0x000000008d800000, 0x000000008d800000, 0x000000008d900000|  0%| F|  |TAMS 0x000000008d800000, 0x000000008d800000| Untracked 
| 207|0x000000008d900000, 0x000000008d980800, 0x000000008da00000| 50%| E|  |TAMS 0x000000008d900000, 0x000000008d900000| Complete 
| 208|0x000000008da00000, 0x000000008db00000, 0x000000008db00000|100%| E|CS|TAMS 0x000000008da00000, 0x000000008da00000| Complete 
| 209|0x000000008db00000, 0x000000008dc00000, 0x000000008dc00000|100%| E|CS|TAMS 0x000000008db00000, 0x000000008db00000| Complete 
| 210|0x000000008dc00000, 0x000000008dd00000, 0x000000008dd00000|100%| E|CS|TAMS 0x000000008dc00000, 0x000000008dc00000| Complete 
| 211|0x000000008dd00000, 0x000000008de00000, 0x000000008de00000|100%| E|CS|TAMS 0x000000008dd00000, 0x000000008dd00000| Complete 
| 212|0x000000008de00000, 0x000000008df00000, 0x000000008df00000|100%| E|CS|TAMS 0x000000008de00000, 0x000000008de00000| Complete 
| 213|0x000000008df00000, 0x000000008e000000, 0x000000008e000000|100%| E|CS|TAMS 0x000000008df00000, 0x000000008df00000| Complete 

Card table byte_map: [0x000001dffc310000,0x000001dffc710000] _byte_map_base: 0x000001dffbf0b000

Marking Bits (Prev, Next): (CMBitMap*) 0x000001dfe55ff0f0, (CMBitMap*) 0x000001dfe55ff0b0
 Prev Bits: [0x000001df80000000, 0x000001df81fd8000)
 Next Bits: [0x000001dffcb10000, 0x000001dffeae8000)

Polling page: 0x000001dfe3500000

Metaspace:

Usage:
  Non-class:     23.88 MB used.
      Class:      3.11 MB used.
       Both:     26.98 MB used.

Virtual space:
  Non-class space:       32.00 MB reserved,      24.00 MB ( 75%) committed,  4 nodes.
      Class space:        1.00 GB reserved,       3.25 MB ( <1%) committed,  1 nodes.
             Both:        1.03 GB reserved,      27.25 MB (  3%) committed. 

Chunk freelists:
   Non-Class:  3.89 MB
       Class:  736.00 KB
        Both:  4.61 MB

MaxMetaspaceSize: unlimited
CompressedClassSpaceSize: 1.00 GB
Initial GC threshold: 21.00 MB
Current GC threshold: 35.88 MB
CDS: on
MetaspaceReclaimPolicy: balanced
 - commit_granule_bytes: 65536.
 - commit_granule_words: 8192.
 - virtual_space_node_default_size: 1048576.
 - enlarge_chunks_in_place: 1.
 - new_chunks_are_fully_committed: 0.
 - uncommit_free_chunks: 1.
 - use_allocation_guard: 0.
 - handle_deallocations: 1.


Internal statistics:

num_allocs_failed_limit: 6.
num_arena_births: 172.
num_arena_deaths: 0.
num_vsnodes_births: 5.
num_vsnodes_deaths: 0.
num_space_committed: 436.
num_space_uncommitted: 0.
num_chunks_returned_to_freelist: 6.
num_chunks_taken_from_freelist: 1154.
num_chunk_merges: 6.
num_chunk_splits: 809.
num_chunks_enlarged: 634.
num_purges: 0.
num_inconsistent_stats: 0.

CodeHeap 'non-profiled nmethods': size=120000Kb used=2295Kb max_used=2810Kb free=117705Kb
 bounds [0x000001dff48d0000, 0x000001dff4b90000, 0x000001dffbe00000]
CodeHeap 'profiled nmethods': size=120000Kb used=10857Kb max_used=12408Kb free=109143Kb
 bounds [0x000001dfed3a0000, 0x000001dfedfc0000, 0x000001dff48d0000]
CodeHeap 'non-nmethods': size=5760Kb used=1202Kb max_used=1235Kb free=4557Kb
 bounds [0x000001dfece00000, 0x000001dfed070000, 0x000001dfed3a0000]
 total_blobs=5790 nmethods=5287 adapters=416
 compilation: enabled
              stopped_count=0, restarted_count=0
 full_count=0

Compilation events (20 events):
Event: 6.798 Thread 0x000001dfff2c8220 nmethod 6088 0x000001dfedb44290 code [0x000001dfedb44440, 0x000001dfedb445d8]
Event: 6.798 Thread 0x000001dfff2c8220 6089       2       com.sun.tools.javac.code.TypeTag::isSubRangeOf (18 bytes)
Event: 6.798 Thread 0x000001dfff2c8220 nmethod 6089 0x000001dfedebe510 code [0x000001dfedebe6a0, 0x000001dfedebe7d8]
Event: 6.798 Thread 0x000001dfff2c8220 6090       2       com.sun.tools.javac.code.Symbol::hiddenIn (33 bytes)
Event: 6.799 Thread 0x000001dfff2c8220 nmethod 6090 0x000001dfedb43c90 code [0x000001dfedb43e40, 0x000001dfedb44078]
Event: 6.799 Thread 0x000001dfff2c8220 6091       2       com.sun.tools.javac.code.Types$5::visitMethodType (10 bytes)
Event: 6.799 Thread 0x000001dfff2c8220 nmethod 6091 0x000001dfedee7b90 code [0x000001dfedee7d20, 0x000001dfedee7e88]
Event: 6.799 Thread 0x000001dfff2c8220 6092       2       com.sun.tools.javac.code.Types$5::visitMethodType (42 bytes)
Event: 6.799 Thread 0x000001dfff2c8220 nmethod 6092 0x000001dfed95c290 code [0x000001dfed95c460, 0x000001dfed95c728]
Event: 6.799 Thread 0x000001dfff2c8220 6093       2       com.sun.tools.javac.code.Symbol$MethodSymbol::overrides (11 bytes)
Event: 6.799 Thread 0x000001dfff2c8220 nmethod 6093 0x000001dfedec3790 code [0x000001dfedec3920, 0x000001dfedec3a48]
Event: 6.799 Thread 0x000001dfff2c8220 6094       2       com.sun.tools.javac.code.Symbol$MethodSymbol::overrides (252 bytes)
Event: 6.801 Thread 0x000001dfff2c8220 nmethod 6094 0x000001dfed680890 code [0x000001dfed680ba0, 0x000001dfed681858]
Event: 6.802 Thread 0x000001dfff2c8220 6098       2       com.sun.tools.javac.jvm.Code$LocalVar::lastRange (40 bytes)
Event: 6.802 Thread 0x000001dfff2c8220 nmethod 6098 0x000001dfedee7510 code [0x000001dfedee76c0, 0x000001dfedee78a8]
Event: 6.802 Thread 0x000001dfff2c8220 6095       2       com.sun.tools.javac.tree.JCTree$JCMethodInvocation::accept (6 bytes)
Event: 6.802 Thread 0x000001dfff2c8220 nmethod 6095 0x000001dfedec8890 code [0x000001dfedec8a20, 0x000001dfedec8b48]
Event: 6.802 Thread 0x000001dfff2c8220 6097       2       com.sun.tools.javac.tree.JCTree$JCBlock::getTag (4 bytes)
Event: 6.802 Thread 0x000001dfff2c8220 nmethod 6097 0x000001dfedef0010 code [0x000001dfedef01a0, 0x000001dfedef02b8]
Event: 6.802 Thread 0x000001dfff2c8220 6096       2       com.sun.tools.javac.jvm.PoolWriter::putDescriptor (17 bytes)

GC Heap History (16 events):
Event: 0.961 GC heap before
{Heap before GC invocations=0 (full 0):
 garbage-first heap   total 131072K, used 21504K [0x0000000080a00000, 0x0000000100000000)
  region size 1024K, 21 young (21504K), 0 survivors (0K)
 Metaspace       used 5764K, committed 5888K, reserved 1056768K
  class space    used 675K, committed 768K, reserved 1048576K
}
Event: 0.969 GC heap after
{Heap after GC invocations=1 (full 0):
 garbage-first heap   total 131072K, used 3780K [0x0000000080a00000, 0x0000000100000000)
  region size 1024K, 3 young (3072K), 3 survivors (3072K)
 Metaspace       used 5764K, committed 5888K, reserved 1056768K
  class space    used 675K, committed 768K, reserved 1048576K
}
Event: 1.597 GC heap before
{Heap before GC invocations=1 (full 0):
 garbage-first heap   total 131072K, used 30404K [0x0000000080a00000, 0x0000000100000000)
  region size 1024K, 29 young (29696K), 3 survivors (3072K)
 Metaspace       used 8801K, committed 8896K, reserved 1064960K
  class space    used 1029K, committed 1088K, reserved 1048576K
}
Event: 1.606 GC heap after
{Heap after GC invocations=2 (full 0):
 garbage-first heap   total 131072K, used 5257K [0x0000000080a00000, 0x0000000100000000)
  region size 1024K, 2 young (2048K), 2 survivors (2048K)
 Metaspace       used 8801K, committed 8896K, reserved 1064960K
  class space    used 1029K, committed 1088K, reserved 1048576K
}
Event: 3.455 GC heap before
{Heap before GC invocations=2 (full 0):
 garbage-first heap   total 131072K, used 81033K [0x0000000080a00000, 0x0000000100000000)
  region size 1024K, 76 young (77824K), 2 survivors (2048K)
 Metaspace       used 16007K, committed 16192K, reserved 1064960K
  class space    used 1879K, committed 1984K, reserved 1048576K
}
Event: 3.473 GC heap after
{Heap after GC invocations=3 (full 0):
 garbage-first heap   total 131072K, used 12954K [0x0000000080a00000, 0x0000000100000000)
  region size 1024K, 9 young (9216K), 9 survivors (9216K)
 Metaspace       used 16007K, committed 16192K, reserved 1064960K
  class space    used 1879K, committed 1984K, reserved 1048576K
}
Event: 4.996 GC heap before
{Heap before GC invocations=3 (full 0):
 garbage-first heap   total 131072K, used 112282K [0x0000000080a00000, 0x0000000100000000)
  region size 1024K, 72 young (73728K), 9 survivors (9216K)
 Metaspace       used 19868K, committed 20160K, reserved 1073152K
  class space    used 2284K, committed 2432K, reserved 1048576K
}
Event: 5.018 GC heap after
{Heap after GC invocations=4 (full 0):
 garbage-first heap   total 131072K, used 21471K [0x0000000080a00000, 0x0000000100000000)
  region size 1024K, 7 young (7168K), 7 survivors (7168K)
 Metaspace       used 19868K, committed 20160K, reserved 1073152K
  class space    used 2284K, committed 2432K, reserved 1048576K
}
Event: 5.138 GC heap before
{Heap before GC invocations=4 (full 0):
 garbage-first heap   total 131072K, used 28639K [0x0000000080a00000, 0x0000000100000000)
  region size 1024K, 13 young (13312K), 7 survivors (7168K)
 Metaspace       used 21226K, committed 21504K, reserved 1073152K
  class space    used 2484K, committed 2624K, reserved 1048576K
}
Event: 5.148 GC heap after
{Heap after GC invocations=5 (full 0):
 garbage-first heap   total 131072K, used 24382K [0x0000000080a00000, 0x0000000100000000)
  region size 1024K, 4 young (4096K), 4 survivors (4096K)
 Metaspace       used 21226K, committed 21504K, reserved 1073152K
  class space    used 2484K, committed 2624K, reserved 1048576K
}
Event: 6.204 GC heap before
{Heap before GC invocations=6 (full 0):
 garbage-first heap   total 86016K, used 63294K [0x0000000080a00000, 0x0000000100000000)
  region size 1024K, 41 young (41984K), 4 survivors (4096K)
 Metaspace       used 25899K, committed 26176K, reserved 1073152K
  class space    used 2996K, committed 3136K, reserved 1048576K
}
Event: 6.226 GC heap after
{Heap after GC invocations=7 (full 0):
 garbage-first heap   total 86016K, used 38230K [0x0000000080a00000, 0x0000000100000000)
  region size 1024K, 7 young (7168K), 7 survivors (7168K)
 Metaspace       used 25899K, committed 26176K, reserved 1073152K
  class space    used 2996K, committed 3136K, reserved 1048576K
}
Event: 6.229 GC heap before
{Heap before GC invocations=7 (full 0):
 garbage-first heap   total 86016K, used 39254K [0x0000000080a00000, 0x0000000100000000)
  region size 1024K, 8 young (8192K), 7 survivors (7168K)
 Metaspace       used 25901K, committed 26176K, reserved 1073152K
  class space    used 2996K, committed 3136K, reserved 1048576K
}
Event: 6.241 GC heap after
{Heap after GC invocations=8 (full 0):
 garbage-first heap   total 86016K, used 39424K [0x0000000080a00000, 0x0000000100000000)
  region size 1024K, 1 young (1024K), 1 survivors (1024K)
 Metaspace       used 25901K, committed 26176K, reserved 1073152K
  class space    used 2996K, committed 3136K, reserved 1048576K
}
Event: 6.471 GC heap before
{Heap before GC invocations=8 (full 0):
 garbage-first heap   total 86016K, used 52736K [0x0000000080a00000, 0x0000000100000000)
  region size 1024K, 15 young (15360K), 1 survivors (1024K)
 Metaspace       used 26392K, committed 26752K, reserved 1073152K
  class space    used 3032K, committed 3200K, reserved 1048576K
}
Event: 6.484 GC heap after
{Heap after GC invocations=9 (full 0):
 garbage-first heap   total 219136K, used 41472K [0x0000000080a00000, 0x0000000100000000)
  region size 1024K, 3 young (3072K), 3 survivors (3072K)
 Metaspace       used 26392K, committed 26752K, reserved 1073152K
  class space    used 3032K, committed 3200K, reserved 1048576K
}

Deoptimization events (20 events):
Event: 6.688 Thread 0x000001dfe55c3f60 Uncommon trap: trap_request=0xffffffde fr.pc=0x000001dff48e1b94 relative=0x0000000000000194
Event: 6.688 Thread 0x000001dfe55c3f60 Uncommon trap: reason=class_check action=maybe_recompile pc=0x000001dff48e1b94 method=java.lang.String.equals(Ljava/lang/Object;)Z @ 8 c2
Event: 6.688 Thread 0x000001dfe55c3f60 DEOPT PACKING pc=0x000001dff48e1b94 sp=0x0000007ffe5fc420
Event: 6.688 Thread 0x000001dfe55c3f60 DEOPT UNPACKING pc=0x000001dfece523a3 sp=0x0000007ffe5fc3c8 mode 2
Event: 6.688 Thread 0x000001dfe55c3f60 Uncommon trap: trap_request=0xffffffde fr.pc=0x000001dff48e1b94 relative=0x0000000000000194
Event: 6.688 Thread 0x000001dfe55c3f60 Uncommon trap: reason=class_check action=maybe_recompile pc=0x000001dff48e1b94 method=java.lang.String.equals(Ljava/lang/Object;)Z @ 8 c2
Event: 6.688 Thread 0x000001dfe55c3f60 DEOPT PACKING pc=0x000001dff48e1b94 sp=0x0000007ffe5fc420
Event: 6.688 Thread 0x000001dfe55c3f60 DEOPT UNPACKING pc=0x000001dfece523a3 sp=0x0000007ffe5fc3c8 mode 2
Event: 6.688 Thread 0x000001dfe55c3f60 Uncommon trap: trap_request=0xffffffde fr.pc=0x000001dff48e1b94 relative=0x0000000000000194
Event: 6.688 Thread 0x000001dfe55c3f60 Uncommon trap: reason=class_check action=maybe_recompile pc=0x000001dff48e1b94 method=java.lang.String.equals(Ljava/lang/Object;)Z @ 8 c2
Event: 6.688 Thread 0x000001dfe55c3f60 DEOPT PACKING pc=0x000001dff48e1b94 sp=0x0000007ffe5fc420
Event: 6.688 Thread 0x000001dfe55c3f60 DEOPT UNPACKING pc=0x000001dfece523a3 sp=0x0000007ffe5fc3c8 mode 2
Event: 6.688 Thread 0x000001dfe55c3f60 Uncommon trap: trap_request=0xffffffde fr.pc=0x000001dff48e1b94 relative=0x0000000000000194
Event: 6.688 Thread 0x000001dfe55c3f60 Uncommon trap: reason=class_check action=maybe_recompile pc=0x000001dff48e1b94 method=java.lang.String.equals(Ljava/lang/Object;)Z @ 8 c2
Event: 6.688 Thread 0x000001dfe55c3f60 DEOPT PACKING pc=0x000001dff48e1b94 sp=0x0000007ffe5fc420
Event: 6.688 Thread 0x000001dfe55c3f60 DEOPT UNPACKING pc=0x000001dfece523a3 sp=0x0000007ffe5fc3c8 mode 2
Event: 6.766 Thread 0x000001dfe55c3f60 Uncommon trap: trap_request=0xffffff3d fr.pc=0x000001dff4b69010 relative=0x0000000000000210
Event: 6.766 Thread 0x000001dfe55c3f60 Uncommon trap: reason=unstable_fused_if action=reinterpret pc=0x000001dff4b69010 method=com.sun.tools.javac.util.Convert.chars2utf([CI[BII)I @ 28 c2
Event: 6.766 Thread 0x000001dfe55c3f60 DEOPT PACKING pc=0x000001dff4b69010 sp=0x0000007ffe5fc7c0
Event: 6.766 Thread 0x000001dfe55c3f60 DEOPT UNPACKING pc=0x000001dfece523a3 sp=0x0000007ffe5fc720 mode 2

Classes unloaded (0 events):
No events

Classes redefined (0 events):
No events

Internal exceptions (20 events):
Event: 6.499 Thread 0x000001dfe55c3f60 Exception <a 'sun/nio/fs/WindowsException'{0x000000008df57448}> (0x000000008df57448) 
thrown [t:\workspace\open\src\hotspot\share\prims\jni.cpp, line 516]
Event: 6.499 Thread 0x000001dfe55c3f60 Exception <a 'sun/nio/fs/WindowsException'{0x000000008df57918}> (0x000000008df57918) 
thrown [t:\workspace\open\src\hotspot\share\prims\jni.cpp, line 516]
Event: 6.628 Thread 0x000001dfe55c3f60 Exception <a 'sun/nio/fs/WindowsException'{0x000000008de51900}> (0x000000008de51900) 
thrown [t:\workspace\open\src\hotspot\share\prims\jni.cpp, line 516]
Event: 6.635 Thread 0x000001dfe55c3f60 Exception <a 'sun/nio/fs/WindowsException'{0x000000008de59dc8}> (0x000000008de59dc8) 
thrown [t:\workspace\open\src\hotspot\share\prims\jni.cpp, line 516]
Event: 6.661 Thread 0x000001dfe55c3f60 Exception <a 'sun/nio/fs/WindowsException'{0x000000008def84f8}> (0x000000008def84f8) 
thrown [t:\workspace\open\src\hotspot\share\prims\jni.cpp, line 516]
Event: 6.713 Thread 0x000001dfe55c3f60 Exception <a 'sun/nio/fs/WindowsException'{0x000000008dc68cd8}> (0x000000008dc68cd8) 
thrown [t:\workspace\open\src\hotspot\share\prims\jni.cpp, line 516]
Event: 6.723 Thread 0x000001dfe55c3f60 Exception <a 'sun/nio/fs/WindowsException'{0x000000008dc86c60}> (0x000000008dc86c60) 
thrown [t:\workspace\open\src\hotspot\share\prims\jni.cpp, line 516]
Event: 6.727 Thread 0x000001dfe55c3f60 Exception <a 'sun/nio/fs/WindowsException'{0x000000008dc8e680}> (0x000000008dc8e680) 
thrown [t:\workspace\open\src\hotspot\share\prims\jni.cpp, line 516]
Event: 6.748 Thread 0x000001dfe55c3f60 Exception <a 'sun/nio/fs/WindowsException'{0x000000008db0b110}> (0x000000008db0b110) 
thrown [t:\workspace\open\src\hotspot\share\prims\jni.cpp, line 516]
Event: 6.771 Thread 0x000001dfe55c3f60 Exception <a 'sun/nio/fs/WindowsException'{0x000000008db4e128}> (0x000000008db4e128) 
thrown [t:\workspace\open\src\hotspot\share\prims\jni.cpp, line 516]
Event: 6.771 Thread 0x000001dfe55c3f60 Exception <a 'sun/nio/fs/WindowsException'{0x000000008db4e530}> (0x000000008db4e530) 
thrown [t:\workspace\open\src\hotspot\share\prims\jni.cpp, line 516]
Event: 6.772 Thread 0x000001dfe55c3f60 Exception <a 'sun/nio/fs/WindowsException'{0x000000008db56a90}> (0x000000008db56a90) 
thrown [t:\workspace\open\src\hotspot\share\prims\jni.cpp, line 516]
Event: 6.772 Thread 0x000001dfe55c3f60 Exception <a 'sun/nio/fs/WindowsException'{0x000000008db56e48}> (0x000000008db56e48) 
thrown [t:\workspace\open\src\hotspot\share\prims\jni.cpp, line 516]
Event: 6.773 Thread 0x000001dfe55c3f60 Exception <a 'sun/nio/fs/WindowsException'{0x000000008db65808}> (0x000000008db65808) 
thrown [t:\workspace\open\src\hotspot\share\prims\jni.cpp, line 516]
Event: 6.773 Thread 0x000001dfe55c3f60 Exception <a 'sun/nio/fs/WindowsException'{0x000000008db65c08}> (0x000000008db65c08) 
thrown [t:\workspace\open\src\hotspot\share\prims\jni.cpp, line 516]
Event: 6.773 Thread 0x000001dfe55c3f60 Exception <a 'sun/nio/fs/WindowsException'{0x000000008db671b8}> (0x000000008db671b8) 
thrown [t:\workspace\open\src\hotspot\share\prims\jni.cpp, line 516]
Event: 6.773 Thread 0x000001dfe55c3f60 Exception <a 'sun/nio/fs/WindowsException'{0x000000008db67638}> (0x000000008db67638) 
thrown [t:\workspace\open\src\hotspot\share\prims\jni.cpp, line 516]
Event: 6.779 Thread 0x000001dfe55c3f60 Exception <a 'sun/nio/fs/WindowsException'{0x000000008db7ce50}> (0x000000008db7ce50) 
thrown [t:\workspace\open\src\hotspot\share\prims\jni.cpp, line 516]
Event: 6.802 Thread 0x000001dfe55c3f60 Exception <a 'sun/nio/fs/WindowsException'{0x000000008dbbfe90}> (0x000000008dbbfe90) 
thrown [t:\workspace\open\src\hotspot\share\prims\jni.cpp, line 516]
Event: 6.803 Thread 0x000001dfe55c3f60 Exception <a 'sun/nio/fs/WindowsException'{0x000000008dbc0638}> (0x000000008dbc0638) 
thrown [t:\workspace\open\src\hotspot\share\prims\jni.cpp, line 516]

VM Operations (20 events):
Event: 6.257 Executing VM operation: HandshakeAllThreads
Event: 6.257 Executing VM operation: HandshakeAllThreads done
Event: 6.433 Executing VM operation: ICBufferFull
Event: 6.433 Executing VM operation: ICBufferFull done
Event: 6.471 Executing VM operation: G1TryInitiateConcMark
Event: 6.485 Executing VM operation: G1TryInitiateConcMark done
Event: 6.518 Executing VM operation: HandshakeAllThreads
Event: 6.518 Executing VM operation: HandshakeAllThreads done
Event: 6.518 Executing VM operation: HandshakeAllThreads
Event: 6.518 Executing VM operation: HandshakeAllThreads done
Event: 6.539 Executing VM operation: HandshakeAllThreads
Event: 6.539 Executing VM operation: HandshakeAllThreads done
Event: 6.553 Executing VM operation: HandshakeAllThreads
Event: 6.553 Executing VM operation: HandshakeAllThreads done
Event: 6.586 Executing VM operation: HandshakeAllThreads
Event: 6.586 Executing VM operation: HandshakeAllThreads done
Event: 6.587 Executing VM operation: HandshakeAllThreads
Event: 6.587 Executing VM operation: HandshakeAllThreads done
Event: 6.665 Executing VM operation: ICBufferFull
Event: 6.666 Executing VM operation: ICBufferFull done

Events (20 events):
Event: 6.563 Thread 0x000001dfff3025e0 flushing nmethod 0x000001dfedeb7410
Event: 6.563 Thread 0x000001dfff3025e0 flushing nmethod 0x000001dfedebc410
Event: 6.563 Thread 0x000001dfff3025e0 flushing nmethod 0x000001dfedebc790
Event: 6.563 Thread 0x000001dfff3025e0 flushing nmethod 0x000001dfedebe510
Event: 6.563 Thread 0x000001dfff3025e0 flushing nmethod 0x000001dfedec3790
Event: 6.563 Thread 0x000001dfff3025e0 flushing nmethod 0x000001dfedec8890
Event: 6.563 Thread 0x000001dfff3025e0 flushing nmethod 0x000001dfedee7510
Event: 6.563 Thread 0x000001dfff3025e0 flushing nmethod 0x000001dfedeeb090
Event: 6.563 Thread 0x000001dfff3025e0 flushing nmethod 0x000001dfedeeb410
Event: 6.563 Thread 0x000001dfff3025e0 flushing nmethod 0x000001dfedeeb790
Event: 6.563 Thread 0x000001dfff3025e0 flushing nmethod 0x000001dfedeebb10
Event: 6.563 Thread 0x000001dfff3025e0 flushing nmethod 0x000001dfedeef690
Event: 6.563 Thread 0x000001dfff3025e0 flushing nmethod 0x000001dfedef0010
Event: 6.563 Thread 0x000001dfff3025e0 flushing nmethod 0x000001dfedef2910
Event: 6.563 Thread 0x000001dfff3025e0 flushing nmethod 0x000001dfedeff810
Event: 6.563 Thread 0x000001dfff3025e0 flushing nmethod 0x000001dfedf15e90
Event: 6.626 loading class java/util/function/ToIntBiFunction
Event: 6.626 loading class java/util/function/ToIntBiFunction done
Event: 6.715 loading class java/io/DataOutputStream
Event: 6.715 loading class java/io/DataOutputStream done


Dynamic libraries:
0x00007ff6adb70000 - 0x00007ff6adb80000 	C:\Program Files\Java\jdk-17.0.2\bin\java.exe
0x00007ffa5eef0000 - 0x00007ffa5f0e8000 	C:\Windows\SYSTEM32\ntdll.dll
0x00007ffa5ea00000 - 0x00007ffa5eabf000 	C:\Windows\System32\KERNEL32.DLL
0x00007ffa5ca20000 - 0x00007ffa5cd16000 	C:\Windows\System32\KERNELBASE.dll
0x00007ffa5cd20000 - 0x00007ffa5ce20000 	C:\Windows\System32\ucrtbase.dll
0x00007ffa2d340000 - 0x00007ffa2d358000 	C:\Program Files\Java\jdk-17.0.2\bin\jli.dll
0x00007ffa5d990000 - 0x00007ffa5da3f000 	C:\Windows\System32\ADVAPI32.dll
0x00007ffa5ede0000 - 0x00007ffa5ee7e000 	C:\Windows\System32\msvcrt.dll
0x00007ffa5d0d0000 - 0x00007ffa5d16c000 	C:\Windows\System32\sechost.dll
0x00007ffa5e8d0000 - 0x00007ffa5e9f6000 	C:\Windows\System32\RPCRT4.dll
0x00007ffa5cf30000 - 0x00007ffa5d0cd000 	C:\Windows\System32\USER32.dll
0x00007ffa5c970000 - 0x00007ffa5c992000 	C:\Windows\System32\win32u.dll
0x00007ffa5e080000 - 0x00007ffa5e0ac000 	C:\Windows\System32\GDI32.dll
0x00007ffa5c7a0000 - 0x00007ffa5c8b5000 	C:\Windows\System32\gdi32full.dll
0x00007ffa5c700000 - 0x00007ffa5c79d000 	C:\Windows\System32\msvcp_win.dll
0x00007ffa58c50000 - 0x00007ffa58c6a000 	C:\Program Files\Java\jdk-17.0.2\bin\VCRUNTIME140.dll
0x00007ffa4e120000 - 0x00007ffa4e3ba000 	C:\Windows\WinSxS\amd64_microsoft.windows.common-controls_6595b64144ccf1df_6.0.19041.1110_none_60b5254171f9507e\COMCTL32.dll
0x00007ffa57330000 - 0x00007ffa5733a000 	C:\Windows\SYSTEM32\VERSION.dll
0x00007ffa5e050000 - 0x00007ffa5e080000 	C:\Windows\System32\IMM32.DLL
0x00007ffa40760000 - 0x00007ffa40878000 	C:\Program Files (x86)\Citrix\ICA Client\epclient64.dll
0x00007ffa5b6b0000 - 0x00007ffa5b6e3000 	C:\Windows\SYSTEM32\ntmarta.dll
0x00007ffa57320000 - 0x00007ffa5732c000 	C:\Program Files\Java\jdk-17.0.2\bin\vcruntime140_1.dll
0x00007ffa500d0000 - 0x00007ffa5015d000 	C:\Program Files\Java\jdk-17.0.2\bin\msvcp140.dll
0x00007ffa062b0000 - 0x00007ffa06e71000 	C:\Program Files\Java\jdk-17.0.2\bin\server\jvm.dll
0x00007ffa5e830000 - 0x00007ffa5e838000 	C:\Windows\System32\PSAPI.DLL
0x00007ffa3fbf0000 - 0x00007ffa3fbf9000 	C:\Windows\SYSTEM32\WSOCK32.dll
0x00007ffa5e840000 - 0x00007ffa5e8ab000 	C:\Windows\System32\WS2_32.dll
0x00007ffa50970000 - 0x00007ffa50997000 	C:\Windows\SYSTEM32\WINMM.dll
0x00007ffa5ae30000 - 0x00007ffa5ae42000 	C:\Windows\SYSTEM32\kernel.appcore.dll
0x00007ffa57210000 - 0x00007ffa5721a000 	C:\Program Files\Java\jdk-17.0.2\bin\jimage.dll
0x00007ffa5a960000 - 0x00007ffa5ab44000 	C:\Windows\SYSTEM32\DBGHELP.DLL
0x00007ffa3f820000 - 0x00007ffa3f854000 	C:\Windows\SYSTEM32\dbgcore.DLL
0x000001dfe4cf0000 - 0x000001dfe4d72000 	C:\Windows\System32\bcryptPrimitives.dll
0x00007ffa58f60000 - 0x00007ffa58f6e000 	C:\Program Files\Java\jdk-17.0.2\bin\instrument.dll
0x00007ffa53030000 - 0x00007ffa53055000 	C:\Program Files\Java\jdk-17.0.2\bin\java.dll
0x00007ffa4f590000 - 0x00007ffa4f666000 	C:\Program Files\Java\jdk-17.0.2\bin\jsvml.dll
0x000001df83fe0000 - 0x000001df84724000 	C:\Windows\System32\SHELL32.dll
0x00007ffa5a0f0000 - 0x00007ffa5a883000 	C:\Windows\SYSTEM32\windows.storage.dll
0x00007ffa5dcf0000 - 0x00007ffa5e044000 	C:\Windows\System32\combase.dll
0x00007ffa5bf10000 - 0x00007ffa5bf3e000 	C:\Windows\SYSTEM32\Wldp.dll
0x00007ffa5e5e0000 - 0x00007ffa5e68d000 	C:\Windows\System32\SHCORE.dll
0x00007ffa5dc90000 - 0x00007ffa5dce5000 	C:\Windows\System32\shlwapi.dll
0x00007ffa5c4e0000 - 0x00007ffa5c4ff000 	C:\Windows\SYSTEM32\profapi.dll
0x00007ffa570b0000 - 0x00007ffa570c8000 	C:\Program Files\Java\jdk-17.0.2\bin\zip.dll
0x00007ffa56990000 - 0x00007ffa569a9000 	C:\Program Files\Java\jdk-17.0.2\bin\net.dll
0x00007ffa54ad0000 - 0x00007ffa54bda000 	C:\Windows\SYSTEM32\WINHTTP.dll
0x00007ffa5bc70000 - 0x00007ffa5bcda000 	C:\Windows\system32\mswsock.dll
0x00007ffa51470000 - 0x00007ffa51486000 	C:\Program Files\Java\jdk-17.0.2\bin\nio.dll
0x00007ffa58b60000 - 0x00007ffa58b7a000 	C:\Program Files\JetBrains\IntelliJ IDEA Community Edition 2023.3.3\bin\breakgen64.dll
0x0000000069ac0000 - 0x0000000069ae4000 	C:\Users\Miguel\AppData\Local\Temp\jansi-2.4.0-3a24b3a8ee62992e-jansi.dll
0x00007ffa33e90000 - 0x00007ffa33ea0000 	C:\Program Files\Java\jdk-17.0.2\bin\verify.dll

dbghelp: loaded successfully - version: 4.0.5 - missing functions: none
symbol engine: initialized successfully - sym options: 0x614 - pdb path: .;C:\Program Files\Java\jdk-17.0.2\bin;C:\Windows\SYSTEM32;C:\Windows\WinSxS\amd64_microsoft.windows.common-controls_6595b64144ccf1df_6.0.19041.1110_none_60b5254171f9507e;C:\Program Files (x86)\Citrix\ICA Client;C:\Program Files\Java\jdk-17.0.2\bin\server;C:\Program Files\JetBrains\IntelliJ IDEA Community Edition 2023.3.3\bin;C:\Users\Miguel\AppData\Local\Temp

VM Arguments:
jvm_args: -Dmaven.multiModuleProjectDirectory=D:\java\SPRING BOOT\entrevista prueba tecnica TCS dev java\prueba-rest-spring -Djansi.passthrough=true -Dmaven.home=C:\Users\Miguel\.m2\wrapper\dists\apache-maven-3.9.6-bin\439sdfsg2nbdob9ciift5h5nse\apache-maven-3.9.6 -Dclassworlds.conf=C:\Users\Miguel\.m2\wrapper\dists\apache-maven-3.9.6-bin\439sdfsg2nbdob9ciift5h5nse\apache-maven-3.9.6\bin\m2.conf -Dmaven.ext.class.path=C:\Program Files\JetBrains\IntelliJ IDEA Community Edition 2023.3.3\plugins\maven\lib\maven-event-listener.jar -javaagent:C:\Program Files\JetBrains\IntelliJ IDEA Community Edition 2023.3.3\lib\idea_rt.jar=51843:C:\Program Files\JetBrains\IntelliJ IDEA Community Edition 2023.3.3\bin -Dfile.encoding=UTF-8 
java_command: org.codehaus.classworlds.Launcher -Didea.version=2023.3.3 org.springframework.boot:spring-boot-maven-plugin:3.2.5:run
java_class_path (initial): C:\Users\Miguel\.m2\wrapper\dists\apache-maven-3.9.6-bin\439sdfsg2nbdob9ciift5h5nse\apache-maven-3.9.6\boot\plexus-classworlds-2.7.0.jar;C:\Users\Miguel\.m2\wrapper\dists\apache-maven-3.9.6-bin\439sdfsg2nbdob9ciift5h5nse\apache-maven-3.9.6\boot\plexus-classworlds.license
Launcher Type: SUN_STANDARD

[Global flags]
     intx CICompilerCount                          = 3                                         {product} {ergonomic}
     uint ConcGCThreads                            = 2                                         {product} {ergonomic}
     uint G1ConcRefinementThreads                  = 6                                         {product} {ergonomic}
   size_t G1HeapRegionSize                         = 1048576                                   {product} {ergonomic}
    uintx GCDrainStackTargetSize                   = 64                                        {product} {ergonomic}
   size_t InitialHeapSize                          = 134217728                                 {product} {ergonomic}
   size_t MarkStackSize                            = 4194304                                   {product} {ergonomic}
   size_t MaxHeapSize                              = 2136997888                                {product} {ergonomic}
   size_t MaxNewSize                               = 1281359872                                {product} {ergonomic}
   size_t MinHeapDeltaBytes                        = 1048576                                   {product} {ergonomic}
   size_t MinHeapSize                              = 8388608                                   {product} {ergonomic}
    uintx NonNMethodCodeHeapSize                   = 5832780                                {pd product} {ergonomic}
    uintx NonProfiledCodeHeapSize                  = 122912730                              {pd product} {ergonomic}
    uintx ProfiledCodeHeapSize                     = 122912730                              {pd product} {ergonomic}
    uintx ReservedCodeCacheSize                    = 251658240                              {pd product} {ergonomic}
     bool SegmentedCodeCache                       = true                                      {product} {ergonomic}
   size_t SoftMaxHeapSize                          = 2136997888                             {manageable} {ergonomic}
     bool UseCompressedClassPointers               = true                           {product lp64_product} {ergonomic}
     bool UseCompressedOops                        = true                           {product lp64_product} {ergonomic}
     bool UseG1GC                                  = true                                      {product} {ergonomic}
     bool UseLargePagesIndividualAllocation        = false                                  {pd product} {ergonomic}

Logging:
Log output configuration:
 #0: stdout all=warning uptime,level,tags
 #1: stderr all=off uptime,level,tags

Environment Variables:
JAVA_HOME=C:\Program Files\Java\jdk-17.0.2
PATH=C:\app\Miguel\product\21c\dbhomeXE\bin;C:\Program Files (x86)\Razer Chroma SDK\bin;C:\Program Files\Razer Chroma SDK\bin;C:\Program Files (x86)\Razer\ChromaBroadcast\bin;C:\Program Files\Razer\ChromaBroadcast\bin;C:\Program Files\Common Files\Oracle\Java\javapath;C:\ProgramData\Oracle\Java\javapath;C:\Windows\system32;C:\Windows;C:\Windows\System32\Wbem;C:\Windows\System32\WindowsPowerShell\v1.0\;C:\Windows\System32\OpenSSH\;C:\Program Files\nodejs\;C:\Program Files\Git\cmd;C:\Program Files\Java\jdk-17.0.2\bin;C:\Maven\apache-maven-3.8.4\bin;C:\Users\Miguel\AppData\Local\Microsoft\WindowsApps;C:\Users\Miguel\AppData\Local\Programs\Microsoft VS Code\bin;C:\Users\Miguel\AppData\Roaming\npm;C:\Program Files (x86)\VERIFONE\FST;C:\Windows\system32\config\systemprofile\AppData\Local\Microsoft\WindowsApps;C:\Program Files (x86)\Windows Kits\10\Windows Performance Toolkit\;C:\Program Files (x86)\Microsoft SQL Server\160\Tools\Binn\;C:\Program Files\Microsoft SQL Server\160\Tools\Binn\;C:\Program Files\Microsoft SQL Server\Client SDK\ODBC\170\Tools\Binn\;C:\Program Files\Microsoft SQL Server\160\DTS\Binn\;C:\Program Files\MySQL\MySQL Shell 8.0\bin\;C:\Users\Miguel\AppData\Local\Microsoft\WindowsApps;;C:\Users\Miguel\AppData\Local\Programs\Microsoft VS Code\bin;C:\Users\Miguel\AppData\Roaming\npm
USERNAME=Miguel
OS=Windows_NT
PROCESSOR_IDENTIFIER=AMD64 Family 21 Model 2 Stepping 0, AuthenticAMD



---------------  S Y S T E M  ---------------

OS:
 Windows 10 , 64 bit Build 19041 (10.0.19041.3031)
OS uptime: 0 days 15:17 hours

CPU: total 6 (initial active 6) (6 cores per cpu, 1 threads per core) family 21 model 2 stepping 0 microcode 0x0, cx8, cmov, fxsr, mmx, 3dnowpref, sse, sse2, sse3, ssse3, sse4a, sse4.1, sse4.2, popcnt, lzcnt, tsc, tscinvbit, avx, aes, clmul, bmi1, fma, vzeroupper, clflush

Memory: 4k page, system-wide physical 8149M (375M free)
TotalPageFile size 15317M (AvailPageFile size 5M)
current process WorkingSet (physical memory assigned to process): 231M, peak: 231M
current process commit charge ("private bytes"): 390M, peak: 392M

vm_info: Java HotSpot(TM) 64-Bit Server VM (17.0.2+8-LTS-86) for windows-amd64 JRE (17.0.2+8-LTS-86), built on Dec  7 2021 21:51:03 by "mach5one" with MS VC++ 16.8 / 16.9 (VS2019)

END.
