#
# There is insufficient memory for the Java Runtime Environment to continue.
# Native memory allocation (mmap) failed to map 62914560 bytes for G1 virtual space
# Possible reasons:
#   The system is out of physical RAM or swap space
#   The process is running with CompressedOops enabled, and the Java Heap may be blocking the growth of the native heap
# Possible solutions:
#   Reduce memory load on the system
#   Increase physical memory or swap space
#   Check if swap backing store is full
#   Decrease Java heap size (-Xmx/-Xms)
#   Decrease number of Java threads
#   Decrease Java thread stack sizes (-Xss)
#   Set larger code cache with -XX:ReservedCodeCacheSize=
#   JVM is running with Unscaled Compressed Oops mode in which the Java heap is
#     placed in the first 4GB address space. The Java Heap base address is the
#     maximum limit for the native heap growth. Please use -XX:HeapBaseMinAddress
#     to set the Java Heap base and to place the Java Heap above 4GB virtual address.
# This output file may be truncated or incomplete.
#
#  Out of Memory Error (os_windows.cpp:3532), pid=7788, tid=3332
#
# JRE version: Java(TM) SE Runtime Environment (17.0.2+8) (build 17.0.2+8-LTS-86)
# Java VM: Java HotSpot(TM) 64-Bit Server VM (17.0.2+8-LTS-86, mixed mode, emulated-client, sharing, tiered, compressed oops, compressed class ptrs, g1 gc, windows-amd64)
# No core dump will be written. Minidumps are not enabled by default on client versions of Windows
#

---------------  S U M M A R Y ------------

Command Line: -XX:TieredStopAtLevel=1 com.pruebatecnica.PruebaRestSpringApplication

Host: AMD FX(tm)-6300 Six-Core Processor             , 6 cores, 7G,  Windows 10 , 64 bit Build 19041 (10.0.19041.3031)
Time: Fri May 10 23:42:21 2024 Hora est. Pacífico, Sudamérica elapsed time: 6.020955 seconds (0d 0h 0m 6s)

---------------  T H R E A D  ---------------

Current thread (0x0000020cdfdf52e0):  VMThread "VM Thread" [stack: 0x000000c8df300000,0x000000c8df400000] [id=3332]

Stack: [0x000000c8df300000,0x000000c8df400000]
Native frames: (J=compiled Java code, j=interpreted, Vv=VM code, C=native code)
V  [jvm.dll+0x670baa]
V  [jvm.dll+0x7cfcb4]
V  [jvm.dll+0x7d145e]
V  [jvm.dll+0x7d1ac3]
V  [jvm.dll+0x242bc5]
V  [jvm.dll+0x66dac9]
V  [jvm.dll+0x662412]
V  [jvm.dll+0x300c0b]
V  [jvm.dll+0x3081a6]
V  [jvm.dll+0x357d0e]
V  [jvm.dll+0x357f3f]
V  [jvm.dll+0x2d7ec8]
V  [jvm.dll+0x2d6194]
V  [jvm.dll+0x2d579c]
V  [jvm.dll+0x328bac]
V  [jvm.dll+0x7d5f9b]
V  [jvm.dll+0x7d6cd4]
V  [jvm.dll+0x7d71ec]
V  [jvm.dll+0x7d75c4]
V  [jvm.dll+0x7d7690]
V  [jvm.dll+0x77ff7a]
V  [jvm.dll+0x66fa35]
C  [ucrtbase.dll+0x21bb2]
C  [KERNEL32.DLL+0x17614]
C  [ntdll.dll+0x526f1]

VM_Operation (0x000000c8deef8f50): CollectForMetadataAllocation, mode: safepoint, requested by thread 0x0000020ccbf47e50


---------------  P R O C E S S  ---------------

Threads class SMR info:
_java_thread_list=0x0000020ce2a846c0, length=21, elements={
0x0000020ccbf47e50, 0x0000020cdfdfbc40, 0x0000020cdfdfcc70, 0x0000020cdfe19ed0,
0x0000020cdfe1ae90, 0x0000020cdfe1ea20, 0x0000020cdfe1f750, 0x0000020ccbf1cf30,
0x0000020cdfe2a280, 0x0000020ccbf1f2a0, 0x0000020ce105ce00, 0x0000020ce106acc0,
0x0000020ccbf1c510, 0x0000020ce2aea090, 0x0000020ce2ae96f0, 0x0000020ce2ae7540,
0x0000020ce2ae83b0, 0x0000020ce2aeaa30, 0x0000020ce2ae7a10, 0x0000020ce2ae7ee0,
0x0000020ce2ae9bc0
}

Java Threads: ( => current thread )
  0x0000020ccbf47e50 JavaThread "main" [_thread_blocked, id=17084, stack(0x000000c8dee00000,0x000000c8def00000)]
  0x0000020cdfdfbc40 JavaThread "Reference Handler" daemon [_thread_blocked, id=9892, stack(0x000000c8df400000,0x000000c8df500000)]
  0x0000020cdfdfcc70 JavaThread "Finalizer" daemon [_thread_blocked, id=11776, stack(0x000000c8df500000,0x000000c8df600000)]
  0x0000020cdfe19ed0 JavaThread "Signal Dispatcher" daemon [_thread_blocked, id=16816, stack(0x000000c8df600000,0x000000c8df700000)]
  0x0000020cdfe1ae90 JavaThread "Attach Listener" daemon [_thread_blocked, id=3492, stack(0x000000c8df700000,0x000000c8df800000)]
  0x0000020cdfe1ea20 JavaThread "Service Thread" daemon [_thread_blocked, id=1452, stack(0x000000c8df800000,0x000000c8df900000)]
  0x0000020cdfe1f750 JavaThread "Monitor Deflation Thread" daemon [_thread_blocked, id=14932, stack(0x000000c8df900000,0x000000c8dfa00000)]
  0x0000020ccbf1cf30 JavaThread "C1 CompilerThread0" daemon [_thread_blocked, id=3916, stack(0x000000c8dfa00000,0x000000c8dfb00000)]
  0x0000020cdfe2a280 JavaThread "Sweeper thread" daemon [_thread_blocked, id=7280, stack(0x000000c8dfb00000,0x000000c8dfc00000)]
  0x0000020ccbf1f2a0 JavaThread "C1 CompilerThread1" daemon [_thread_blocked, id=11656, stack(0x000000c8dfc00000,0x000000c8dfd00000)]
  0x0000020ce105ce00 JavaThread "Notification Thread" daemon [_thread_blocked, id=616, stack(0x000000c8dfd00000,0x000000c8dfe00000)]
  0x0000020ce106acc0 JavaThread "Common-Cleaner" daemon [_thread_blocked, id=4092, stack(0x000000c8dff00000,0x000000c8e0000000)]
  0x0000020ccbf1c510 JavaThread "C1 CompilerThread2" daemon [_thread_blocked, id=12432, stack(0x000000c8e0000000,0x000000c8e0100000)]
  0x0000020ce2aea090 JavaThread "Catalina-utility-1" [_thread_blocked, id=3524, stack(0x000000c8e0800000,0x000000c8e0900000)]
  0x0000020ce2ae96f0 JavaThread "Catalina-utility-2" [_thread_blocked, id=15072, stack(0x000000c8e0900000,0x000000c8e0a00000)]
  0x0000020ce2ae7540 JavaThread "container-0" [_thread_blocked, id=6164, stack(0x000000c8e0a00000,0x000000c8e0b00000)]
  0x0000020ce2ae83b0 JavaThread "oracle.jdbc.driver.BlockSource.ThreadedCachingBlockSource.BlockReleaser" daemon [_thread_blocked, id=15188, stack(0x000000c8e0b00000,0x000000c8e0c00000)]
  0x0000020ce2aeaa30 JavaThread "InterruptTimer" daemon [_thread_blocked, id=7964, stack(0x000000c8e0c00000,0x000000c8e0d00000)]
  0x0000020ce2ae7a10 JavaThread "OJDBC-WORKER-THREAD-1" daemon [_thread_blocked, id=2956, stack(0x000000c8e0d00000,0x000000c8e0e00000)]
  0x0000020ce2ae7ee0 JavaThread "HikariPool-1 housekeeper" daemon [_thread_blocked, id=888, stack(0x000000c8e0e00000,0x000000c8e0f00000)]
  0x0000020ce2ae9bc0 JavaThread "HikariPool-1 connection adder" daemon [_thread_blocked, id=3376, stack(0x000000c8e0f00000,0x000000c8e1000000)]

Other Threads:
=>0x0000020cdfdf52e0 VMThread "VM Thread" [stack: 0x000000c8df300000,0x000000c8df400000] [id=3332]
  0x0000020ccbf35800 WatcherThread [stack: 0x000000c8dfe00000,0x000000c8dff00000] [id=14724]
  0x0000020cce242a10 GCTaskThread "GC Thread#0" [stack: 0x000000c8ded00000,0x000000c8dee00000] [id=1524]
  0x0000020ce178faa0 GCTaskThread "GC Thread#1" [stack: 0x000000c8e0100000,0x000000c8e0200000] [id=12548]
  0x0000020ce17a07f0 GCTaskThread "GC Thread#2" [stack: 0x000000c8e0200000,0x000000c8e0300000] [id=17312]
  0x0000020ce17dac90 GCTaskThread "GC Thread#3" [stack: 0x000000c8e0300000,0x000000c8e0400000] [id=1792]
  0x0000020ce17daf40 GCTaskThread "GC Thread#4" [stack: 0x000000c8e0400000,0x000000c8e0500000] [id=9372]
  0x0000020ce18de830 GCTaskThread "GC Thread#5" [stack: 0x000000c8e0600000,0x000000c8e0700000] [id=15724]
  0x0000020cce2539d0 ConcurrentGCThread "G1 Main Marker" [stack: 0x000000c8def00000,0x000000c8df000000] [id=10200]
  0x0000020cce2543e0 ConcurrentGCThread "G1 Conc#0" [stack: 0x000000c8df000000,0x000000c8df100000] [id=4136]
  0x0000020ce28a1e50 ConcurrentGCThread "G1 Conc#1" [stack: 0x000000c8e0500000,0x000000c8e0600000] [id=16096]
  0x0000020cce2aecc0 ConcurrentGCThread "G1 Refine#0" [stack: 0x000000c8df100000,0x000000c8df200000] [id=8720]
  0x0000020ce292b620 ConcurrentGCThread "G1 Refine#1" [stack: 0x000000c8e0700000,0x000000c8e0800000] [id=4156]
  0x0000020cdfcae910 ConcurrentGCThread "G1 Service" [stack: 0x000000c8df200000,0x000000c8df300000] [id=13904]

Threads with active compile tasks:

VM state: at safepoint (normal execution)

VM Mutex/Monitor currently owned by a thread:  ([mutex/lock_event])
[0x0000020cce201060] Threads_lock - owner thread: 0x0000020cdfdf52e0
[0x0000020cce202bf0] Heap_lock - owner thread: 0x0000020ccbf47e50

Heap address: 0x0000000080a00000, size: 2038 MB, Compressed Oops mode: 32-bit

CDS archive(s) mapped at: [0x0000000800000000-0x0000000800bc0000-0x0000000800bc0000), size 12320768, SharedBaseAddress: 0x0000000800000000, ArchiveRelocationMode: 0.
Compressed class space mapped at: 0x0000000800c00000-0x0000000840c00000, reserved size: 1073741824
Narrow klass base: 0x0000000800000000, Narrow klass shift: 0, Narrow klass range: 0x100000000

GC Precious Log:
 CPUs: 6 total, 6 available
 Memory: 8149M
 Large Page Support: Disabled
 NUMA Support: Disabled
 Compressed Oops: Enabled (32-bit)
 Heap Region Size: 1M
 Heap Min Capacity: 8M
 Heap Initial Capacity: 128M
 Heap Max Capacity: 2038M
 Pre-touch: Disabled
 Parallel Workers: 6
 Concurrent Workers: 2
 Concurrent Refinement Workers: 6
 Periodic GC: Disabled

Heap:
 garbage-first heap   total 61440K, used 26511K [0x0000000080a00000, 0x0000000100000000)
  region size 1024K, 2 young (2048K), 2 survivors (2048K)
 Metaspace       used 60207K, committed 60736K, reserved 1105920K
  class space    used 8640K, committed 8896K, reserved 1048576K

Heap Regions: E=young(eden), S=young(survivor), O=old, HS=humongous(starts), HC=humongous(continues), CS=collection set, F=free, OA=open archive, CA=closed archive, TAMS=top-at-mark-start (previous, next)
|   0|0x0000000080a00000, 0x0000000080b00000, 0x0000000080b00000|100%|HS|  |TAMS 0x0000000080b00000, 0x0000000080b00000| Complete 
|   1|0x0000000080b00000, 0x0000000080c00000, 0x0000000080c00000|100%| O|  |TAMS 0x0000000080c00000, 0x0000000080c00000| Untracked 
|   2|0x0000000080c00000, 0x0000000080d00000, 0x0000000080d00000|100%| O|  |TAMS 0x0000000080d00000, 0x0000000080d00000| Untracked 
|   3|0x0000000080d00000, 0x0000000080e00000, 0x0000000080e00000|100%| O|  |TAMS 0x0000000080e00000, 0x0000000080e00000| Untracked 
|   4|0x0000000080e00000, 0x0000000080f00000, 0x0000000080f00000|100%| O|  |TAMS 0x0000000080f00000, 0x0000000080f00000| Untracked 
|   5|0x0000000080f00000, 0x0000000081000000, 0x0000000081000000|100%| O|  |TAMS 0x0000000081000000, 0x0000000081000000| Untracked 
|   6|0x0000000081000000, 0x0000000081100000, 0x0000000081100000|100%| O|  |TAMS 0x0000000081000000, 0x0000000081100000| Untracked 
|   7|0x0000000081100000, 0x0000000081200000, 0x0000000081200000|100%| O|  |TAMS 0x0000000081200000, 0x0000000081200000| Untracked 
|   8|0x0000000081200000, 0x0000000081300000, 0x0000000081300000|100%| O|  |TAMS 0x0000000081300000, 0x0000000081300000| Untracked 
|   9|0x0000000081300000, 0x0000000081400000, 0x0000000081400000|100%| O|  |TAMS 0x0000000081400000, 0x0000000081400000| Untracked 
|  10|0x0000000081400000, 0x0000000081500000, 0x0000000081500000|100%| O|  |TAMS 0x0000000081500000, 0x0000000081500000| Untracked 
|  11|0x0000000081500000, 0x0000000081600000, 0x0000000081600000|100%| O|  |TAMS 0x0000000081600000, 0x0000000081600000| Untracked 
|  12|0x0000000081600000, 0x0000000081700000, 0x0000000081700000|100%| O|  |TAMS 0x0000000081700000, 0x0000000081700000| Untracked 
|  13|0x0000000081700000, 0x0000000081800000, 0x0000000081800000|100%| O|  |TAMS 0x0000000081800000, 0x0000000081800000| Untracked 
|  14|0x0000000081800000, 0x0000000081900000, 0x0000000081900000|100%| O|  |TAMS 0x0000000081900000, 0x0000000081900000| Untracked 
|  15|0x0000000081900000, 0x0000000081a00000, 0x0000000081a00000|100%| O|  |TAMS 0x0000000081a00000, 0x0000000081a00000| Untracked 
|  16|0x0000000081a00000, 0x0000000081b00000, 0x0000000081b00000|100%| O|  |TAMS 0x0000000081a00000, 0x0000000081a6d000| Untracked 
|  17|0x0000000081b00000, 0x0000000081c00000, 0x0000000081c00000|100%| O|  |TAMS 0x0000000081b00000, 0x0000000081c00000| Untracked 
|  18|0x0000000081c00000, 0x0000000081d00000, 0x0000000081d00000|100%| O|  |TAMS 0x0000000081c00000, 0x0000000081d00000| Untracked 
|  19|0x0000000081d00000, 0x0000000081e00000, 0x0000000081e00000|100%| O|  |TAMS 0x0000000081d00000, 0x0000000081e00000| Untracked 
|  20|0x0000000081e00000, 0x0000000081f00000, 0x0000000081f00000|100%| O|  |TAMS 0x0000000081e00000, 0x0000000081f00000| Untracked 
|  21|0x0000000081f00000, 0x0000000082000000, 0x0000000082000000|100%| O|  |TAMS 0x0000000081f00000, 0x0000000082000000| Untracked 
|  22|0x0000000082000000, 0x0000000082100000, 0x0000000082100000|100%| O|  |TAMS 0x0000000082000000, 0x0000000082000000| Untracked 
|  23|0x0000000082100000, 0x0000000082200000, 0x0000000082200000|100%| O|  |TAMS 0x0000000082100000, 0x0000000082100000| Untracked 
|  24|0x0000000082200000, 0x0000000082249c00, 0x0000000082300000| 28%| O|  |TAMS 0x0000000082200000, 0x0000000082200000| Untracked 
|  25|0x0000000082300000, 0x0000000082300000, 0x0000000082400000|  0%| F|  |TAMS 0x0000000082300000, 0x0000000082300000| Untracked 
|  26|0x0000000082400000, 0x0000000082400000, 0x0000000082500000|  0%| F|  |TAMS 0x0000000082400000, 0x0000000082400000| Untracked 
|  27|0x0000000082500000, 0x0000000082500000, 0x0000000082600000|  0%| F|  |TAMS 0x0000000082500000, 0x0000000082500000| Untracked 
|  28|0x0000000082600000, 0x0000000082600000, 0x0000000082700000|  0%| F|  |TAMS 0x0000000082600000, 0x0000000082600000| Untracked 
|  29|0x0000000082700000, 0x0000000082700000, 0x0000000082800000|  0%| F|  |TAMS 0x0000000082700000, 0x0000000082700000| Untracked 
|  30|0x0000000082800000, 0x0000000082800000, 0x0000000082900000|  0%| F|  |TAMS 0x0000000082800000, 0x0000000082800000| Untracked 
|  31|0x0000000082900000, 0x0000000082900000, 0x0000000082a00000|  0%| F|  |TAMS 0x0000000082900000, 0x0000000082900000| Untracked 
|  32|0x0000000082a00000, 0x0000000082a00000, 0x0000000082b00000|  0%| F|  |TAMS 0x0000000082a00000, 0x0000000082a00000| Untracked 
|  33|0x0000000082b00000, 0x0000000082b00000, 0x0000000082c00000|  0%| F|  |TAMS 0x0000000082b00000, 0x0000000082b00000| Untracked 
|  34|0x0000000082c00000, 0x0000000082c00000, 0x0000000082d00000|  0%| F|  |TAMS 0x0000000082c00000, 0x0000000082c00000| Untracked 
|  35|0x0000000082d00000, 0x0000000082d00000, 0x0000000082e00000|  0%| F|  |TAMS 0x0000000082d00000, 0x0000000082d00000| Untracked 
|  36|0x0000000082e00000, 0x0000000082e00000, 0x0000000082f00000|  0%| F|  |TAMS 0x0000000082e00000, 0x0000000082e00000| Untracked 
|  37|0x0000000082f00000, 0x0000000082f00000, 0x0000000083000000|  0%| F|  |TAMS 0x0000000082f00000, 0x0000000082f00000| Untracked 
|  38|0x0000000083000000, 0x0000000083000000, 0x0000000083100000|  0%| F|  |TAMS 0x0000000083000000, 0x0000000083000000| Untracked 
|  39|0x0000000083100000, 0x0000000083100000, 0x0000000083200000|  0%| F|  |TAMS 0x0000000083100000, 0x0000000083100000| Untracked 
|  40|0x0000000083200000, 0x0000000083200000, 0x0000000083300000|  0%| F|  |TAMS 0x0000000083200000, 0x0000000083200000| Untracked 
|  41|0x0000000083300000, 0x0000000083300000, 0x0000000083400000|  0%| F|  |TAMS 0x0000000083300000, 0x0000000083300000| Untracked 
|  42|0x0000000083400000, 0x0000000083400000, 0x0000000083500000|  0%| F|  |TAMS 0x0000000083400000, 0x0000000083400000| Untracked 
|  43|0x0000000083500000, 0x0000000083500000, 0x0000000083600000|  0%| F|  |TAMS 0x0000000083500000, 0x0000000083500000| Untracked 
|  44|0x0000000083600000, 0x0000000083600000, 0x0000000083700000|  0%| F|  |TAMS 0x0000000083600000, 0x0000000083600000| Untracked 
|  45|0x0000000083700000, 0x0000000083700000, 0x0000000083800000|  0%| F|  |TAMS 0x0000000083700000, 0x0000000083700000| Untracked 
|  46|0x0000000083800000, 0x0000000083800000, 0x0000000083900000|  0%| F|  |TAMS 0x0000000083800000, 0x0000000083800000| Untracked 
|  47|0x0000000083900000, 0x000000008399a2a0, 0x0000000083a00000| 60%| S|CS|TAMS 0x0000000083900000, 0x0000000083900000| Complete 
|  48|0x0000000083a00000, 0x0000000083b00000, 0x0000000083b00000|100%| S|CS|TAMS 0x0000000083a00000, 0x0000000083a00000| Complete 
|  49|0x0000000083b00000, 0x0000000083b00000, 0x0000000083c00000|  0%| F|  |TAMS 0x0000000083b00000, 0x0000000083b00000| Untracked 
|  50|0x0000000083c00000, 0x0000000083c00000, 0x0000000083d00000|  0%| F|  |TAMS 0x0000000083c00000, 0x0000000083c00000| Untracked 
|  51|0x0000000083d00000, 0x0000000083d00000, 0x0000000083e00000|  0%| F|  |TAMS 0x0000000083d00000, 0x0000000083d00000| Untracked 
|  52|0x0000000083e00000, 0x0000000083e00000, 0x0000000083f00000|  0%| F|  |TAMS 0x0000000083e00000, 0x0000000083e00000| Untracked 
|  53|0x0000000083f00000, 0x0000000083f00000, 0x0000000084000000|  0%| F|  |TAMS 0x0000000083f00000, 0x0000000083f00000| Untracked 
|  54|0x0000000084000000, 0x0000000084000000, 0x0000000084100000|  0%| F|  |TAMS 0x0000000084000000, 0x0000000084000000| Untracked 
|  55|0x0000000084100000, 0x0000000084100000, 0x0000000084200000|  0%| F|  |TAMS 0x0000000084100000, 0x0000000084100000| Untracked 
|  56|0x0000000084200000, 0x0000000084200000, 0x0000000084300000|  0%| F|  |TAMS 0x0000000084200000, 0x0000000084200000| Untracked 
|  57|0x0000000084300000, 0x0000000084300000, 0x0000000084400000|  0%| F|  |TAMS 0x0000000084300000, 0x0000000084300000| Untracked 
|  58|0x0000000084400000, 0x0000000084400000, 0x0000000084500000|  0%| F|  |TAMS 0x0000000084400000, 0x0000000084400000| Untracked 
| 127|0x0000000088900000, 0x0000000088900000, 0x0000000088a00000|  0%| F|  |TAMS 0x0000000088900000, 0x0000000088900000| Untracked 

Card table byte_map: [0x0000020cd8e30000,0x0000020cd9230000] _byte_map_base: 0x0000020cd8a2b000

Marking Bits (Prev, Next): (CMBitMap*) 0x0000020cce243020, (CMBitMap*) 0x0000020cce243060
 Prev Bits: [0x0000020cd9630000, 0x0000020cdb608000)
 Next Bits: [0x0000020cdb610000, 0x0000020cdd5e8000)

Polling page: 0x0000020ccd9b0000

Metaspace:

Usage:
  Non-class:     50.36 MB used.
      Class:      8.44 MB used.
       Both:     58.80 MB used.

Virtual space:
  Non-class space:       56.00 MB reserved,      50.62 MB ( 90%) committed,  7 nodes.
      Class space:        1.00 GB reserved,       8.69 MB ( <1%) committed,  1 nodes.
             Both:        1.05 GB reserved,      59.31 MB (  5%) committed. 

Chunk freelists:
   Non-Class:  1.07 MB
       Class:  3.36 MB
        Both:  4.43 MB

MaxMetaspaceSize: unlimited
CompressedClassSpaceSize: 1.00 GB
Initial GC threshold: 21.00 MB
Current GC threshold: 59.31 MB
CDS: on
MetaspaceReclaimPolicy: balanced
 - commit_granule_bytes: 65536.
 - commit_granule_words: 8192.
 - virtual_space_node_default_size: 1048576.
 - enlarge_chunks_in_place: 1.
 - new_chunks_are_fully_committed: 0.
 - uncommit_free_chunks: 1.
 - use_allocation_guard: 0.
 - handle_deallocations: 1.


Internal statistics:

num_allocs_failed_limit: 9.
num_arena_births: 674.
num_arena_deaths: 0.
num_vsnodes_births: 8.
num_vsnodes_deaths: 0.
num_space_committed: 949.
num_space_uncommitted: 0.
num_chunks_returned_to_freelist: 9.
num_chunks_taken_from_freelist: 2888.
num_chunk_merges: 9.
num_chunk_splits: 2117.
num_chunks_enlarged: 1678.
num_purges: 0.
num_inconsistent_stats: 0.

CodeCache: size=49152Kb used=9955Kb max_used=9955Kb free=39196Kb
 bounds [0x0000020cd5a30000, 0x0000020cd63f0000, 0x0000020cd8a30000]
 total_blobs=5629 nmethods=4948 adapters=607
 compilation: enabled
              stopped_count=0, restarted_count=0
 full_count=0

Compilation events (20 events):
Event: 5.993 Thread 0x0000020ccbf1cf30 4939       1       org.springframework.core.type.filter.AbstractTypeHierarchyTraversingFilter::matchClassName (2 bytes)
Event: 5.993 Thread 0x0000020ccbf1cf30 nmethod 4939 0x0000020cd63e5910 code [0x0000020cd63e5aa0, 0x0000020cd63e5b78]
Event: 5.995 Thread 0x0000020ccbf1f2a0 4940       1       org.springframework.aop.support.annotation.AnnotationClassFilter::matches (27 bytes)
Event: 5.995 Thread 0x0000020ccbf1c510 4941       1       org.springframework.aop.support.annotation.AnnotationMatchingPointcut::getClassFilter (5 bytes)
Event: 5.995 Thread 0x0000020ccbf1c510 nmethod 4941 0x0000020cd63e5c10 code [0x0000020cd63e5da0, 0x0000020cd63e5e78]
Event: 5.995 Thread 0x0000020ccbf1f2a0 nmethod 4940 0x0000020cd63e5f10 code [0x0000020cd63e60e0, 0x0000020cd63e6358]
Event: 5.995 Thread 0x0000020ccbf1f2a0 4942       1       org.springframework.dao.annotation.PersistenceExceptionTranslationAdvisor::getPointcut (5 bytes)
Event: 5.995 Thread 0x0000020ccbf1f2a0 nmethod 4942 0x0000020cd63e6510 code [0x0000020cd63e66a0, 0x0000020cd63e6778]
Event: 5.996 Thread 0x0000020ccbf1c510 4943       1       org.springframework.beans.factory.support.DefaultListableBeanFactory::findAnnotationOnBean (174 bytes)
Event: 5.997 Thread 0x0000020ccbf1c510 nmethod 4943 0x0000020cd63e6810 code [0x0000020cd63e6ac0, 0x0000020cd63e7168]
Event: 5.998 Thread 0x0000020ccbf1c510 4944       1       org.springframework.beans.factory.support.DefaultListableBeanFactory::findAnnotationOnBean (8 bytes)
Event: 5.998 Thread 0x0000020ccbf1c510 nmethod 4944 0x0000020cd63e7590 code [0x0000020cd63e7720, 0x0000020cd63e7808]
Event: 5.999 Thread 0x0000020ccbf1c510 4945       1       org.springframework.core.SerializableTypeWrapper$MethodParameterTypeProvider::<init> (59 bytes)
Event: 5.999 Thread 0x0000020ccbf1c510 nmethod 4945 0x0000020cd63e7890 code [0x0000020cd63e7a60, 0x0000020cd63e7d78]
Event: 6.003 Thread 0x0000020ccbf1cf30 4946       1       org.springframework.beans.factory.support.AbstractBeanFactory::getBean (9 bytes)
Event: 6.003 Thread 0x0000020ccbf1cf30 nmethod 4946 0x0000020cd63e7e90 code [0x0000020cd63e8020, 0x0000020cd63e8108]
Event: 6.004 Thread 0x0000020ccbf1cf30 4947       1       org.springframework.core.ResolvableType::forMethodParameter (40 bytes)
Event: 6.004 Thread 0x0000020ccbf1cf30 nmethod 4947 0x0000020cd63e8190 code [0x0000020cd63e8380, 0x0000020cd63e86c8]
Event: 6.004 Thread 0x0000020ccbf1cf30 4948       1       org.springframework.core.BridgeMethodResolver::isBridgeMethodFor (35 bytes)
Event: 6.005 Thread 0x0000020ccbf1cf30 nmethod 4948 0x0000020cd63e8910 code [0x0000020cd63e8ac0, 0x0000020cd63e8c48]

GC Heap History (20 events):
Event: 2.016 GC heap after
{Heap after GC invocations=3 (full 0):
 garbage-first heap   total 131072K, used 13989K [0x0000000080a00000, 0x0000000100000000)
  region size 1024K, 7 young (7168K), 7 survivors (7168K)
 Metaspace       used 21225K, committed 21504K, reserved 1073152K
  class space    used 2991K, committed 3136K, reserved 1048576K
}
Event: 2.590 GC heap before
{Heap before GC invocations=4 (full 0):
 garbage-first heap   total 51200K, used 37541K [0x0000000080a00000, 0x0000000100000000)
  region size 1024K, 30 young (30720K), 7 survivors (7168K)
 Metaspace       used 25421K, committed 25792K, reserved 1073152K
  class space    used 3650K, committed 3840K, reserved 1048576K
}
Event: 2.608 GC heap after
{Heap after GC invocations=5 (full 0):
 garbage-first heap   total 51200K, used 16714K [0x0000000080a00000, 0x0000000100000000)
  region size 1024K, 3 young (3072K), 3 survivors (3072K)
 Metaspace       used 25421K, committed 25792K, reserved 1073152K
  class space    used 3650K, committed 3840K, reserved 1048576K
}
Event: 2.629 GC heap before
{Heap before GC invocations=5 (full 0):
 garbage-first heap   total 51200K, used 16714K [0x0000000080a00000, 0x0000000100000000)
  region size 1024K, 4 young (4096K), 3 survivors (3072K)
 Metaspace       used 25631K, committed 26048K, reserved 1073152K
  class space    used 3665K, committed 3840K, reserved 1048576K
}
Event: 2.637 GC heap after
{Heap after GC invocations=6 (full 0):
 garbage-first heap   total 61440K, used 16967K [0x0000000080a00000, 0x0000000100000000)
  region size 1024K, 1 young (1024K), 1 survivors (1024K)
 Metaspace       used 25631K, committed 26048K, reserved 1073152K
  class space    used 3665K, committed 3840K, reserved 1048576K
}
Event: 3.258 GC heap before
{Heap before GC invocations=6 (full 0):
 garbage-first heap   total 61440K, used 43591K [0x0000000080a00000, 0x0000000100000000)
  region size 1024K, 27 young (27648K), 1 survivors (1024K)
 Metaspace       used 31493K, committed 31872K, reserved 1081344K
  class space    used 4425K, committed 4608K, reserved 1048576K
}
Event: 3.261 GC heap after
{Heap after GC invocations=7 (full 0):
 garbage-first heap   total 61440K, used 18602K [0x0000000080a00000, 0x0000000100000000)
  region size 1024K, 3 young (3072K), 3 survivors (3072K)
 Metaspace       used 31493K, committed 31872K, reserved 1081344K
  class space    used 4425K, committed 4608K, reserved 1048576K
}
Event: 3.616 GC heap before
{Heap before GC invocations=7 (full 0):
 garbage-first heap   total 61440K, used 33962K [0x0000000080a00000, 0x0000000100000000)
  region size 1024K, 19 young (19456K), 3 survivors (3072K)
 Metaspace       used 35610K, committed 36096K, reserved 1081344K
  class space    used 5070K, committed 5312K, reserved 1048576K
}
Event: 3.620 GC heap after
{Heap after GC invocations=8 (full 0):
 garbage-first heap   total 61440K, used 19339K [0x0000000080a00000, 0x0000000100000000)
  region size 1024K, 3 young (3072K), 3 survivors (3072K)
 Metaspace       used 35610K, committed 36096K, reserved 1081344K
  class space    used 5070K, committed 5312K, reserved 1048576K
}
Event: 4.268 GC heap before
{Heap before GC invocations=9 (full 0):
 garbage-first heap   total 61440K, used 44939K [0x0000000080a00000, 0x0000000100000000)
  region size 1024K, 29 young (29696K), 3 survivors (3072K)
 Metaspace       used 43491K, committed 44032K, reserved 1089536K
  class space    used 6097K, committed 6336K, reserved 1048576K
}
Event: 4.273 GC heap after
{Heap after GC invocations=10 (full 0):
 garbage-first heap   total 61440K, used 21310K [0x0000000080a00000, 0x0000000100000000)
  region size 1024K, 3 young (3072K), 3 survivors (3072K)
 Metaspace       used 43491K, committed 44032K, reserved 1089536K
  class space    used 6097K, committed 6336K, reserved 1048576K
}
Event: 4.290 GC heap before
{Heap before GC invocations=10 (full 0):
 garbage-first heap   total 61440K, used 22334K [0x0000000080a00000, 0x0000000100000000)
  region size 1024K, 4 young (4096K), 3 survivors (3072K)
 Metaspace       used 43787K, committed 44288K, reserved 1089536K
  class space    used 6148K, committed 6400K, reserved 1048576K
}
Event: 4.294 GC heap after
{Heap after GC invocations=11 (full 0):
 garbage-first heap   total 61440K, used 21103K [0x0000000080a00000, 0x0000000100000000)
  region size 1024K, 1 young (1024K), 1 survivors (1024K)
 Metaspace       used 43787K, committed 44288K, reserved 1089536K
  class space    used 6148K, committed 6400K, reserved 1048576K
}
Event: 4.764 GC heap before
{Heap before GC invocations=11 (full 0):
 garbage-first heap   total 61440K, used 46703K [0x0000000080a00000, 0x0000000100000000)
  region size 1024K, 26 young (26624K), 1 survivors (1024K)
 Metaspace       used 48727K, committed 49216K, reserved 1097728K
  class space    used 6830K, committed 7040K, reserved 1048576K
}
Event: 4.766 GC heap after
{Heap after GC invocations=12 (full 0):
 garbage-first heap   total 61440K, used 22009K [0x0000000080a00000, 0x0000000100000000)
  region size 1024K, 2 young (2048K), 2 survivors (2048K)
 Metaspace       used 48727K, committed 49216K, reserved 1097728K
  class space    used 6830K, committed 7040K, reserved 1048576K
}
Event: 5.314 GC heap before
{Heap before GC invocations=12 (full 0):
 garbage-first heap   total 61440K, used 45561K [0x0000000080a00000, 0x0000000100000000)
  region size 1024K, 26 young (26624K), 2 survivors (2048K)
 Metaspace       used 54744K, committed 55296K, reserved 1097728K
  class space    used 7878K, committed 8128K, reserved 1048576K
}
Event: 5.317 GC heap after
{Heap after GC invocations=13 (full 0):
 garbage-first heap   total 61440K, used 22944K [0x0000000080a00000, 0x0000000100000000)
  region size 1024K, 3 young (3072K), 3 survivors (3072K)
 Metaspace       used 54744K, committed 55296K, reserved 1097728K
  class space    used 7878K, committed 8128K, reserved 1048576K
}
Event: 5.781 GC heap before
{Heap before GC invocations=13 (full 0):
 garbage-first heap   total 61440K, used 47520K [0x0000000080a00000, 0x0000000100000000)
  region size 1024K, 27 young (27648K), 3 survivors (3072K)
 Metaspace       used 59165K, committed 59648K, reserved 1105920K
  class space    used 8487K, committed 8704K, reserved 1048576K
}
Event: 5.786 GC heap after
{Heap after GC invocations=14 (full 0):
 garbage-first heap   total 61440K, used 25073K [0x0000000080a00000, 0x0000000100000000)
  region size 1024K, 4 young (4096K), 4 survivors (4096K)
 Metaspace       used 59165K, committed 59648K, reserved 1105920K
  class space    used 8487K, committed 8704K, reserved 1048576K
}
Event: 6.010 GC heap before
{Heap before GC invocations=14 (full 0):
 garbage-first heap   total 61440K, used 35313K [0x0000000080a00000, 0x0000000100000000)
  region size 1024K, 15 young (15360K), 4 survivors (4096K)
 Metaspace       used 60207K, committed 60736K, reserved 1105920K
  class space    used 8640K, committed 8896K, reserved 1048576K
}

Deoptimization events (18 events):
Event: 0.464 Thread 0x0000020ccbf47e50 DEOPT PACKING pc=0x0000020cd5cd5375 sp=0x000000c8deefdb90
Event: 0.464 Thread 0x0000020ccbf47e50 DEOPT UNPACKING pc=0x0000020cd5a82b43 sp=0x000000c8deefd000 mode 3
Event: 1.014 Thread 0x0000020ccbf47e50 DEOPT PACKING pc=0x0000020cd5e94399 sp=0x000000c8deefd740
Event: 1.014 Thread 0x0000020ccbf47e50 DEOPT UNPACKING pc=0x0000020cd5a82b43 sp=0x000000c8deefcc20 mode 3
Event: 1.256 Thread 0x0000020ccbf47e50 DEOPT PACKING pc=0x0000020cd5ef6255 sp=0x000000c8deefeac0
Event: 1.256 Thread 0x0000020ccbf47e50 DEOPT UNPACKING pc=0x0000020cd5a82b43 sp=0x000000c8deefdf70 mode 3
Event: 1.278 Thread 0x0000020ccbf47e50 DEOPT PACKING pc=0x0000020cd5e68aad sp=0x000000c8deefeab0
Event: 1.278 Thread 0x0000020ccbf47e50 DEOPT UNPACKING pc=0x0000020cd5a82b43 sp=0x000000c8deefe010 mode 3
Event: 2.563 Thread 0x0000020ccbf47e50 DEOPT PACKING pc=0x0000020cd6170a9d sp=0x000000c8deefd540
Event: 2.563 Thread 0x0000020ccbf47e50 DEOPT UNPACKING pc=0x0000020cd5a82b43 sp=0x000000c8deefcaa8 mode 3
Event: 2.854 Thread 0x0000020ce2aea090 DEOPT PACKING pc=0x0000020cd5ea3297 sp=0x000000c8e08ff130
Event: 2.854 Thread 0x0000020ce2aea090 DEOPT UNPACKING pc=0x0000020cd5a82b43 sp=0x000000c8e08fe588 mode 3
Event: 2.854 Thread 0x0000020ccbf47e50 DEOPT PACKING pc=0x0000020cd5eda381 sp=0x000000c8deefec00
Event: 2.854 Thread 0x0000020ccbf47e50 DEOPT UNPACKING pc=0x0000020cd5a82b43 sp=0x000000c8deefe090 mode 3
Event: 5.663 Thread 0x0000020ccbf47e50 DEOPT PACKING pc=0x0000020cd5ee63a4 sp=0x000000c8deefc9a0
Event: 5.663 Thread 0x0000020ccbf47e50 DEOPT UNPACKING pc=0x0000020cd5a82b43 sp=0x000000c8deefbef8 mode 0
Event: 5.773 Thread 0x0000020ccbf47e50 DEOPT PACKING pc=0x0000020cd5f2f9a2 sp=0x000000c8deefd690
Event: 5.773 Thread 0x0000020ccbf47e50 DEOPT UNPACKING pc=0x0000020cd5a82b43 sp=0x000000c8deefcb98 mode 3

Classes unloaded (0 events):
No events

Classes redefined (0 events):
No events

Internal exceptions (20 events):
Event: 5.297 Thread 0x0000020ccbf47e50 Exception <a 'java/lang/NoSuchMethodError'{0x0000000082fedb00}: 'java.lang.Object java.lang.invoke.DirectMethodHandle$Holder.newInvokeSpecial(java.lang.Object, java.lang.Object, int, java.lang.Object)'> (0x0000000082fedb00) 
thrown [t:\workspace\open\src\hotspot\share\interpreter\linkResolver.cpp, line 766]
Event: 5.297 Thread 0x0000020ccbf47e50 Exception <a 'java/lang/NoSuchMethodError'{0x0000000082ff16c8}: 'java.lang.Object java.lang.invoke.Invokers$Holder.linkToTargetMethod(java.lang.Object, int, java.lang.Object, java.lang.Object)'> (0x0000000082ff16c8) 
thrown [t:\workspace\open\src\hotspot\share\interpreter\linkResolver.cpp, line 766]
Event: 5.310 Thread 0x0000020ccbf47e50 Exception <a 'java/lang/NoSuchMethodError'{0x0000000082e97190}: 'java.lang.Object java.lang.invoke.DirectMethodHandle$Holder.newInvokeSpecial(java.lang.Object, java.lang.Object, int)'> (0x0000000082e97190) 
thrown [t:\workspace\open\src\hotspot\share\interpreter\linkResolver.cpp, line 766]
Event: 5.344 Thread 0x0000020ccbf47e50 Exception <a 'java/lang/NoSuchMethodError'{0x000000008441ebf8}: 'int java.lang.invoke.DirectMethodHandle$Holder.invokeStatic(java.lang.Object, int, java.lang.Object)'> (0x000000008441ebf8) 
thrown [t:\workspace\open\src\hotspot\share\interpreter\linkResolver.cpp, line 766]
Event: 5.347 Thread 0x0000020ccbf47e50 Exception <a 'java/lang/NoSuchMethodError'{0x000000008443fc90}: 'java.lang.Object java.lang.invoke.DirectMethodHandle$Holder.newInvokeSpecial(java.lang.Object, java.lang.Object, java.lang.Object, java.lang.Object, java.lang.Object, int, java.lang.Object)'> (0x000000008443fc90) 
thrown [t:\workspace\open\src\hotspot\share\interpreter\linkResolver.cpp, line 766]
Event: 5.351 Thread 0x0000020ccbf47e50 Exception <a 'java/lang/NoSuchMethodError'{0x0000000084478960}: 'java.lang.Object java.lang.invoke.DirectMethodHandle$Holder.newInvokeSpecial(java.lang.Object, java.lang.Object, java.lang.Object, java.lang.Object, java.lang.Object, java.lang.Object, java.lang.Object, java.lang.Object, java.lang.Object, java.lang.Object, java.lang.Object, java.lang.Object)'> (0x0000000084478960) 
thrown [t:\workspace\open\src\hotspot\share\interpreter\linkResolver.cpp, line 766]
Event: 5.352 Thread 0x0000020ccbf47e50 Exception <a 'java/lang/NoSuchMethodError'{0x000000008447d3f8}: 'java.lang.Object java.lang.invoke.DirectMethodHandle$Holder.invokeSpecial(java.lang.Object, java.lang.Object, java.lang.Object, java.lang.Object, java.lang.Object, java.lang.Object, java.lang.Object, java.lang.Object, java.lang.Object, java.lang.Object, java.lang.Object, java.lang.Object, java.lang.Object)'> (0x000000008447d3f8) 
thrown [t:\workspace\open\src\hotspot\share\interpreter\linkResolver.cpp, line 766]
Event: 5.352 Thread 0x0000020ccbf47e50 Exception <a 'java/lang/NoSuchMethodError'{0x0000000084481b10}: 'java.lang.Object java.lang.invoke.Invokers$Holder.linkToTargetMethod(java.lang.Object, java.lang.Object, java.lang.Object, java.lang.Object, java.lang.Object, java.lang.Object, java.lang.Object, java.lang.Object, java.lang.Object, java.lang.Object, java.lang.Object, java.lang.Object)'> (0x0000000084481b10) 
thrown [t:\workspace\open\src\hotspot\share\interpreter\linkResolver.cpp, line 766]
Event: 5.397 Thread 0x0000020ccbf47e50 Exception <a 'java/lang/NoSuchMethodError'{0x00000000842678e0}: 'java.lang.Object java.lang.invoke.DirectMethodHandle$Holder.newInvokeSpecial(java.lang.Object, java.lang.Object, java.lang.Object, java.lang.Object, java.lang.Object, java.lang.Object)'> (0x00000000842678e0) 
thrown [t:\workspace\open\src\hotspot\share\interpreter\linkResolver.cpp, line 766]
Event: 5.408 Thread 0x0000020ccbf47e50 Exception <a 'java/lang/NoSuchMethodError'{0x00000000842d6100}: 'java.lang.Object java.lang.invoke.DirectMethodHandle$Holder.newInvokeSpecial(java.lang.Object, java.lang.Object, java.lang.Object, java.lang.Object, java.lang.Object, java.lang.Object, java.lang.Object, int)'> (0x00000000842d6100) 
thrown [t:\workspace\open\src\hotspot\share\interpreter\linkResolver.cpp, line 766]
Event: 5.408 Thread 0x0000020ccbf47e50 Exception <a 'java/lang/NoSuchMethodError'{0x00000000842db0f8}: 'java.lang.Object java.lang.invoke.DirectMethodHandle$Holder.invokeSpecial(java.lang.Object, java.lang.Object, java.lang.Object, java.lang.Object, java.lang.Object, java.lang.Object, java.lang.Object, java.lang.Object, int)'> (0x00000000842db0f8) 
thrown [t:\workspace\open\src\hotspot\share\interpreter\linkResolver.cpp, line 766]
Event: 5.408 Thread 0x0000020ccbf47e50 Exception <a 'java/lang/NoSuchMethodError'{0x00000000842dfbc0}: 'java.lang.Object java.lang.invoke.Invokers$Holder.linkToTargetMethod(java.lang.Object, java.lang.Object, java.lang.Object, java.lang.Object, java.lang.Object, java.lang.Object, int, java.lang.Object)'> (0x00000000842dfbc0) 
thrown [t:\workspace\open\src\hotspot\share\interpreter\linkResolver.cpp, line 766]
Event: 5.430 Thread 0x0000020ccbf47e50 Exception <a 'java/lang/NoSuchMethodError'{0x00000000841c2370}: 'java.lang.Object java.lang.invoke.DirectMethodHandle$Holder.newInvokeSpecial(java.lang.Object, java.lang.Object, int, java.lang.Object, int, java.lang.Object, java.lang.Object)'> (0x00000000841c2370) 
thrown [t:\workspace\open\src\hotspot\share\interpreter\linkResolver.cpp, line 766]
Event: 5.437 Thread 0x0000020ccbf47e50 Exception <a 'java/lang/NoSuchMethodError'{0x00000000841ff240}: 'void java.lang.invoke.DirectMethodHandle$Holder.invokeInterface(java.lang.Object, java.lang.Object)'> (0x00000000841ff240) 
thrown [t:\workspace\open\src\hotspot\share\interpreter\linkResolver.cpp, line 766]
Event: 5.530 Thread 0x0000020ccbf47e50 Exception <a 'java/lang/IncompatibleClassChangeError'{0x0000000083bb28c8}: Found class java.lang.Object, but interface was expected> (0x0000000083bb28c8) 
thrown [t:\workspace\open\src\hotspot\share\interpreter\linkResolver.cpp, line 833]
Event: 5.540 Thread 0x0000020ccbf47e50 Exception <a 'java/lang/IncompatibleClassChangeError'{0x0000000083a30450}: Found class java.lang.Object, but interface was expected> (0x0000000083a30450) 
thrown [t:\workspace\open\src\hotspot\share\interpreter\linkResolver.cpp, line 833]
Event: 5.576 Thread 0x0000020ccbf47e50 Exception <a 'java/lang/IncompatibleClassChangeError'{0x00000000839a84b8}: Found class java.lang.Object, but interface was expected> (0x00000000839a84b8) 
thrown [t:\workspace\open\src\hotspot\share\interpreter\linkResolver.cpp, line 833]
Event: 5.701 Thread 0x0000020ccbf47e50 Exception <a 'java/lang/IncompatibleClassChangeError'{0x0000000083232f78}: Found class java.lang.Object, but interface was expected> (0x0000000083232f78) 
thrown [t:\workspace\open\src\hotspot\share\interpreter\linkResolver.cpp, line 833]
Event: 5.793 Thread 0x0000020ccbf47e50 Exception <a 'java/lang/NoSuchMethodError'{0x0000000088942e90}: 'java.lang.Object java.lang.invoke.DirectMethodHandle$Holder.invokeInterface(java.lang.Object, java.lang.Object, java.lang.Object, java.lang.Object)'> (0x0000000088942e90) 
thrown [t:\workspace\open\src\hotspot\share\interpreter\linkResolver.cpp, line 766]
Event: 5.990 Thread 0x0000020ccbf47e50 Exception <a 'sun/nio/fs/WindowsException'{0x0000000083c1aa18}> (0x0000000083c1aa18) 
thrown [t:\workspace\open\src\hotspot\share\prims\jni.cpp, line 516]

VM Operations (20 events):
Event: 4.766 Executing VM operation: G1CollectForAllocation done
Event: 5.149 Executing VM operation: ICBufferFull
Event: 5.149 Executing VM operation: ICBufferFull done
Event: 5.314 Executing VM operation: G1CollectForAllocation
Event: 5.317 Executing VM operation: G1CollectForAllocation done
Event: 5.663 Executing VM operation: HandshakeAllThreads
Event: 5.663 Executing VM operation: HandshakeAllThreads done
Event: 5.713 Executing VM operation: HandshakeAllThreads
Event: 5.713 Executing VM operation: HandshakeAllThreads done
Event: 5.714 Executing VM operation: HandshakeAllThreads
Event: 5.714 Executing VM operation: HandshakeAllThreads done
Event: 5.781 Executing VM operation: G1CollectForAllocation
Event: 5.786 Executing VM operation: G1CollectForAllocation done
Event: 5.880 Executing VM operation: HandshakeAllThreads
Event: 5.880 Executing VM operation: HandshakeAllThreads done
Event: 5.892 Executing VM operation: HandshakeAllThreads
Event: 5.892 Executing VM operation: HandshakeAllThreads done
Event: 5.927 Executing VM operation: HandshakeAllThreads
Event: 5.927 Executing VM operation: HandshakeAllThreads done
Event: 6.010 Executing VM operation: CollectForMetadataAllocation

Events (20 events):
Event: 5.758 loading class java/util/WeakHashMap$KeyIterator
Event: 5.758 loading class java/util/WeakHashMap$HashIterator
Event: 5.758 loading class java/util/WeakHashMap$HashIterator done
Event: 5.758 loading class java/util/WeakHashMap$KeyIterator done
Event: 5.758 loading class java/util/WeakHashMap$EntrySet
Event: 5.758 loading class java/util/WeakHashMap$EntrySet done
Event: 5.758 loading class java/util/WeakHashMap$EntryIterator
Event: 5.758 loading class java/util/WeakHashMap$EntryIterator done
Event: 5.841 loading class java/nio/charset/UnsupportedCharsetException
Event: 5.841 loading class java/nio/charset/UnsupportedCharsetException done
Event: 5.879 loading class java/util/ArrayList$ListItr
Event: 5.879 loading class java/util/ArrayList$ListItr done
Event: 5.914 loading class java/util/Comparators$NullComparator
Event: 5.914 loading class java/util/Comparators$NullComparator done
Event: 6.006 loading class java/util/EnumMap$EntrySet
Event: 6.006 loading class java/util/EnumMap$EntrySet done
Event: 6.006 loading class java/util/EnumMap$EntryIterator
Event: 6.006 loading class java/util/EnumMap$EnumMapIterator
Event: 6.006 loading class java/util/EnumMap$EnumMapIterator done
Event: 6.006 loading class java/util/EnumMap$EntryIterator done


Dynamic libraries:
0x00007ff6adb70000 - 0x00007ff6adb80000 	C:\Program Files\Java\jdk-17.0.2\bin\java.exe
0x00007ffa5eef0000 - 0x00007ffa5f0e8000 	C:\Windows\SYSTEM32\ntdll.dll
0x00007ffa5ea00000 - 0x00007ffa5eabf000 	C:\Windows\System32\KERNEL32.DLL
0x00007ffa5ca20000 - 0x00007ffa5cd16000 	C:\Windows\System32\KERNELBASE.dll
0x00007ffa5cd20000 - 0x00007ffa5ce20000 	C:\Windows\System32\ucrtbase.dll
0x00007ffa2d340000 - 0x00007ffa2d358000 	C:\Program Files\Java\jdk-17.0.2\bin\jli.dll
0x00007ffa5d990000 - 0x00007ffa5da3f000 	C:\Windows\System32\ADVAPI32.dll
0x00007ffa5ede0000 - 0x00007ffa5ee7e000 	C:\Windows\System32\msvcrt.dll
0x00007ffa5d0d0000 - 0x00007ffa5d16c000 	C:\Windows\System32\sechost.dll
0x00007ffa5e8d0000 - 0x00007ffa5e9f6000 	C:\Windows\System32\RPCRT4.dll
0x00007ffa5cf30000 - 0x00007ffa5d0cd000 	C:\Windows\System32\USER32.dll
0x00007ffa5c970000 - 0x00007ffa5c992000 	C:\Windows\System32\win32u.dll
0x00007ffa5e080000 - 0x00007ffa5e0ac000 	C:\Windows\System32\GDI32.dll
0x00007ffa5c7a0000 - 0x00007ffa5c8b5000 	C:\Windows\System32\gdi32full.dll
0x00007ffa5c700000 - 0x00007ffa5c79d000 	C:\Windows\System32\msvcp_win.dll
0x00007ffa58c50000 - 0x00007ffa58c6a000 	C:\Program Files\Java\jdk-17.0.2\bin\VCRUNTIME140.dll
0x00007ffa4e120000 - 0x00007ffa4e3ba000 	C:\Windows\WinSxS\amd64_microsoft.windows.common-controls_6595b64144ccf1df_6.0.19041.1110_none_60b5254171f9507e\COMCTL32.dll
0x00007ffa57330000 - 0x00007ffa5733a000 	C:\Windows\SYSTEM32\VERSION.dll
0x00007ffa5e050000 - 0x00007ffa5e080000 	C:\Windows\System32\IMM32.DLL
0x00007ffa40760000 - 0x00007ffa40878000 	C:\Program Files (x86)\Citrix\ICA Client\epclient64.dll
0x00007ffa5b6b0000 - 0x00007ffa5b6e3000 	C:\Windows\SYSTEM32\ntmarta.dll
0x00007ffa57320000 - 0x00007ffa5732c000 	C:\Program Files\Java\jdk-17.0.2\bin\vcruntime140_1.dll
0x00007ffa500d0000 - 0x00007ffa5015d000 	C:\Program Files\Java\jdk-17.0.2\bin\msvcp140.dll
0x00007ffa062b0000 - 0x00007ffa06e71000 	C:\Program Files\Java\jdk-17.0.2\bin\server\jvm.dll
0x00007ffa5e830000 - 0x00007ffa5e838000 	C:\Windows\System32\PSAPI.DLL
0x00007ffa3fbf0000 - 0x00007ffa3fbf9000 	C:\Windows\SYSTEM32\WSOCK32.dll
0x00007ffa5e840000 - 0x00007ffa5e8ab000 	C:\Windows\System32\WS2_32.dll
0x00007ffa50970000 - 0x00007ffa50997000 	C:\Windows\SYSTEM32\WINMM.dll
0x00007ffa5ae30000 - 0x00007ffa5ae42000 	C:\Windows\SYSTEM32\kernel.appcore.dll
0x00007ffa57210000 - 0x00007ffa5721a000 	C:\Program Files\Java\jdk-17.0.2\bin\jimage.dll
0x00007ffa5a960000 - 0x00007ffa5ab44000 	C:\Windows\SYSTEM32\DBGHELP.DLL
0x00007ffa3f820000 - 0x00007ffa3f854000 	C:\Windows\SYSTEM32\dbgcore.DLL
0x0000020ccd920000 - 0x0000020ccd9a2000 	C:\Windows\System32\bcryptPrimitives.dll
0x00007ffa53030000 - 0x00007ffa53055000 	C:\Program Files\Java\jdk-17.0.2\bin\java.dll
0x00007ffa4f590000 - 0x00007ffa4f666000 	C:\Program Files\Java\jdk-17.0.2\bin\jsvml.dll
0x0000020ce0800000 - 0x0000020ce0f44000 	C:\Windows\System32\SHELL32.dll
0x00007ffa5a0f0000 - 0x00007ffa5a883000 	C:\Windows\SYSTEM32\windows.storage.dll
0x00007ffa5dcf0000 - 0x00007ffa5e044000 	C:\Windows\System32\combase.dll
0x00007ffa5bf10000 - 0x00007ffa5bf3e000 	C:\Windows\SYSTEM32\Wldp.dll
0x00007ffa5e5e0000 - 0x00007ffa5e68d000 	C:\Windows\System32\SHCORE.dll
0x00007ffa5dc90000 - 0x00007ffa5dce5000 	C:\Windows\System32\shlwapi.dll
0x00007ffa5c4e0000 - 0x00007ffa5c4ff000 	C:\Windows\SYSTEM32\profapi.dll
0x00007ffa56990000 - 0x00007ffa569a9000 	C:\Program Files\Java\jdk-17.0.2\bin\net.dll
0x00007ffa54ad0000 - 0x00007ffa54bda000 	C:\Windows\SYSTEM32\WINHTTP.dll
0x00007ffa5bc70000 - 0x00007ffa5bcda000 	C:\Windows\system32\mswsock.dll
0x00007ffa51470000 - 0x00007ffa51486000 	C:\Program Files\Java\jdk-17.0.2\bin\nio.dll
0x00007ffa570b0000 - 0x00007ffa570c8000 	C:\Program Files\Java\jdk-17.0.2\bin\zip.dll
0x00007ffa51310000 - 0x00007ffa5131e000 	C:\Program Files\Java\jdk-17.0.2\bin\sunmscapi.dll
0x00007ffa5c5a0000 - 0x00007ffa5c6fe000 	C:\Windows\System32\CRYPT32.dll
0x00007ffa5bf80000 - 0x00007ffa5bfa8000 	C:\Windows\SYSTEM32\ncrypt.dll
0x00007ffa5bf40000 - 0x00007ffa5bf7b000 	C:\Windows\SYSTEM32\NTASN1.dll
0x00007ffa5be60000 - 0x00007ffa5be78000 	C:\Windows\SYSTEM32\CRYPTSP.dll
0x00007ffa5b590000 - 0x00007ffa5b5c4000 	C:\Windows\system32\rsaenh.dll
0x0000020cce150000 - 0x0000020cce177000 	C:\Windows\System32\bcrypt.dll
0x00007ffa5c4a0000 - 0x00007ffa5c4ce000 	C:\Windows\SYSTEM32\USERENV.dll
0x00007ffa5be80000 - 0x00007ffa5be8c000 	C:\Windows\SYSTEM32\CRYPTBASE.dll
0x00007ffa5b960000 - 0x00007ffa5b99c000 	C:\Windows\SYSTEM32\IPHLPAPI.DLL
0x00007ffa5e710000 - 0x00007ffa5e718000 	C:\Windows\System32\NSI.dll
0x00007ffa55bd0000 - 0x00007ffa55be7000 	C:\Windows\SYSTEM32\dhcpcsvc6.DLL
0x00007ffa55bb0000 - 0x00007ffa55bcd000 	C:\Windows\SYSTEM32\dhcpcsvc.DLL
0x00007ffa5b9a0000 - 0x00007ffa5ba6a000 	C:\Windows\SYSTEM32\DNSAPI.dll
0x00007ffa57200000 - 0x00007ffa57209000 	C:\Program Files\Java\jdk-17.0.2\bin\management.dll
0x00007ffa56db0000 - 0x00007ffa56dbb000 	C:\Program Files\Java\jdk-17.0.2\bin\management_ext.dll
0x00007ffa33e90000 - 0x00007ffa33ea0000 	C:\Program Files\Java\jdk-17.0.2\bin\verify.dll
0x00007ffa54d70000 - 0x00007ffa54d7a000 	C:\Windows\System32\rasadhlp.dll
0x00007ffa52f00000 - 0x00007ffa52f82000 	C:\Windows\System32\fwpuclnt.dll
0x00007ffa35af0000 - 0x00007ffa35b07000 	C:\Windows\system32\napinsp.dll
0x00007ffa35f50000 - 0x00007ffa35f6b000 	C:\Windows\system32\pnrpnsp.dll
0x00007ffa35f30000 - 0x00007ffa35f45000 	C:\Windows\system32\wshbth.dll
0x00007ffa58400000 - 0x00007ffa5841d000 	C:\Windows\system32\NLAapi.dll
0x00007ffa35f10000 - 0x00007ffa35f22000 	C:\Windows\System32\winrnr.dll

dbghelp: loaded successfully - version: 4.0.5 - missing functions: none
symbol engine: initialized successfully - sym options: 0x614 - pdb path: .;C:\Program Files\Java\jdk-17.0.2\bin;C:\Windows\SYSTEM32;C:\Windows\WinSxS\amd64_microsoft.windows.common-controls_6595b64144ccf1df_6.0.19041.1110_none_60b5254171f9507e;C:\Program Files (x86)\Citrix\ICA Client;C:\Program Files\Java\jdk-17.0.2\bin\server

VM Arguments:
jvm_args: -XX:TieredStopAtLevel=1 
java_command: com.pruebatecnica.PruebaRestSpringApplication
java_class_path (initial): D:\java\SPRING BOOT\entrevista prueba tecnica TCS dev java\prueba-rest-spring\target\classes;C:\Users\Miguel\.m2\repository\org\springframework\spring-aop\6.1.6\spring-aop-6.1.6.jar;C:\Users\Miguel\.m2\repository\org\aspectj\aspectjweaver\1.9.22\aspectjweaver-1.9.22.jar;C:\Users\Miguel\.m2\repository\com\zaxxer\HikariCP\5.0.1\HikariCP-5.0.1.jar;C:\Users\Miguel\.m2\repository\org\springframework\spring-jdbc\6.1.6\spring-jdbc-6.1.6.jar;C:\Users\Miguel\.m2\repository\org\hibernate\orm\hibernate-core\6.4.4.Final\hibernate-core-6.4.4.Final.jar;C:\Users\Miguel\.m2\repository\jakarta\persistence\jakarta.persistence-api\3.1.0\jakarta.persistence-api-3.1.0.jar;C:\Users\Miguel\.m2\repository\jakarta\transaction\jakarta.transaction-api\2.0.1\jakarta.transaction-api-2.0.1.jar;C:\Users\Miguel\.m2\repository\org\jboss\logging\jboss-logging\3.5.3.Final\jboss-logging-3.5.3.Final.jar;C:\Users\Miguel\.m2\repository\org\hibernate\common\hibernate-commons-annotations\6.0.6.Final\hibernate-commons-annotations-6.0.6.Final.jar;C:\Users\Miguel\.m2\repository\io\smallrye\jandex\3.1.2\jandex-3.1.2.jar;C:\Users\Miguel\.m2\repository\com\fasterxml\classmate\1.6.0\classmate-1.6.0.jar;C:\Users\Miguel\.m2\repository\net\bytebuddy\byte-buddy\1.14.13\byte-buddy-1.14.13.jar;C:\Users\Miguel\.m2\repository\org\glassfish\jaxb\jaxb-runtime\4.0.5\jaxb-runtime-4.0.5.jar;C:\Users\Miguel\.m2\repository\org\glassfish\jaxb\jaxb-core\4.0.5\jaxb-core-4.0.5.jar;C:\Users\Miguel\.m2\repository\org\eclipse\angus\angus-activation\2.0.2\angus-activation-2.0.2.jar;C:\Users\Miguel\.m2\repository\org\glassfish\jaxb\txw2\4.0.5\txw2-4.0.5.jar;C:\Users\Miguel\.m2\repository\com\sun\istack\istack-commons-runtime\4.1.2\istack-commons-runtime-4.1.2.jar;C:\Users\Miguel\.m2\repository\jakarta\inject\jakarta.inject-api\2.0.1\jakarta.inject-api-2.0.1.jar;C:\Users\Miguel\.m2\repository\org\antlr\antlr4-runtime\4.13.0\antlr4-runtime-4.13.0.jar;C:\Users\Miguel\.m2\repository\org\springframework\data\spri
Launcher Type: SUN_STANDARD

[Global flags]
     intx CICompilerCount                          = 3                                         {product} {ergonomic}
     uint ConcGCThreads                            = 2                                         {product} {ergonomic}
     uint G1ConcRefinementThreads                  = 6                                         {product} {ergonomic}
   size_t G1HeapRegionSize                         = 1048576                                   {product} {ergonomic}
    uintx GCDrainStackTargetSize                   = 64                                        {product} {ergonomic}
   size_t InitialHeapSize                          = 134217728                                 {product} {ergonomic}
   size_t MarkStackSize                            = 4194304                                   {product} {ergonomic}
   size_t MaxHeapSize                              = 2136997888                                {product} {ergonomic}
   size_t MaxNewSize                               = 1281359872                                {product} {ergonomic}
   size_t MinHeapDeltaBytes                        = 1048576                                   {product} {ergonomic}
   size_t MinHeapSize                              = 8388608                                   {product} {ergonomic}
    uintx NonProfiledCodeHeapSize                  = 0                                      {pd product} {ergonomic}
     bool ProfileInterpreter                       = false                                  {pd product} {command line}
    uintx ProfiledCodeHeapSize                     = 0                                      {pd product} {ergonomic}
   size_t SoftMaxHeapSize                          = 2136997888                             {manageable} {ergonomic}
     intx TieredStopAtLevel                        = 1                                         {product} {command line}
     bool UseCompressedClassPointers               = true                           {product lp64_product} {ergonomic}
     bool UseCompressedOops                        = true                           {product lp64_product} {ergonomic}
     bool UseG1GC                                  = true                                      {product} {ergonomic}
     bool UseLargePagesIndividualAllocation        = false                                  {pd product} {ergonomic}

Logging:
Log output configuration:
 #0: stdout all=warning uptime,level,tags
 #1: stderr all=off uptime,level,tags

Environment Variables:
JAVA_HOME=C:\Program Files\Java\jdk-17.0.2
PATH=C:\app\Miguel\product\21c\dbhomeXE\bin;C:\Program Files (x86)\Razer Chroma SDK\bin;C:\Program Files\Razer Chroma SDK\bin;C:\Program Files (x86)\Razer\ChromaBroadcast\bin;C:\Program Files\Razer\ChromaBroadcast\bin;C:\Program Files\Common Files\Oracle\Java\javapath;C:\ProgramData\Oracle\Java\javapath;C:\Windows\system32;C:\Windows;C:\Windows\System32\Wbem;C:\Windows\System32\WindowsPowerShell\v1.0\;C:\Windows\System32\OpenSSH\;C:\Program Files\nodejs\;C:\Program Files\Git\cmd;C:\Program Files\Java\jdk-17.0.2\bin;C:\Maven\apache-maven-3.8.4\bin;C:\Users\Miguel\AppData\Local\Microsoft\WindowsApps;C:\Users\Miguel\AppData\Local\Programs\Microsoft VS Code\bin;C:\Users\Miguel\AppData\Roaming\npm;C:\Program Files (x86)\VERIFONE\FST;C:\Windows\system32\config\systemprofile\AppData\Local\Microsoft\WindowsApps;C:\Program Files (x86)\Windows Kits\10\Windows Performance Toolkit\;C:\Program Files (x86)\Microsoft SQL Server\160\Tools\Binn\;C:\Program Files\Microsoft SQL Server\160\Tools\Binn\;C:\Program Files\Microsoft SQL Server\Client SDK\ODBC\170\Tools\Binn\;C:\Program Files\Microsoft SQL Server\160\DTS\Binn\;C:\Program Files\MySQL\MySQL Shell 8.0\bin\;C:\Users\Miguel\AppData\Local\Microsoft\WindowsApps;;C:\Users\Miguel\AppData\Local\Programs\Microsoft VS Code\bin;C:\Users\Miguel\AppData\Roaming\npm
USERNAME=Miguel
OS=Windows_NT
PROCESSOR_IDENTIFIER=AMD64 Family 21 Model 2 Stepping 0, AuthenticAMD



---------------  S Y S T E M  ---------------

OS:
 Windows 10 , 64 bit Build 19041 (10.0.19041.3031)
OS uptime: 0 days 13:54 hours

CPU: total 6 (initial active 6) (6 cores per cpu, 1 threads per core) family 21 model 2 stepping 0 microcode 0x0, cx8, cmov, fxsr, mmx, 3dnowpref, sse, sse2, sse3, ssse3, sse4a, sse4.1, sse4.2, popcnt, lzcnt, tsc, tscinvbit, avx, aes, clmul, bmi1, fma, vzeroupper, clflush

Memory: 4k page, system-wide physical 8149M (473M free)
TotalPageFile size 15317M (AvailPageFile size 60M)
current process WorkingSet (physical memory assigned to process): 194M, peak: 194M
current process commit charge ("private bytes"): 229M, peak: 289M

vm_info: Java HotSpot(TM) 64-Bit Server VM (17.0.2+8-LTS-86) for windows-amd64 JRE (17.0.2+8-LTS-86), built on Dec  7 2021 21:51:03 by "mach5one" with MS VC++ 16.8 / 16.9 (VS2019)

END.
