#
# There is insufficient memory for the Java Runtime Environment to continue.
# Native memory allocation (mmap) failed to map 134217728 bytes for G1 virtual space
# Possible reasons:
#   The system is out of physical RAM or swap space
#   The process is running with CompressedOops enabled, and the Java Heap may be blocking the growth of the native heap
# Possible solutions:
#   Reduce memory load on the system
#   Increase physical memory or swap space
#   Check if swap backing store is full
#   Decrease Java heap size (-Xmx/-Xms)
#   Decrease number of Java threads
#   Decrease Java thread stack sizes (-Xss)
#   Set larger code cache with -XX:ReservedCodeCacheSize=
#   JVM is running with Unscaled Compressed Oops mode in which the Java heap is
#     placed in the first 4GB address space. The Java Heap base address is the
#     maximum limit for the native heap growth. Please use -XX:HeapBaseMinAddress
#     to set the Java Heap base and to place the Java Heap above 4GB virtual address.
# This output file may be truncated or incomplete.
#
#  Out of Memory Error (os_windows.cpp:3532), pid=15244, tid=16820
#
# JRE version:  (17.0.2+8) (build )
# Java VM: Java HotSpot(TM) 64-Bit Server VM (17.0.2+8-LTS-86, mixed mode, sharing, tiered, compressed oops, compressed class ptrs, g1 gc, windows-amd64)
# No core dump will be written. Minidumps are not enabled by default on client versions of Windows
#

---------------  S U M M A R Y ------------

Command Line: -Dmaven.multiModuleProjectDirectory=D:\java\SPRING BOOT\entrevista prueba tecnica TCS dev java\prueba-rest-spring -Djansi.passthrough=true -Dmaven.home=C:\Users\Miguel\.m2\wrapper\dists\apache-maven-3.9.6-bin\439sdfsg2nbdob9ciift5h5nse\apache-maven-3.9.6 -Dclassworlds.conf=C:\Users\Miguel\.m2\wrapper\dists\apache-maven-3.9.6-bin\439sdfsg2nbdob9ciift5h5nse\apache-maven-3.9.6\bin\m2.conf -Dmaven.ext.class.path=C:\Program Files\JetBrains\IntelliJ IDEA Community Edition 2023.3.3\plugins\maven\lib\maven-event-listener.jar -javaagent:C:\Program Files\JetBrains\IntelliJ IDEA Community Edition 2023.3.3\lib\idea_rt.jar=58127:C:\Program Files\JetBrains\IntelliJ IDEA Community Edition 2023.3.3\bin -Dfile.encoding=UTF-8 org.codehaus.classworlds.Launcher -Didea.version=2023.3.3 org.apache.maven.plugins:maven-clean-plugin:3.3.2:clean

Host: AMD FX(tm)-6300 Six-Core Processor             , 6 cores, 7G,  Windows 10 , 64 bit Build 19041 (10.0.19041.3031)
Time: Fri May 10 00:55:02 2024 Hora est. Pacífico, Sudamérica elapsed time: 0.020126 seconds (0d 0h 0m 0s)

---------------  T H R E A D  ---------------

Current thread (0x00000234a17cb120):  JavaThread "Unknown thread" [_thread_in_vm, id=16820, stack(0x0000006269900000,0x0000006269a00000)]

Stack: [0x0000006269900000,0x0000006269a00000]
Native frames: (J=compiled Java code, j=interpreted, Vv=VM code, C=native code)
V  [jvm.dll+0x670baa]
V  [jvm.dll+0x7cfcb4]
V  [jvm.dll+0x7d145e]
V  [jvm.dll+0x7d1ac3]
V  [jvm.dll+0x242bc5]
V  [jvm.dll+0x66dac9]
V  [jvm.dll+0x662412]
V  [jvm.dll+0x300c0b]
V  [jvm.dll+0x3081a6]
V  [jvm.dll+0x357d0e]
V  [jvm.dll+0x357f3f]
V  [jvm.dll+0x2d7ec8]
V  [jvm.dll+0x2d8e34]
V  [jvm.dll+0x7a18c1]
V  [jvm.dll+0x365a91]
V  [jvm.dll+0x780d2c]
V  [jvm.dll+0x3e845f]
V  [jvm.dll+0x3e9f01]
C  [jli.dll+0x527b]
C  [ucrtbase.dll+0x21bb2]
C  [KERNEL32.DLL+0x17614]
C  [ntdll.dll+0x526f1]


---------------  P R O C E S S  ---------------

Threads class SMR info:
_java_thread_list=0x00007ffd41d19858, length=0, elements={
}

Java Threads: ( => current thread )

Other Threads:
  0x00000234a1807560 GCTaskThread "GC Thread#0" [stack: 0x0000006269800000,0x0000006269900000] [id=15404]
  0x00000234a1819440 ConcurrentGCThread "G1 Main Marker" [stack: 0x0000006269a00000,0x0000006269b00000] [id=9228]
  0x00000234a181b8e0 ConcurrentGCThread "G1 Conc#0" [stack: 0x0000006269b00000,0x0000006269c00000] [id=17112]

[error occurred during error reporting (printing all threads), id 0xc0000005, EXCEPTION_ACCESS_VIOLATION (0xc0000005) at pc=0x00007ffd415688a7]

VM state: not at safepoint (not fully initialized)

VM Mutex/Monitor currently owned by a thread:  ([mutex/lock_event])
[0x00000234a17c6a40] Heap_lock - owner thread: 0x00000234a17cb120

Heap address: 0x0000000080a00000, size: 2038 MB, Compressed Oops mode: 32-bit

CDS archive(s) mapped at: [0x0000000000000000-0x0000000000000000-0x0000000000000000), size 0, SharedBaseAddress: 0x0000000800000000, ArchiveRelocationMode: 0.
Narrow klass base: 0x0000000000000000, Narrow klass shift: 0, Narrow klass range: 0x0

GC Precious Log:
<Empty>

Heap:
 garbage-first heap   total 0K, used 0K [0x0000000080a00000, 0x0000000100000000)
  region size 1024K, 0 young (0K), 0 survivors (0K)

[error occurred during error reporting (printing heap information), id 0xc0000005, EXCEPTION_ACCESS_VIOLATION (0xc0000005) at pc=0x00007ffd41949f19]

GC Heap History (0 events):
No events

Deoptimization events (0 events):
No events

Classes unloaded (0 events):
No events

Classes redefined (0 events):
No events

Internal exceptions (0 events):
No events

VM Operations (0 events):
No events

Events (1 events):
Event: 0.013 Loaded shared library C:\Program Files\Java\jdk-17.0.2\bin\java.dll


Dynamic libraries:
0x00007ff7d15f0000 - 0x00007ff7d1600000 	C:\Program Files\Java\jdk-17.0.2\bin\java.exe
0x00007ffd8e1d0000 - 0x00007ffd8e3c8000 	C:\Windows\SYSTEM32\ntdll.dll
0x00007ffd8dee0000 - 0x00007ffd8df9f000 	C:\Windows\System32\KERNEL32.DLL
0x00007ffd8be00000 - 0x00007ffd8c0f6000 	C:\Windows\System32\KERNELBASE.dll
0x00007ffd8c100000 - 0x00007ffd8c200000 	C:\Windows\System32\ucrtbase.dll
0x00007ffd6a490000 - 0x00007ffd6a4a8000 	C:\Program Files\Java\jdk-17.0.2\bin\jli.dll
0x00007ffd8d6a0000 - 0x00007ffd8d74f000 	C:\Windows\System32\ADVAPI32.dll
0x00007ffd8d9d0000 - 0x00007ffd8da6e000 	C:\Windows\System32\msvcrt.dll
0x00007ffd8d3c0000 - 0x00007ffd8d45c000 	C:\Windows\System32\sechost.dll
0x00007ffd8e030000 - 0x00007ffd8e156000 	C:\Windows\System32\RPCRT4.dll
0x00007ffd8d0e0000 - 0x00007ffd8d27d000 	C:\Windows\System32\USER32.dll
0x00007ffd8bdd0000 - 0x00007ffd8bdf2000 	C:\Windows\System32\win32u.dll
0x00007ffd8e000000 - 0x00007ffd8e02c000 	C:\Windows\System32\GDI32.dll
0x00007ffd8bcb0000 - 0x00007ffd8bdc5000 	C:\Windows\System32\gdi32full.dll
0x00007ffd8b880000 - 0x00007ffd8b91d000 	C:\Windows\System32\msvcp_win.dll
0x00007ffd7b8d0000 - 0x00007ffd7b8ea000 	C:\Program Files\Java\jdk-17.0.2\bin\VCRUNTIME140.dll
0x00007ffd7c650000 - 0x00007ffd7c8ea000 	C:\Windows\WinSxS\amd64_microsoft.windows.common-controls_6595b64144ccf1df_6.0.19041.1110_none_60b5254171f9507e\COMCTL32.dll
0x00007ffd86780000 - 0x00007ffd8678a000 	C:\Windows\SYSTEM32\VERSION.dll
0x00007ffd8d5a0000 - 0x00007ffd8d5d0000 	C:\Windows\System32\IMM32.DLL
0x00007ffd6fe00000 - 0x00007ffd6ff18000 	C:\Program Files (x86)\Citrix\ICA Client\epclient64.dll
0x00007ffd8a9b0000 - 0x00007ffd8a9e3000 	C:\Windows\SYSTEM32\ntmarta.dll
0x00007ffd7d610000 - 0x00007ffd7d61c000 	C:\Program Files\Java\jdk-17.0.2\bin\vcruntime140_1.dll
0x00007ffd5f830000 - 0x00007ffd5f8bd000 	C:\Program Files\Java\jdk-17.0.2\bin\msvcp140.dll
0x00007ffd41280000 - 0x00007ffd41e41000 	C:\Program Files\Java\jdk-17.0.2\bin\server\jvm.dll
0x00000234a0f10000 - 0x00000234a0f18000 	C:\Windows\System32\PSAPI.DLL
0x00007ffd6db50000 - 0x00007ffd6db59000 	C:\Windows\SYSTEM32\WSOCK32.dll
0x00000234a0f20000 - 0x00000234a0f8b000 	C:\Windows\System32\WS2_32.dll
0x00007ffd7fc80000 - 0x00007ffd7fca7000 	C:\Windows\SYSTEM32\WINMM.dll
0x00007ffd8a110000 - 0x00007ffd8a122000 	C:\Windows\SYSTEM32\kernel.appcore.dll
0x00007ffd7cb10000 - 0x00007ffd7cb1a000 	C:\Program Files\Java\jdk-17.0.2\bin\jimage.dll
0x00007ffd89490000 - 0x00007ffd89674000 	C:\Windows\SYSTEM32\DBGHELP.DLL
0x00007ffd6f8e0000 - 0x00007ffd6f914000 	C:\Windows\SYSTEM32\dbgcore.DLL
0x00007ffd8bc20000 - 0x00007ffd8bca2000 	C:\Windows\System32\bcryptPrimitives.dll
0x00007ffd86690000 - 0x00007ffd8669e000 	C:\Program Files\Java\jdk-17.0.2\bin\instrument.dll
0x00007ffd7a620000 - 0x00007ffd7a645000 	C:\Program Files\Java\jdk-17.0.2\bin\java.dll

dbghelp: loaded successfully - version: 4.0.5 - missing functions: none
symbol engine: initialized successfully - sym options: 0x614 - pdb path: .;C:\Program Files\Java\jdk-17.0.2\bin;C:\Windows\SYSTEM32;C:\Windows\WinSxS\amd64_microsoft.windows.common-controls_6595b64144ccf1df_6.0.19041.1110_none_60b5254171f9507e;C:\Program Files (x86)\Citrix\ICA Client;C:\Program Files\Java\jdk-17.0.2\bin\server

VM Arguments:
jvm_args: -Dmaven.multiModuleProjectDirectory=D:\java\SPRING BOOT\entrevista prueba tecnica TCS dev java\prueba-rest-spring -Djansi.passthrough=true -Dmaven.home=C:\Users\Miguel\.m2\wrapper\dists\apache-maven-3.9.6-bin\439sdfsg2nbdob9ciift5h5nse\apache-maven-3.9.6 -Dclassworlds.conf=C:\Users\Miguel\.m2\wrapper\dists\apache-maven-3.9.6-bin\439sdfsg2nbdob9ciift5h5nse\apache-maven-3.9.6\bin\m2.conf -Dmaven.ext.class.path=C:\Program Files\JetBrains\IntelliJ IDEA Community Edition 2023.3.3\plugins\maven\lib\maven-event-listener.jar -javaagent:C:\Program Files\JetBrains\IntelliJ IDEA Community Edition 2023.3.3\lib\idea_rt.jar=58127:C:\Program Files\JetBrains\IntelliJ IDEA Community Edition 2023.3.3\bin -Dfile.encoding=UTF-8 
java_command: org.codehaus.classworlds.Launcher -Didea.version=2023.3.3 org.apache.maven.plugins:maven-clean-plugin:3.3.2:clean
java_class_path (initial): C:\Users\Miguel\.m2\wrapper\dists\apache-maven-3.9.6-bin\439sdfsg2nbdob9ciift5h5nse\apache-maven-3.9.6\boot\plexus-classworlds-2.7.0.jar;C:\Users\Miguel\.m2\wrapper\dists\apache-maven-3.9.6-bin\439sdfsg2nbdob9ciift5h5nse\apache-maven-3.9.6\boot\plexus-classworlds.license
Launcher Type: SUN_STANDARD

[Global flags]
     intx CICompilerCount                          = 3                                         {product} {ergonomic}
     uint ConcGCThreads                            = 2                                         {product} {ergonomic}
     uint G1ConcRefinementThreads                  = 6                                         {product} {ergonomic}
   size_t G1HeapRegionSize                         = 1048576                                   {product} {ergonomic}
    uintx GCDrainStackTargetSize                   = 64                                        {product} {ergonomic}
   size_t InitialHeapSize                          = 134217728                                 {product} {ergonomic}
   size_t MarkStackSize                            = 4194304                                   {product} {ergonomic}
   size_t MaxHeapSize                              = 2136997888                                {product} {ergonomic}
   size_t MinHeapDeltaBytes                        = 1048576                                   {product} {ergonomic}
   size_t MinHeapSize                              = 8388608                                   {product} {ergonomic}
    uintx NonNMethodCodeHeapSize                   = 5832780                                {pd product} {ergonomic}
    uintx NonProfiledCodeHeapSize                  = 122912730                              {pd product} {ergonomic}
    uintx ProfiledCodeHeapSize                     = 122912730                              {pd product} {ergonomic}
    uintx ReservedCodeCacheSize                    = 251658240                              {pd product} {ergonomic}
     bool SegmentedCodeCache                       = true                                      {product} {ergonomic}
   size_t SoftMaxHeapSize                          = 2136997888                             {manageable} {ergonomic}
     bool UseCompressedClassPointers               = true                           {product lp64_product} {ergonomic}
     bool UseCompressedOops                        = true                           {product lp64_product} {ergonomic}
     bool UseG1GC                                  = true                                      {product} {ergonomic}
     bool UseLargePagesIndividualAllocation        = false                                  {pd product} {ergonomic}

Logging:
Log output configuration:
 #0: stdout all=warning uptime,level,tags
 #1: stderr all=off uptime,level,tags

Environment Variables:
JAVA_HOME=C:\Program Files\Java\jdk-17.0.2
PATH=C:\app\Miguel\product\21c\dbhomeXE\bin;C:\Program Files (x86)\Razer Chroma SDK\bin;C:\Program Files\Razer Chroma SDK\bin;C:\Program Files (x86)\Razer\ChromaBroadcast\bin;C:\Program Files\Razer\ChromaBroadcast\bin;C:\Program Files\Common Files\Oracle\Java\javapath;C:\ProgramData\Oracle\Java\javapath;C:\Windows\system32;C:\Windows;C:\Windows\System32\Wbem;C:\Windows\System32\WindowsPowerShell\v1.0\;C:\Windows\System32\OpenSSH\;C:\Program Files\nodejs\;C:\Program Files\Git\cmd;C:\Program Files\Java\jdk-17.0.2\bin;C:\Maven\apache-maven-3.8.4\bin;C:\Users\Miguel\AppData\Local\Microsoft\WindowsApps;C:\Users\Miguel\AppData\Local\Programs\Microsoft VS Code\bin;C:\Users\Miguel\AppData\Roaming\npm;C:\Program Files (x86)\VERIFONE\FST;C:\Windows\system32\config\systemprofile\AppData\Local\Microsoft\WindowsApps;C:\Program Files (x86)\Windows Kits\10\Windows Performance Toolkit\;C:\Program Files (x86)\Microsoft SQL Server\160\Tools\Binn\;C:\Program Files\Microsoft SQL Server\160\Tools\Binn\;C:\Program Files\Microsoft SQL Server\Client SDK\ODBC\170\Tools\Binn\;C:\Program Files\Microsoft SQL Server\160\DTS\Binn\;C:\Program Files\MySQL\MySQL Shell 8.0\bin\;C:\Users\Miguel\AppData\Local\Microsoft\WindowsApps;;C:\Users\Miguel\AppData\Local\Programs\Microsoft VS Code\bin;C:\Users\Miguel\AppData\Roaming\npm
USERNAME=Miguel
OS=Windows_NT
PROCESSOR_IDENTIFIER=AMD64 Family 21 Model 2 Stepping 0, AuthenticAMD



---------------  S Y S T E M  ---------------

OS:
 Windows 10 , 64 bit Build 19041 (10.0.19041.3031)
OS uptime: 1 days 3:04 hours

CPU: total 6 (initial active 6) (6 cores per cpu, 1 threads per core) family 21 model 2 stepping 0 microcode 0x0, cx8, cmov, fxsr, mmx, 3dnowpref, sse, sse2, sse3, ssse3, sse4a, sse4.1, sse4.2, popcnt, lzcnt, tsc, tscinvbit, avx, aes, clmul, bmi1, fma, vzeroupper, clflush

Memory: 4k page, system-wide physical 8149M (687M free)
TotalPageFile size 15317M (AvailPageFile size 87M)
current process WorkingSet (physical memory assigned to process): 12M, peak: 12M
current process commit charge ("private bytes"): 57M, peak: 184M

vm_info: Java HotSpot(TM) 64-Bit Server VM (17.0.2+8-LTS-86) for windows-amd64 JRE (17.0.2+8-LTS-86), built on Dec  7 2021 21:51:03 by "mach5one" with MS VC++ 16.8 / 16.9 (VS2019)

END.
